{"/data/upstream/node-http2/lib/utils.js":{"path":"/data/upstream/node-http2/lib/utils.js","s":{"1":1,"2":77,"3":77,"4":411,"5":77,"6":77,"7":411,"8":77,"9":1,"10":14,"11":14,"12":14,"13":16,"14":16,"15":16,"16":14,"17":1,"18":12,"19":12,"20":0,"21":12,"22":1,"23":1},"b":{},"f":{"1":77,"2":14,"3":12,"4":372},"fnMap":{"1":{"name":"concat","line":2,"loc":{"start":{"line":2,"column":17},"end":{"line":2,"column":42}}},"2":{"name":"cut","line":17,"loc":{"start":{"line":17,"column":14},"end":{"line":17,"column":41}}},"3":{"name":"shallow_copy","line":29,"loc":{"start":{"line":29,"column":23},"end":{"line":29,"column":53}}},"4":{"name":"noop","line":38,"loc":{"start":{"line":38,"column":0},"end":{"line":38,"column":16}}}},"statementMap":{"1":{"start":{"line":2,"column":0},"end":{"line":14,"column":2}},"2":{"start":{"line":3,"column":2},"end":{"line":3,"column":15}},"3":{"start":{"line":4,"column":2},"end":{"line":6,"column":3}},"4":{"start":{"line":5,"column":4},"end":{"line":5,"column":30}},"5":{"start":{"line":8,"column":2},"end":{"line":8,"column":38}},"6":{"start":{"line":9,"column":2},"end":{"line":11,"column":3}},"7":{"start":{"line":10,"column":4},"end":{"line":10,"column":42}},"8":{"start":{"line":13,"column":2},"end":{"line":13,"column":22}},"9":{"start":{"line":17,"column":0},"end":{"line":26,"column":2}},"10":{"start":{"line":18,"column":2},"end":{"line":18,"column":18}},"11":{"start":{"line":19,"column":2},"end":{"line":19,"column":17}},"12":{"start":{"line":20,"column":2},"end":{"line":24,"column":34}},"13":{"start":{"line":21,"column":4},"end":{"line":21,"column":60}},"14":{"start":{"line":22,"column":4},"end":{"line":22,"column":59}},"15":{"start":{"line":23,"column":4},"end":{"line":23,"column":25}},"16":{"start":{"line":25,"column":2},"end":{"line":25,"column":16}},"17":{"start":{"line":29,"column":0},"end":{"line":35,"column":2}},"18":{"start":{"line":30,"column":2},"end":{"line":30,"column":17}},"19":{"start":{"line":31,"column":2},"end":{"line":33,"column":3}},"20":{"start":{"line":32,"column":4},"end":{"line":32,"column":29}},"21":{"start":{"line":34,"column":2},"end":{"line":34,"column":15}},"22":{"start":{"line":38,"column":0},"end":{"line":38,"column":18}},"23":{"start":{"line":39,"column":0},"end":{"line":39,"column":20}}},"branchMap":{}},"/data/upstream/node-http2/lib/compressor.js":{"path":"/data/upstream/node-http2/lib/compressor.js","s":{"1":1,"2":1,"3":1,"4":1,"5":1,"6":1,"7":1,"8":1,"9":10,"10":10,"11":10,"12":10,"13":1,"14":1421,"15":1,"16":43,"17":136,"18":1,"19":43,"20":43,"21":154,"22":98,"23":43,"24":98,"25":98,"26":1,"27":172,"28":172,"29":52,"30":52,"31":139,"32":52,"33":2,"34":2,"35":50,"36":120,"37":35,"38":85,"39":120,"40":119,"41":88,"42":31,"43":119,"44":119,"45":120,"46":1,"47":36,"48":90,"49":1,"50":58,"51":58,"52":58,"53":5,"54":5,"55":1,"56":57,"57":57,"58":1029,"59":57,"60":31,"61":31,"62":15,"63":42,"64":1,"65":24,"66":24,"67":42,"68":24,"69":24,"70":24,"71":1,"72":119,"73":119,"74":119,"75":2345,"76":192,"77":2345,"78":119,"79":218,"80":218,"81":1,"82":6,"83":6,"84":6,"85":6,"86":1,"87":1,"88":23,"89":23,"90":23,"91":23,"92":90,"93":23,"94":23,"95":23,"96":90,"97":90,"98":90,"99":17,"100":8,"101":9,"102":73,"103":23,"104":23,"105":1,"106":4,"107":4,"108":4,"109":4,"110":1,"111":1,"112":20,"113":20,"114":20,"115":20,"116":64,"117":64,"118":8,"119":24,"120":56,"121":20,"122":20,"123":20,"124":46,"125":24,"126":24,"127":24,"128":20,"129":80,"130":58,"131":58,"132":58,"133":20,"134":20,"135":82,"136":20,"137":20,"138":20,"139":1,"140":216,"141":216,"142":88,"143":128,"144":128,"145":2,"146":128,"147":128,"148":128,"149":136,"150":136,"151":136,"152":8,"153":136,"154":136,"155":128,"156":1,"157":234,"158":234,"159":234,"160":100,"161":234,"162":139,"163":139,"164":149,"165":149,"166":149,"167":234,"168":1,"169":110,"170":110,"171":110,"172":1,"173":115,"174":115,"175":115,"176":115,"177":1,"178":1,"179":90,"180":90,"181":27,"182":63,"183":1,"184":62,"185":46,"186":16,"187":90,"188":27,"189":63,"190":20,"191":43,"192":43,"193":63,"194":16,"195":63,"196":90,"197":90,"198":1,"199":98,"200":98,"201":98,"202":29,"203":69,"204":52,"205":2,"206":50,"207":17,"208":98,"209":29,"210":29,"211":69,"212":69,"213":44,"214":69,"215":17,"216":52,"217":50,"218":2,"219":69,"220":98,"221":1,"222":1,"223":4,"224":1,"225":14,"226":10,"227":10,"228":10,"229":12,"230":12,"231":10,"232":2,"233":2,"234":12,"235":4,"236":14,"237":1,"238":6,"239":6,"240":6,"241":6,"242":6,"243":1,"244":18,"245":3,"246":1,"247":3,"248":15,"249":11,"250":11,"251":11,"252":11,"253":4,"254":18,"255":10,"256":12,"257":10,"258":10,"259":10,"260":18,"261":1,"262":1},"b":{"1":[10,10],"2":[1421,121],"3":[52,120],"4":[2,50],"5":[35,85],"6":[119,1],"7":[88,31],"8":[5,53],"9":[1,4],"10":[31,26],"11":[15,16],"12":[24,18],"13":[192,2153],"14":[6,4],"15":[4,2],"16":[17,73],"17":[8,9],"18":[4,2],"19":[2,2],"20":[8,56],"21":[24,22],"22":[58,22],"23":[88,128],"24":[2,126],"25":[8,128],"26":[100,134],"27":[139,95],"28":[27,63],"29":[1,62],"30":[46,16],"31":[27,63],"32":[20,43],"33":[16,47],"34":[29,69],"35":[52,17],"36":[2,50],"37":[29,69],"38":[44,25],"39":[17,52],"40":[50,2],"41":[10,4],"42":[14,9],"43":[10,2],"44":[3,15],"45":[1,2],"46":[3,2],"47":[11,4],"48":[15,9],"49":[10,8],"50":[18,14,9]},"f":{"1":10,"2":1421,"3":43,"4":136,"5":43,"6":154,"7":98,"8":98,"9":172,"10":139,"11":36,"12":90,"13":58,"14":1029,"15":24,"16":119,"17":6,"18":23,"19":4,"20":20,"21":216,"22":234,"23":110,"24":115,"25":90,"26":98,"27":4,"28":14,"29":6,"30":18,"31":12},"fnMap":{"1":{"name":"CompressionContext","line":40,"loc":{"start":{"line":40,"column":0},"end":{"line":40,"column":42}}},"2":{"name":"(anonymous_2)","line":49,"loc":{"start":{"line":49,"column":27},"end":{"line":49,"column":50}}},"3":{"name":"getWorkingSet","line":54,"loc":{"start":{"line":54,"column":45},"end":{"line":54,"column":70}}},"4":{"name":"(anonymous_4)","line":55,"loc":{"start":{"line":55,"column":27},"end":{"line":55,"column":43}}},"5":{"name":"reinitialize","line":61,"loc":{"start":{"line":61,"column":44},"end":{"line":61,"column":68}}},"6":{"name":"(anonymous_6)","line":67,"loc":{"start":{"line":67,"column":41},"end":{"line":67,"column":57}}},"7":{"name":"(anonymous_7)","line":69,"loc":{"start":{"line":69,"column":9},"end":{"line":69,"column":25}}},"8":{"name":"(anonymous_8)","line":77,"loc":{"start":{"line":77,"column":38},"end":{"line":77,"column":53}}},"9":{"name":"execute","line":106,"loc":{"start":{"line":106,"column":39},"end":{"line":106,"column":65}}},"10":{"name":"(anonymous_10)","line":116,"loc":{"start":{"line":116,"column":40},"end":{"line":116,"column":56}}},"11":{"name":"(anonymous_11)","line":154,"loc":{"start":{"line":154,"column":43},"end":{"line":154,"column":59}}},"12":{"name":"(anonymous_12)","line":155,"loc":{"start":{"line":155,"column":28},"end":{"line":155,"column":44}}},"13":{"name":"(anonymous_13)","line":162,"loc":{"start":{"line":162,"column":50},"end":{"line":162,"column":65}}},"14":{"name":"(anonymous_14)","line":178,"loc":{"start":{"line":178,"column":38},"end":{"line":178,"column":54}}},"15":{"name":"(anonymous_15)","line":201,"loc":{"start":{"line":201,"column":53},"end":{"line":201,"column":68}}},"16":{"name":"(anonymous_16)","line":225,"loc":{"start":{"line":225,"column":49},"end":{"line":225,"column":60}}},"17":{"name":"Decompressor","line":247,"loc":{"start":{"line":247,"column":0},"end":{"line":247,"column":33}}},"18":{"name":"decompress","line":262,"loc":{"start":{"line":262,"column":36},"end":{"line":262,"column":64}}},"19":{"name":"Compressor","line":308,"loc":{"start":{"line":308,"column":0},"end":{"line":308,"column":31}}},"20":{"name":"compress","line":323,"loc":{"start":{"line":323,"column":32},"end":{"line":323,"column":59}}},"21":{"name":"writeInteger","line":393,"loc":{"start":{"line":393,"column":21},"end":{"line":393,"column":49}}},"22":{"name":"readInteger","line":434,"loc":{"start":{"line":434,"column":23},"end":{"line":434,"column":55}}},"23":{"name":"writeString","line":464,"loc":{"start":{"line":464,"column":20},"end":{"line":464,"column":46}}},"24":{"name":"readString","line":470,"loc":{"start":{"line":470,"column":22},"end":{"line":470,"column":50}}},"25":{"name":"writeString","line":523,"loc":{"start":{"line":523,"column":20},"end":{"line":523,"column":49}}},"26":{"name":"readString","line":559,"loc":{"start":{"line":559,"column":22},"end":{"line":559,"column":50}}},"27":{"name":"_initializeStream","line":624,"loc":{"start":{"line":624,"column":41},"end":{"line":624,"column":70}}},"28":{"name":"_transform","line":628,"loc":{"start":{"line":628,"column":34},"end":{"line":628,"column":77}}},"29":{"name":"_initializeStream","line":673,"loc":{"start":{"line":673,"column":43},"end":{"line":673,"column":72}}},"30":{"name":"_transform","line":682,"loc":{"start":{"line":682,"column":36},"end":{"line":682,"column":79}}},"31":{"name":"(anonymous_31)","line":710,"loc":{"start":{"line":710,"column":47},"end":{"line":710,"column":63}}}},"statementMap":{"1":{"start":{"line":16,"column":0},"end":{"line":16,"column":36}},"2":{"start":{"line":17,"column":0},"end":{"line":17,"column":35}},"3":{"start":{"line":18,"column":0},"end":{"line":18,"column":44}},"4":{"start":{"line":20,"column":0},"end":{"line":20,"column":48}},"5":{"start":{"line":21,"column":0},"end":{"line":21,"column":36}},"6":{"start":{"line":22,"column":0},"end":{"line":22,"column":32}},"7":{"start":{"line":38,"column":0},"end":{"line":38,"column":38}},"8":{"start":{"line":40,"column":0},"end":{"line":45,"column":1}},"9":{"start":{"line":41,"column":2},"end":{"line":41,"column":30}},"10":{"start":{"line":42,"column":2},"end":{"line":42,"column":52}},"11":{"start":{"line":43,"column":2},"end":{"line":43,"column":23}},"12":{"start":{"line":44,"column":2},"end":{"line":44,"column":21}},"13":{"start":{"line":49,"column":0},"end":{"line":51,"column":2}},"14":{"start":{"line":50,"column":2},"end":{"line":50,"column":88}},"15":{"start":{"line":54,"column":0},"end":{"line":58,"column":2}},"16":{"start":{"line":55,"column":2},"end":{"line":57,"column":5}},"17":{"start":{"line":56,"column":4},"end":{"line":56,"column":22}},"18":{"start":{"line":61,"column":0},"end":{"line":81,"column":2}},"19":{"start":{"line":62,"column":2},"end":{"line":62,"column":18}},"20":{"start":{"line":67,"column":2},"end":{"line":71,"column":5}},"21":{"start":{"line":68,"column":4},"end":{"line":68,"column":50}},"22":{"start":{"line":70,"column":4},"end":{"line":70,"column":22}},"23":{"start":{"line":77,"column":2},"end":{"line":80,"column":5}},"24":{"start":{"line":78,"column":4},"end":{"line":78,"column":42}},"25":{"start":{"line":79,"column":4},"end":{"line":79,"column":40}},"26":{"start":{"line":106,"column":0},"end":{"line":150,"column":2}},"27":{"start":{"line":107,"column":2},"end":{"line":107,"column":18}},"28":{"start":{"line":114,"column":2},"end":{"line":149,"column":3}},"29":{"start":{"line":115,"column":4},"end":{"line":115,"column":26}},"30":{"start":{"line":116,"column":4},"end":{"line":118,"column":7}},"31":{"start":{"line":117,"column":6},"end":{"line":117,"column":35}},"32":{"start":{"line":119,"column":4},"end":{"line":124,"column":5}},"33":{"start":{"line":120,"column":6},"end":{"line":120,"column":32}},"34":{"start":{"line":121,"column":6},"end":{"line":121,"column":55}},"35":{"start":{"line":123,"column":6},"end":{"line":123,"column":31}},"36":{"start":{"line":132,"column":4},"end":{"line":136,"column":5}},"37":{"start":{"line":133,"column":6},"end":{"line":133,"column":59}},"38":{"start":{"line":135,"column":6},"end":{"line":135,"column":43}},"39":{"start":{"line":138,"column":4},"end":{"line":146,"column":5}},"40":{"start":{"line":139,"column":6},"end":{"line":143,"column":7}},"41":{"start":{"line":140,"column":8},"end":{"line":140,"column":31}},"42":{"start":{"line":142,"column":8},"end":{"line":142,"column":51}},"43":{"start":{"line":144,"column":6},"end":{"line":144,"column":31}},"44":{"start":{"line":145,"column":6},"end":{"line":145,"column":40}},"45":{"start":{"line":148,"column":4},"end":{"line":148,"column":53}},"46":{"start":{"line":154,"column":0},"end":{"line":158,"column":2}},"47":{"start":{"line":155,"column":2},"end":{"line":157,"column":5}},"48":{"start":{"line":156,"column":4},"end":{"line":156,"column":33}},"49":{"start":{"line":162,"column":0},"end":{"line":197,"column":2}},"50":{"start":{"line":163,"column":2},"end":{"line":163,"column":56}},"51":{"start":{"line":165,"column":2},"end":{"line":165,"column":45}},"52":{"start":{"line":166,"column":2},"end":{"line":175,"column":3}},"53":{"start":{"line":167,"column":4},"end":{"line":167,"column":56}},"54":{"start":{"line":168,"column":4},"end":{"line":174,"column":5}},"55":{"start":{"line":169,"column":6},"end":{"line":173,"column":8}},"56":{"start":{"line":177,"column":2},"end":{"line":177,"column":35}},"57":{"start":{"line":178,"column":2},"end":{"line":180,"column":5}},"58":{"start":{"line":179,"column":4},"end":{"line":179,"column":43}},"59":{"start":{"line":181,"column":2},"end":{"line":190,"column":3}},"60":{"start":{"line":182,"column":4},"end":{"line":182,"column":56}},"61":{"start":{"line":183,"column":4},"end":{"line":189,"column":5}},"62":{"start":{"line":184,"column":6},"end":{"line":188,"column":8}},"63":{"start":{"line":192,"column":2},"end":{"line":196,"column":4}},"64":{"start":{"line":201,"column":0},"end":{"line":216,"column":2}},"65":{"start":{"line":202,"column":2},"end":{"line":202,"column":12}},"66":{"start":{"line":204,"column":2},"end":{"line":209,"column":3}},"67":{"start":{"line":205,"column":4},"end":{"line":208,"column":5}},"68":{"start":{"line":206,"column":6},"end":{"line":206,"column":31}},"69":{"start":{"line":207,"column":6},"end":{"line":207,"column":12}},"70":{"start":{"line":211,"column":2},"end":{"line":215,"column":4}},"71":{"start":{"line":225,"column":0},"end":{"line":238,"column":2}},"72":{"start":{"line":226,"column":2},"end":{"line":226,"column":26}},"73":{"start":{"line":227,"column":2},"end":{"line":227,"column":15}},"74":{"start":{"line":228,"column":2},"end":{"line":233,"column":3}},"75":{"start":{"line":229,"column":4},"end":{"line":231,"column":5}},"76":{"start":{"line":230,"column":6},"end":{"line":230,"column":80}},"77":{"start":{"line":232,"column":4},"end":{"line":232,"column":26}},"78":{"start":{"line":234,"column":2},"end":{"line":237,"column":3}},"79":{"start":{"line":235,"column":4},"end":{"line":235,"column":32}},"80":{"start":{"line":236,"column":4},"end":{"line":236,"column":25}},"81":{"start":{"line":247,"column":0},"end":{"line":255,"column":1}},"82":{"start":{"line":248,"column":2},"end":{"line":248,"column":73}},"83":{"start":{"line":250,"column":2},"end":{"line":251,"column":85}},"84":{"start":{"line":252,"column":2},"end":{"line":252,"column":56}},"85":{"start":{"line":254,"column":2},"end":{"line":254,"column":27}},"86":{"start":{"line":256,"column":0},"end":{"line":256,"column":102}},"87":{"start":{"line":262,"column":0},"end":{"line":299,"column":2}},"88":{"start":{"line":263,"column":2},"end":{"line":263,"column":69}},"89":{"start":{"line":267,"column":2},"end":{"line":267,"column":31}},"90":{"start":{"line":272,"column":2},"end":{"line":272,"column":20}},"91":{"start":{"line":273,"column":2},"end":{"line":275,"column":3}},"92":{"start":{"line":274,"column":4},"end":{"line":274,"column":55}},"93":{"start":{"line":279,"column":2},"end":{"line":279,"column":44}},"94":{"start":{"line":283,"column":2},"end":{"line":283,"column":19}},"95":{"start":{"line":284,"column":2},"end":{"line":296,"column":3}},"96":{"start":{"line":285,"column":4},"end":{"line":285,"column":27}},"97":{"start":{"line":286,"column":4},"end":{"line":286,"column":28}},"98":{"start":{"line":287,"column":4},"end":{"line":295,"column":5}},"99":{"start":{"line":288,"column":6},"end":{"line":292,"column":7}},"100":{"start":{"line":289,"column":8},"end":{"line":289,"column":34}},"101":{"start":{"line":291,"column":8},"end":{"line":291,"column":47}},"102":{"start":{"line":294,"column":6},"end":{"line":294,"column":28}},"103":{"start":{"line":297,"column":2},"end":{"line":297,"column":72}},"104":{"start":{"line":298,"column":2},"end":{"line":298,"column":17}},"105":{"start":{"line":308,"column":0},"end":{"line":316,"column":1}},"106":{"start":{"line":309,"column":2},"end":{"line":309,"column":71}},"107":{"start":{"line":311,"column":2},"end":{"line":312,"column":85}},"108":{"start":{"line":313,"column":2},"end":{"line":313,"column":56}},"109":{"start":{"line":315,"column":2},"end":{"line":315,"column":27}},"110":{"start":{"line":317,"column":0},"end":{"line":317,"column":98}},"111":{"start":{"line":323,"column":0},"end":{"line":374,"column":2}},"112":{"start":{"line":324,"column":2},"end":{"line":324,"column":71}},"113":{"start":{"line":325,"column":2},"end":{"line":325,"column":8}},"114":{"start":{"line":329,"column":2},"end":{"line":329,"column":17}},"115":{"start":{"line":330,"column":2},"end":{"line":339,"column":3}},"116":{"start":{"line":331,"column":4},"end":{"line":331,"column":30}},"117":{"start":{"line":332,"column":4},"end":{"line":338,"column":5}},"118":{"start":{"line":333,"column":6},"end":{"line":335,"column":7}},"119":{"start":{"line":334,"column":8},"end":{"line":334,"column":37}},"120":{"start":{"line":337,"column":6},"end":{"line":337,"column":32}},"121":{"start":{"line":343,"column":2},"end":{"line":343,"column":31}},"122":{"start":{"line":344,"column":2},"end":{"line":344,"column":70}},"123":{"start":{"line":347,"column":2},"end":{"line":353,"column":3}},"124":{"start":{"line":348,"column":4},"end":{"line":352,"column":5}},"125":{"start":{"line":349,"column":6},"end":{"line":349,"column":64}},"126":{"start":{"line":350,"column":6},"end":{"line":350,"column":37}},"127":{"start":{"line":351,"column":6},"end":{"line":351,"column":29}},"128":{"start":{"line":356,"column":2},"end":{"line":362,"column":3}},"129":{"start":{"line":357,"column":4},"end":{"line":361,"column":5}},"130":{"start":{"line":358,"column":6},"end":{"line":358,"column":59}},"131":{"start":{"line":359,"column":6},"end":{"line":359,"column":37}},"132":{"start":{"line":360,"column":6},"end":{"line":360,"column":29}},"133":{"start":{"line":365,"column":2},"end":{"line":365,"column":19}},"134":{"start":{"line":366,"column":2},"end":{"line":368,"column":3}},"135":{"start":{"line":367,"column":4},"end":{"line":367,"column":49}},"136":{"start":{"line":370,"column":2},"end":{"line":370,"column":71}},"137":{"start":{"line":372,"column":2},"end":{"line":372,"column":66}},"138":{"start":{"line":373,"column":2},"end":{"line":373,"column":16}},"139":{"start":{"line":393,"column":0},"end":{"line":419,"column":2}},"140":{"start":{"line":394,"column":2},"end":{"line":394,"column":32}},"141":{"start":{"line":395,"column":2},"end":{"line":397,"column":3}},"142":{"start":{"line":396,"column":4},"end":{"line":396,"column":29}},"143":{"start":{"line":399,"column":2},"end":{"line":399,"column":17}},"144":{"start":{"line":400,"column":2},"end":{"line":402,"column":3}},"145":{"start":{"line":401,"column":4},"end":{"line":401,"column":22}},"146":{"start":{"line":403,"column":2},"end":{"line":403,"column":13}},"147":{"start":{"line":405,"column":2},"end":{"line":405,"column":15}},"148":{"start":{"line":406,"column":2},"end":{"line":416,"column":3}},"149":{"start":{"line":407,"column":4},"end":{"line":407,"column":28}},"150":{"start":{"line":408,"column":4},"end":{"line":408,"column":16}},"151":{"start":{"line":410,"column":4},"end":{"line":412,"column":5}},"152":{"start":{"line":411,"column":6},"end":{"line":411,"column":15}},"153":{"start":{"line":413,"column":4},"end":{"line":413,"column":18}},"154":{"start":{"line":415,"column":4},"end":{"line":415,"column":10}},"155":{"start":{"line":418,"column":2},"end":{"line":418,"column":29}},"156":{"start":{"line":434,"column":0},"end":{"line":452,"column":2}},"157":{"start":{"line":435,"column":2},"end":{"line":435,"column":32}},"158":{"start":{"line":437,"column":2},"end":{"line":437,"column":40}},"159":{"start":{"line":438,"column":2},"end":{"line":440,"column":3}},"160":{"start":{"line":439,"column":4},"end":{"line":439,"column":23}},"161":{"start":{"line":442,"column":2},"end":{"line":449,"column":3}},"162":{"start":{"line":443,"column":4},"end":{"line":443,"column":14}},"163":{"start":{"line":444,"column":4},"end":{"line":448,"column":46}},"164":{"start":{"line":445,"column":6},"end":{"line":445,"column":46}},"165":{"start":{"line":446,"column":6},"end":{"line":446,"column":13}},"166":{"start":{"line":447,"column":6},"end":{"line":447,"column":25}},"167":{"start":{"line":451,"column":2},"end":{"line":451,"column":11}},"168":{"start":{"line":464,"column":0},"end":{"line":468,"column":2}},"169":{"start":{"line":465,"column":2},"end":{"line":465,"column":47}},"170":{"start":{"line":466,"column":2},"end":{"line":466,"column":68}},"171":{"start":{"line":467,"column":2},"end":{"line":467,"column":47}},"172":{"start":{"line":470,"column":0},"end":{"line":475,"column":2}},"173":{"start":{"line":471,"column":2},"end":{"line":471,"column":47}},"174":{"start":{"line":472,"column":2},"end":{"line":472,"column":75}},"175":{"start":{"line":473,"column":2},"end":{"line":473,"column":26}},"176":{"start":{"line":474,"column":2},"end":{"line":474,"column":13}},"177":{"start":{"line":516,"column":0},"end":{"line":521,"column":2}},"178":{"start":{"line":523,"column":0},"end":{"line":557,"column":2}},"179":{"start":{"line":524,"column":2},"end":{"line":524,"column":35}},"180":{"start":{"line":526,"column":2},"end":{"line":534,"column":3}},"181":{"start":{"line":527,"column":4},"end":{"line":527,"column":45}},"182":{"start":{"line":528,"column":9},"end":{"line":534,"column":3}},"183":{"start":{"line":529,"column":4},"end":{"line":529,"column":45}},"184":{"start":{"line":530,"column":9},"end":{"line":534,"column":3}},"185":{"start":{"line":531,"column":4},"end":{"line":531,"column":57}},"186":{"start":{"line":533,"column":4},"end":{"line":533,"column":58}},"187":{"start":{"line":536,"column":2},"end":{"line":552,"column":3}},"188":{"start":{"line":537,"column":4},"end":{"line":537,"column":74}},"189":{"start":{"line":540,"column":4},"end":{"line":545,"column":5}},"190":{"start":{"line":541,"column":6},"end":{"line":541,"column":79}},"191":{"start":{"line":543,"column":6},"end":{"line":543,"column":65}},"192":{"start":{"line":544,"column":6},"end":{"line":544,"column":51}},"193":{"start":{"line":547,"column":4},"end":{"line":549,"column":5}},"194":{"start":{"line":548,"column":6},"end":{"line":548,"column":56}},"195":{"start":{"line":551,"column":4},"end":{"line":551,"column":50}},"196":{"start":{"line":554,"column":2},"end":{"line":554,"column":45}},"197":{"start":{"line":556,"column":2},"end":{"line":556,"column":51}},"198":{"start":{"line":559,"column":0},"end":{"line":597,"column":2}},"199":{"start":{"line":560,"column":2},"end":{"line":560,"column":34}},"200":{"start":{"line":562,"column":2},"end":{"line":562,"column":41}},"201":{"start":{"line":563,"column":2},"end":{"line":573,"column":3}},"202":{"start":{"line":564,"column":4},"end":{"line":564,"column":45}},"203":{"start":{"line":565,"column":9},"end":{"line":573,"column":3}},"204":{"start":{"line":566,"column":4},"end":{"line":570,"column":5}},"205":{"start":{"line":567,"column":6},"end":{"line":567,"column":47}},"206":{"start":{"line":569,"column":6},"end":{"line":569,"column":59}},"207":{"start":{"line":572,"column":4},"end":{"line":572,"column":58}},"208":{"start":{"line":575,"column":2},"end":{"line":594,"column":3}},"209":{"start":{"line":576,"column":4},"end":{"line":576,"column":85}},"210":{"start":{"line":577,"column":4},"end":{"line":577,"column":22}},"211":{"start":{"line":580,"column":4},"end":{"line":580,"column":74}},"212":{"start":{"line":581,"column":4},"end":{"line":583,"column":5}},"213":{"start":{"line":582,"column":6},"end":{"line":582,"column":48}},"214":{"start":{"line":585,"column":4},"end":{"line":591,"column":5}},"215":{"start":{"line":586,"column":6},"end":{"line":586,"column":53}},"216":{"start":{"line":587,"column":11},"end":{"line":591,"column":5}},"217":{"start":{"line":588,"column":6},"end":{"line":588,"column":30}},"218":{"start":{"line":590,"column":6},"end":{"line":590,"column":24}},"219":{"start":{"line":593,"column":4},"end":{"line":593,"column":47}},"220":{"start":{"line":596,"column":2},"end":{"line":596,"column":16}},"221":{"start":{"line":621,"column":0},"end":{"line":621,"column":34}},"222":{"start":{"line":624,"column":0},"end":{"line":626,"column":2}},"223":{"start":{"line":625,"column":2},"end":{"line":625,"column":45}},"224":{"start":{"line":628,"column":0},"end":{"line":665,"column":2}},"225":{"start":{"line":630,"column":2},"end":{"line":662,"column":3}},"226":{"start":{"line":632,"column":4},"end":{"line":632,"column":46}},"227":{"start":{"line":635,"column":4},"end":{"line":635,"column":58}},"228":{"start":{"line":640,"column":4},"end":{"line":656,"column":5}},"229":{"start":{"line":641,"column":6},"end":{"line":641,"column":50}},"230":{"start":{"line":642,"column":6},"end":{"line":647,"column":7}},"231":{"start":{"line":643,"column":8},"end":{"line":643,"column":42}},"232":{"start":{"line":645,"column":8},"end":{"line":645,"column":43}},"233":{"start":{"line":646,"column":8},"end":{"line":646,"column":36}},"234":{"start":{"line":649,"column":6},"end":{"line":655,"column":9}},"235":{"start":{"line":661,"column":4},"end":{"line":661,"column":21}},"236":{"start":{"line":664,"column":2},"end":{"line":664,"column":9}},"237":{"start":{"line":673,"column":0},"end":{"line":679,"column":2}},"238":{"start":{"line":674,"column":2},"end":{"line":674,"column":45}},"239":{"start":{"line":675,"column":2},"end":{"line":675,"column":28}},"240":{"start":{"line":676,"column":2},"end":{"line":676,"column":25}},"241":{"start":{"line":677,"column":2},"end":{"line":677,"column":27}},"242":{"start":{"line":678,"column":2},"end":{"line":678,"column":27}},"243":{"start":{"line":682,"column":0},"end":{"line":725,"column":2}},"244":{"start":{"line":685,"column":2},"end":{"line":704,"column":3}},"245":{"start":{"line":686,"column":4},"end":{"line":688,"column":5}},"246":{"start":{"line":687,"column":6},"end":{"line":687,"column":97}},"247":{"start":{"line":689,"column":4},"end":{"line":689,"column":29}},"248":{"start":{"line":694,"column":7},"end":{"line":704,"column":3}},"249":{"start":{"line":695,"column":4},"end":{"line":695,"column":29}},"250":{"start":{"line":696,"column":4},"end":{"line":696,"column":28}},"251":{"start":{"line":697,"column":4},"end":{"line":697,"column":32}},"252":{"start":{"line":698,"column":4},"end":{"line":698,"column":27}},"253":{"start":{"line":703,"column":4},"end":{"line":703,"column":21}},"254":{"start":{"line":709,"column":2},"end":{"line":722,"column":3}},"255":{"start":{"line":710,"column":4},"end":{"line":712,"column":8}},"256":{"start":{"line":711,"column":6},"end":{"line":711,"column":24}},"257":{"start":{"line":713,"column":4},"end":{"line":713,"column":42}},"258":{"start":{"line":714,"column":4},"end":{"line":720,"column":7}},"259":{"start":{"line":721,"column":4},"end":{"line":721,"column":30}},"260":{"start":{"line":724,"column":2},"end":{"line":724,"column":9}},"261":{"start":{"line":730,"column":0},"end":{"line":769,"column":2}},"262":{"start":{"line":771,"column":0},"end":{"line":807,"column":2}}},"branchMap":{"1":{"line":42,"type":"binary-expr","locations":[{"start":{"line":42,"column":16},"end":{"line":42,"column":21}},{"start":{"line":42,"column":25},"end":{"line":42,"column":51}}]},"2":{"line":50,"type":"binary-expr","locations":[{"start":{"line":50,"column":10},"end":{"line":50,"column":59}},{"start":{"line":50,"column":65},"end":{"line":50,"column":86}}]},"3":{"line":114,"type":"if","locations":[{"start":{"line":114,"column":2},"end":{"line":114,"column":2}},{"start":{"line":114,"column":2},"end":{"line":114,"column":2}}]},"4":{"line":119,"type":"if","locations":[{"start":{"line":119,"column":4},"end":{"line":119,"column":4}},{"start":{"line":119,"column":4},"end":{"line":119,"column":4}}]},"5":{"line":132,"type":"if","locations":[{"start":{"line":132,"column":4},"end":{"line":132,"column":4}},{"start":{"line":132,"column":4},"end":{"line":132,"column":4}}]},"6":{"line":138,"type":"if","locations":[{"start":{"line":138,"column":4},"end":{"line":138,"column":4}},{"start":{"line":138,"column":4},"end":{"line":138,"column":4}}]},"7":{"line":139,"type":"if","locations":[{"start":{"line":139,"column":6},"end":{"line":139,"column":6}},{"start":{"line":139,"column":6},"end":{"line":139,"column":6}}]},"8":{"line":166,"type":"if","locations":[{"start":{"line":166,"column":2},"end":{"line":166,"column":2}},{"start":{"line":166,"column":2},"end":{"line":166,"column":2}}]},"9":{"line":168,"type":"if","locations":[{"start":{"line":168,"column":4},"end":{"line":168,"column":4}},{"start":{"line":168,"column":4},"end":{"line":168,"column":4}}]},"10":{"line":181,"type":"if","locations":[{"start":{"line":181,"column":2},"end":{"line":181,"column":2}},{"start":{"line":181,"column":2},"end":{"line":181,"column":2}}]},"11":{"line":183,"type":"if","locations":[{"start":{"line":183,"column":4},"end":{"line":183,"column":4}},{"start":{"line":183,"column":4},"end":{"line":183,"column":4}}]},"12":{"line":205,"type":"if","locations":[{"start":{"line":205,"column":4},"end":{"line":205,"column":4}},{"start":{"line":205,"column":4},"end":{"line":205,"column":4}}]},"13":{"line":229,"type":"if","locations":[{"start":{"line":229,"column":4},"end":{"line":229,"column":4}},{"start":{"line":229,"column":4},"end":{"line":229,"column":4}}]},"14":{"line":248,"type":"binary-expr","locations":[{"start":{"line":248,"column":15},"end":{"line":248,"column":18}},{"start":{"line":248,"column":22},"end":{"line":248,"column":34}}]},"15":{"line":250,"type":"cond-expr","locations":[{"start":{"line":250,"column":45},"end":{"line":250,"column":83}},{"start":{"line":251,"column":45},"end":{"line":251,"column":84}}]},"16":{"line":287,"type":"if","locations":[{"start":{"line":287,"column":4},"end":{"line":287,"column":4}},{"start":{"line":287,"column":4},"end":{"line":287,"column":4}}]},"17":{"line":288,"type":"if","locations":[{"start":{"line":288,"column":6},"end":{"line":288,"column":6}},{"start":{"line":288,"column":6},"end":{"line":288,"column":6}}]},"18":{"line":309,"type":"binary-expr","locations":[{"start":{"line":309,"column":15},"end":{"line":309,"column":18}},{"start":{"line":309,"column":22},"end":{"line":309,"column":34}}]},"19":{"line":311,"type":"cond-expr","locations":[{"start":{"line":311,"column":45},"end":{"line":311,"column":83}},{"start":{"line":312,"column":45},"end":{"line":312,"column":84}}]},"20":{"line":332,"type":"if","locations":[{"start":{"line":332,"column":4},"end":{"line":332,"column":4}},{"start":{"line":332,"column":4},"end":{"line":332,"column":4}}]},"21":{"line":348,"type":"if","locations":[{"start":{"line":348,"column":4},"end":{"line":348,"column":4}},{"start":{"line":348,"column":4},"end":{"line":348,"column":4}}]},"22":{"line":357,"type":"if","locations":[{"start":{"line":357,"column":4},"end":{"line":357,"column":4}},{"start":{"line":357,"column":4},"end":{"line":357,"column":4}}]},"23":{"line":395,"type":"if","locations":[{"start":{"line":395,"column":2},"end":{"line":395,"column":2}},{"start":{"line":395,"column":2},"end":{"line":395,"column":2}}]},"24":{"line":400,"type":"if","locations":[{"start":{"line":400,"column":2},"end":{"line":400,"column":2}},{"start":{"line":400,"column":2},"end":{"line":400,"column":2}}]},"25":{"line":410,"type":"if","locations":[{"start":{"line":410,"column":4},"end":{"line":410,"column":4}},{"start":{"line":410,"column":4},"end":{"line":410,"column":4}}]},"26":{"line":438,"type":"if","locations":[{"start":{"line":438,"column":2},"end":{"line":438,"column":2}},{"start":{"line":438,"column":2},"end":{"line":438,"column":2}}]},"27":{"line":442,"type":"if","locations":[{"start":{"line":442,"column":2},"end":{"line":442,"column":2}},{"start":{"line":442,"column":2},"end":{"line":442,"column":2}}]},"28":{"line":526,"type":"if","locations":[{"start":{"line":526,"column":2},"end":{"line":526,"column":2}},{"start":{"line":526,"column":2},"end":{"line":526,"column":2}}]},"29":{"line":528,"type":"if","locations":[{"start":{"line":528,"column":9},"end":{"line":528,"column":9}},{"start":{"line":528,"column":9},"end":{"line":528,"column":9}}]},"30":{"line":530,"type":"if","locations":[{"start":{"line":530,"column":9},"end":{"line":530,"column":9}},{"start":{"line":530,"column":9},"end":{"line":530,"column":9}}]},"31":{"line":536,"type":"if","locations":[{"start":{"line":536,"column":2},"end":{"line":536,"column":2}},{"start":{"line":536,"column":2},"end":{"line":536,"column":2}}]},"32":{"line":540,"type":"if","locations":[{"start":{"line":540,"column":4},"end":{"line":540,"column":4}},{"start":{"line":540,"column":4},"end":{"line":540,"column":4}}]},"33":{"line":547,"type":"if","locations":[{"start":{"line":547,"column":4},"end":{"line":547,"column":4}},{"start":{"line":547,"column":4},"end":{"line":547,"column":4}}]},"34":{"line":563,"type":"if","locations":[{"start":{"line":563,"column":2},"end":{"line":563,"column":2}},{"start":{"line":563,"column":2},"end":{"line":563,"column":2}}]},"35":{"line":565,"type":"if","locations":[{"start":{"line":565,"column":9},"end":{"line":565,"column":9}},{"start":{"line":565,"column":9},"end":{"line":565,"column":9}}]},"36":{"line":566,"type":"if","locations":[{"start":{"line":566,"column":4},"end":{"line":566,"column":4}},{"start":{"line":566,"column":4},"end":{"line":566,"column":4}}]},"37":{"line":575,"type":"if","locations":[{"start":{"line":575,"column":2},"end":{"line":575,"column":2}},{"start":{"line":575,"column":2},"end":{"line":575,"column":2}}]},"38":{"line":581,"type":"if","locations":[{"start":{"line":581,"column":4},"end":{"line":581,"column":4}},{"start":{"line":581,"column":4},"end":{"line":581,"column":4}}]},"39":{"line":585,"type":"if","locations":[{"start":{"line":585,"column":4},"end":{"line":585,"column":4}},{"start":{"line":585,"column":4},"end":{"line":585,"column":4}}]},"40":{"line":587,"type":"if","locations":[{"start":{"line":587,"column":11},"end":{"line":587,"column":11}},{"start":{"line":587,"column":11},"end":{"line":587,"column":11}}]},"41":{"line":630,"type":"if","locations":[{"start":{"line":630,"column":2},"end":{"line":630,"column":2}},{"start":{"line":630,"column":2},"end":{"line":630,"column":2}}]},"42":{"line":630,"type":"binary-expr","locations":[{"start":{"line":630,"column":6},"end":{"line":630,"column":30}},{"start":{"line":630,"column":34},"end":{"line":630,"column":63}}]},"43":{"line":642,"type":"if","locations":[{"start":{"line":642,"column":6},"end":{"line":642,"column":6}},{"start":{"line":642,"column":6},"end":{"line":642,"column":6}}]},"44":{"line":685,"type":"if","locations":[{"start":{"line":685,"column":2},"end":{"line":685,"column":2}},{"start":{"line":685,"column":2},"end":{"line":685,"column":2}}]},"45":{"line":686,"type":"if","locations":[{"start":{"line":686,"column":4},"end":{"line":686,"column":4}},{"start":{"line":686,"column":4},"end":{"line":686,"column":4}}]},"46":{"line":686,"type":"binary-expr","locations":[{"start":{"line":686,"column":8},"end":{"line":686,"column":33}},{"start":{"line":686,"column":37},"end":{"line":686,"column":66}}]},"47":{"line":694,"type":"if","locations":[{"start":{"line":694,"column":7},"end":{"line":694,"column":7}},{"start":{"line":694,"column":7},"end":{"line":694,"column":7}}]},"48":{"line":694,"type":"binary-expr","locations":[{"start":{"line":694,"column":11},"end":{"line":694,"column":35}},{"start":{"line":694,"column":39},"end":{"line":694,"column":68}}]},"49":{"line":709,"type":"if","locations":[{"start":{"line":709,"column":2},"end":{"line":709,"column":2}},{"start":{"line":709,"column":2},"end":{"line":709,"column":2}}]},"50":{"line":709,"type":"binary-expr","locations":[{"start":{"line":709,"column":6},"end":{"line":709,"column":23}},{"start":{"line":709,"column":28},"end":{"line":709,"column":51}},{"start":{"line":709,"column":55},"end":{"line":709,"column":83}}]}}},"/data/upstream/node-http2/lib/logging.js":{"path":"/data/upstream/node-http2/lib/logging.js","s":{"1":1,"2":1,"3":1,"4":0,"5":0,"6":0,"7":1,"8":53,"9":1},"b":{"1":[0,1]},"f":{"1":53},"fnMap":{"1":{"name":"(anonymous_1)","line":24,"loc":{"start":{"line":24,"column":11},"end":{"line":24,"column":22}}}},"statementMap":{"1":{"start":{"line":1,"column":0},"end":{"line":1,"column":31}},"2":{"start":{"line":2,"column":0},"end":{"line":2,"column":22}},"3":{"start":{"line":4,"column":0},"end":{"line":28,"column":1}},"4":{"start":{"line":5,"column":2},"end":{"line":5,"column":33}},"5":{"start":{"line":7,"column":2},"end":{"line":11,"column":5}},"6":{"start":{"line":13,"column":2},"end":{"line":13,"column":49}},"7":{"start":{"line":16,"column":2},"end":{"line":25,"column":4}},"8":{"start":{"line":24,"column":24},"end":{"line":24,"column":36}},"9":{"start":{"line":27,"column":2},"end":{"line":27,"column":27}}},"branchMap":{"1":{"line":4,"type":"if","locations":[{"start":{"line":4,"column":0},"end":{"line":4,"column":0}},{"start":{"line":4,"column":0},"end":{"line":4,"column":0}}]}}},"/data/upstream/node-http2/lib/connection.js":{"path":"/data/upstream/node-http2/lib/connection.js","s":{"1":1,"2":1,"3":1,"4":1,"5":1,"6":1,"7":6,"8":6,"9":6,"10":6,"11":6,"12":6,"13":1,"14":1,"15":6,"16":6,"17":12,"18":12,"19":6,"20":6,"21":6,"22":6,"23":1,"24":2,"25":2,"26":2,"27":2,"28":2,"29":1,"30":1,"31":1,"32":1,"33":1,"34":26,"35":26,"36":26,"37":41,"38":41,"39":41,"40":16,"41":16,"42":26,"43":26,"44":26,"45":0,"46":0,"47":0,"48":0,"49":1,"50":16,"51":16,"52":1,"53":1,"54":1,"55":16,"56":16,"57":16,"58":1,"59":6,"60":6,"61":6,"62":6,"63":6,"64":6,"65":0,"66":6,"67":1,"68":1,"69":6,"70":6,"71":6,"72":1,"73":0,"74":0,"75":0,"76":0,"77":0,"78":1,"79":0,"80":0,"81":0,"82":0,"83":0,"84":1,"85":0,"86":0,"87":0,"88":0,"89":0,"90":0,"91":0,"92":0,"93":0,"94":1,"95":1,"96":1,"97":6,"98":6,"99":6,"100":1,"101":1,"102":0,"103":0,"104":1,"105":6,"106":1,"107":6,"108":6,"109":0,"110":6,"111":1,"112":16,"113":2,"114":0,"115":2,"116":16},"b":{"1":[6,2],"2":[67,41],"3":[41,0],"4":[26,0],"5":[0,0],"6":[1,15],"7":[6,0],"8":[6,6],"9":[0,0],"10":[0,0],"11":[6,0],"12":[2,14],"13":[16,16],"14":[0,2]},"f":{"1":6,"2":6,"3":12,"4":2,"5":1,"6":26,"7":16,"8":6,"9":6,"10":6,"11":6,"12":0,"13":0,"14":0,"15":0,"16":0,"17":6,"18":0,"19":6,"20":6,"21":16},"fnMap":{"1":{"name":"Connection","line":43,"loc":{"start":{"line":43,"column":0},"end":{"line":43,"column":50}}},"2":{"name":"_initializeStreamManagement","line":67,"loc":{"start":{"line":67,"column":51},"end":{"line":67,"column":103}}},"3":{"name":"(anonymous_3)","line":69,"loc":{"start":{"line":69,"column":25},"end":{"line":69,"column":57}}},"4":{"name":"_newStream","line":80,"loc":{"start":{"line":80,"column":34},"end":{"line":80,"column":58}}},"5":{"name":"createStream","line":88,"loc":{"start":{"line":88,"column":36},"end":{"line":88,"column":60}}},"6":{"name":"_read","line":97,"loc":{"start":{"line":97,"column":29},"end":{"line":97,"column":46}}},"7":{"name":"write","line":126,"loc":{"start":{"line":126,"column":30},"end":{"line":126,"column":68}}},"8":{"name":"_initializeSettingsManagement","line":145,"loc":{"start":{"line":145,"column":53},"end":{"line":145,"column":102}}},"9":{"name":"(anonymous_9)","line":154,"loc":{"start":{"line":154,"column":25},"end":{"line":154,"column":41}}},"10":{"name":"_receiveSettings","line":165,"loc":{"start":{"line":165,"column":40},"end":{"line":165,"column":73}}},"11":{"name":"_initializeLifecycleManagement","line":171,"loc":{"start":{"line":171,"column":54},"end":{"line":171,"column":96}}},"12":{"name":"_generatePingId","line":177,"loc":{"start":{"line":177,"column":39},"end":{"line":177,"column":66}}},"13":{"name":"ping","line":187,"loc":{"start":{"line":187,"column":28},"end":{"line":187,"column":52}}},"14":{"name":"_receivePing","line":202,"loc":{"start":{"line":202,"column":36},"end":{"line":202,"column":65}}},"15":{"name":"reset","line":225,"loc":{"start":{"line":225,"column":29},"end":{"line":225,"column":46}}},"16":{"name":"_receiveGoaway","line":228,"loc":{"start":{"line":228,"column":38},"end":{"line":228,"column":69}}},"17":{"name":"_initializeFlowControl","line":234,"loc":{"start":{"line":234,"column":46},"end":{"line":234,"column":80}}},"18":{"name":"setInitialWindowSize","line":257,"loc":{"start":{"line":257,"column":44},"end":{"line":257,"column":93}}},"19":{"name":"disableFlowControl","line":265,"loc":{"start":{"line":265,"column":42},"end":{"line":265,"column":72}}},"20":{"name":"_updateWindow","line":277,"loc":{"start":{"line":277,"column":37},"end":{"line":277,"column":67}}},"21":{"name":"_send","line":286,"loc":{"start":{"line":286,"column":29},"end":{"line":286,"column":51}}}},"statementMap":{"1":{"start":{"line":1,"column":0},"end":{"line":1,"column":33}},"2":{"start":{"line":2,"column":0},"end":{"line":2,"column":35}},"3":{"start":{"line":3,"column":0},"end":{"line":3,"column":41}},"4":{"start":{"line":4,"column":0},"end":{"line":4,"column":39}},"5":{"start":{"line":40,"column":0},"end":{"line":40,"column":32}},"6":{"start":{"line":43,"column":0},"end":{"line":61,"column":1}},"7":{"start":{"line":45,"column":2},"end":{"line":45,"column":42}},"8":{"start":{"line":48,"column":2},"end":{"line":48,"column":71}},"9":{"start":{"line":51,"column":2},"end":{"line":51,"column":50}},"10":{"start":{"line":54,"column":2},"end":{"line":54,"column":47}},"11":{"start":{"line":57,"column":2},"end":{"line":57,"column":40}},"12":{"start":{"line":60,"column":2},"end":{"line":60,"column":32}},"13":{"start":{"line":62,"column":0},"end":{"line":62,"column":95}},"14":{"start":{"line":67,"column":0},"end":{"line":78,"column":2}},"15":{"start":{"line":68,"column":2},"end":{"line":68,"column":51}},"16":{"start":{"line":69,"column":2},"end":{"line":72,"column":4}},"17":{"start":{"line":70,"column":4},"end":{"line":70,"column":33}},"18":{"start":{"line":71,"column":4},"end":{"line":71,"column":11}},"19":{"start":{"line":73,"column":2},"end":{"line":73,"column":35}},"20":{"start":{"line":74,"column":2},"end":{"line":74,"column":72}},"21":{"start":{"line":76,"column":2},"end":{"line":76,"column":47}},"22":{"start":{"line":77,"column":2},"end":{"line":77,"column":39}},"23":{"start":{"line":80,"column":0},"end":{"line":86,"column":2}},"24":{"start":{"line":81,"column":2},"end":{"line":81,"column":59}},"25":{"start":{"line":82,"column":2},"end":{"line":82,"column":52}},"26":{"start":{"line":83,"column":2},"end":{"line":83,"column":28}},"27":{"start":{"line":84,"column":2},"end":{"line":84,"column":74}},"28":{"start":{"line":85,"column":2},"end":{"line":85,"column":16}},"29":{"start":{"line":88,"column":0},"end":{"line":92,"column":2}},"30":{"start":{"line":89,"column":2},"end":{"line":89,"column":32}},"31":{"start":{"line":90,"column":2},"end":{"line":90,"column":28}},"32":{"start":{"line":91,"column":2},"end":{"line":91,"column":29}},"33":{"start":{"line":97,"column":0},"end":{"line":124,"column":2}},"34":{"start":{"line":98,"column":2},"end":{"line":98,"column":62}},"35":{"start":{"line":100,"column":2},"end":{"line":100,"column":40}},"36":{"start":{"line":101,"column":2},"end":{"line":109,"column":3}},"37":{"start":{"line":102,"column":4},"end":{"line":102,"column":30}},"38":{"start":{"line":103,"column":4},"end":{"line":108,"column":5}},"39":{"start":{"line":104,"column":6},"end":{"line":107,"column":7}},"40":{"start":{"line":105,"column":8},"end":{"line":105,"column":26}},"41":{"start":{"line":106,"column":8},"end":{"line":106,"column":40}},"42":{"start":{"line":111,"column":2},"end":{"line":123,"column":3}},"43":{"start":{"line":112,"column":4},"end":{"line":112,"column":76}},"44":{"start":{"line":113,"column":4},"end":{"line":113,"column":56}},"45":{"start":{"line":116,"column":7},"end":{"line":123,"column":3}},"46":{"start":{"line":117,"column":4},"end":{"line":117,"column":91}},"47":{"start":{"line":118,"column":4},"end":{"line":118,"column":54}},"48":{"start":{"line":122,"column":4},"end":{"line":122,"column":66}},"49":{"start":{"line":126,"column":0},"end":{"line":140,"column":2}},"50":{"start":{"line":127,"column":2},"end":{"line":127,"column":42}},"51":{"start":{"line":129,"column":2},"end":{"line":133,"column":3}},"52":{"start":{"line":130,"column":4},"end":{"line":130,"column":43}},"53":{"start":{"line":131,"column":4},"end":{"line":131,"column":41}},"54":{"start":{"line":132,"column":4},"end":{"line":132,"column":66}},"55":{"start":{"line":135,"column":2},"end":{"line":135,"column":32}},"56":{"start":{"line":137,"column":2},"end":{"line":137,"column":31}},"57":{"start":{"line":139,"column":2},"end":{"line":139,"column":9}},"58":{"start":{"line":145,"column":0},"end":{"line":163,"column":2}},"59":{"start":{"line":146,"column":2},"end":{"line":146,"column":28}},"60":{"start":{"line":148,"column":2},"end":{"line":148,"column":87}},"61":{"start":{"line":149,"column":2},"end":{"line":152,"column":5}},"62":{"start":{"line":154,"column":2},"end":{"line":160,"column":5}},"63":{"start":{"line":155,"column":4},"end":{"line":159,"column":5}},"64":{"start":{"line":156,"column":6},"end":{"line":156,"column":93}},"65":{"start":{"line":158,"column":6},"end":{"line":158,"column":19}},"66":{"start":{"line":162,"column":2},"end":{"line":162,"column":65}},"67":{"start":{"line":165,"column":0},"end":{"line":166,"column":2}},"68":{"start":{"line":171,"column":0},"end":{"line":175,"column":2}},"69":{"start":{"line":172,"column":2},"end":{"line":172,"column":19}},"70":{"start":{"line":173,"column":2},"end":{"line":173,"column":57}},"71":{"start":{"line":174,"column":2},"end":{"line":174,"column":61}},"72":{"start":{"line":177,"column":0},"end":{"line":185,"column":2}},"73":{"start":{"line":178,"column":2},"end":{"line":183,"column":32}},"74":{"start":{"line":179,"column":4},"end":{"line":179,"column":16}},"75":{"start":{"line":180,"column":4},"end":{"line":182,"column":5}},"76":{"start":{"line":181,"column":6},"end":{"line":181,"column":54}},"77":{"start":{"line":184,"column":2},"end":{"line":184,"column":12}},"78":{"start":{"line":187,"column":0},"end":{"line":200,"column":2}},"79":{"start":{"line":188,"column":2},"end":{"line":188,"column":34}},"80":{"start":{"line":189,"column":2},"end":{"line":189,"column":35}},"81":{"start":{"line":190,"column":2},"end":{"line":190,"column":29}},"82":{"start":{"line":192,"column":2},"end":{"line":193,"column":2}},"83":{"start":{"line":193,"column":2},"end":{"line":199,"column":5}},"84":{"start":{"line":202,"column":0},"end":{"line":223,"column":2}},"85":{"start":{"line":203,"column":2},"end":{"line":222,"column":3}},"86":{"start":{"line":204,"column":4},"end":{"line":204,"column":40}},"87":{"start":{"line":205,"column":4},"end":{"line":211,"column":5}},"88":{"start":{"line":206,"column":6},"end":{"line":206,"column":76}},"89":{"start":{"line":207,"column":6},"end":{"line":207,"column":24}},"90":{"start":{"line":208,"column":6},"end":{"line":208,"column":29}},"91":{"start":{"line":210,"column":6},"end":{"line":210,"column":74}},"92":{"start":{"line":214,"column":4},"end":{"line":215,"column":4}},"93":{"start":{"line":215,"column":4},"end":{"line":221,"column":7}},"94":{"start":{"line":225,"column":0},"end":{"line":226,"column":2}},"95":{"start":{"line":228,"column":0},"end":{"line":229,"column":2}},"96":{"start":{"line":234,"column":0},"end":{"line":247,"column":2}},"97":{"start":{"line":236,"column":2},"end":{"line":242,"column":5}},"98":{"start":{"line":245,"column":2},"end":{"line":245,"column":37}},"99":{"start":{"line":246,"column":2},"end":{"line":246,"column":67}},"100":{"start":{"line":251,"column":0},"end":{"line":251,"column":32}},"101":{"start":{"line":257,"column":0},"end":{"line":260,"column":2}},"102":{"start":{"line":258,"column":2},"end":{"line":258,"column":76}},"103":{"start":{"line":259,"column":2},"end":{"line":259,"column":46}},"104":{"start":{"line":265,"column":0},"end":{"line":267,"column":2}},"105":{"start":{"line":266,"column":2},"end":{"line":266,"column":26}},"106":{"start":{"line":277,"column":0},"end":{"line":284,"column":2}},"107":{"start":{"line":278,"column":2},"end":{"line":282,"column":3}},"108":{"start":{"line":279,"column":4},"end":{"line":279,"column":30}},"109":{"start":{"line":281,"column":4},"end":{"line":281,"column":38}},"110":{"start":{"line":283,"column":2},"end":{"line":283,"column":29}},"111":{"start":{"line":286,"column":0},"end":{"line":295,"column":2}},"112":{"start":{"line":287,"column":2},"end":{"line":292,"column":3}},"113":{"start":{"line":288,"column":4},"end":{"line":290,"column":5}},"114":{"start":{"line":289,"column":6},"end":{"line":289,"column":18}},"115":{"start":{"line":291,"column":4},"end":{"line":291,"column":38}},"116":{"start":{"line":294,"column":2},"end":{"line":294,"column":26}}},"branchMap":{"1":{"line":48,"type":"binary-expr","locations":[{"start":{"line":48,"column":15},"end":{"line":48,"column":18}},{"start":{"line":48,"column":22},"end":{"line":48,"column":34}}]},"2":{"line":101,"type":"binary-expr","locations":[{"start":{"line":101,"column":19},"end":{"line":101,"column":43}},{"start":{"line":101,"column":47},"end":{"line":101,"column":58}}]},"3":{"line":103,"type":"if","locations":[{"start":{"line":103,"column":4},"end":{"line":103,"column":4}},{"start":{"line":103,"column":4},"end":{"line":103,"column":4}}]},"4":{"line":111,"type":"if","locations":[{"start":{"line":111,"column":2},"end":{"line":111,"column":2}},{"start":{"line":111,"column":2},"end":{"line":111,"column":2}}]},"5":{"line":116,"type":"if","locations":[{"start":{"line":116,"column":7},"end":{"line":116,"column":7}},{"start":{"line":116,"column":7},"end":{"line":116,"column":7}}]},"6":{"line":129,"type":"if","locations":[{"start":{"line":129,"column":2},"end":{"line":129,"column":2}},{"start":{"line":129,"column":2},"end":{"line":129,"column":2}}]},"7":{"line":155,"type":"if","locations":[{"start":{"line":155,"column":4},"end":{"line":155,"column":4}},{"start":{"line":155,"column":4},"end":{"line":155,"column":4}}]},"8":{"line":155,"type":"binary-expr","locations":[{"start":{"line":155,"column":8},"end":{"line":155,"column":26}},{"start":{"line":155,"column":30},"end":{"line":155,"column":55}}]},"9":{"line":203,"type":"if","locations":[{"start":{"line":203,"column":2},"end":{"line":203,"column":2}},{"start":{"line":203,"column":2},"end":{"line":203,"column":2}}]},"10":{"line":205,"type":"if","locations":[{"start":{"line":205,"column":4},"end":{"line":205,"column":4}},{"start":{"line":205,"column":4},"end":{"line":205,"column":4}}]},"11":{"line":278,"type":"if","locations":[{"start":{"line":278,"column":2},"end":{"line":278,"column":2}},{"start":{"line":278,"column":2},"end":{"line":278,"column":2}}]},"12":{"line":287,"type":"if","locations":[{"start":{"line":287,"column":2},"end":{"line":287,"column":2}},{"start":{"line":287,"column":2},"end":{"line":287,"column":2}}]},"13":{"line":287,"type":"binary-expr","locations":[{"start":{"line":287,"column":6},"end":{"line":287,"column":11}},{"start":{"line":287,"column":15},"end":{"line":287,"column":36}}]},"14":{"line":288,"type":"if","locations":[{"start":{"line":288,"column":4},"end":{"line":288,"column":4}},{"start":{"line":288,"column":4},"end":{"line":288,"column":4}}]}}},"/data/upstream/node-http2/lib/stream.js":{"path":"/data/upstream/node-http2/lib/stream.js","s":{"1":1,"2":1,"3":1,"4":1,"5":1,"6":1,"7":23,"8":23,"9":23,"10":23,"11":23,"12":23,"13":1,"14":1,"15":23,"16":29,"17":4,"18":25,"19":7,"20":7,"21":23,"22":0,"23":1,"24":1,"25":1,"26":5,"27":5,"28":1,"29":17,"30":1,"31":23,"32":23,"33":23,"34":23,"35":23,"36":23,"37":23,"38":29,"39":29,"40":29,"41":1,"42":27,"43":27,"44":27,"45":23,"46":1,"47":23,"48":23,"49":27,"50":27,"51":27,"52":23,"53":1,"54":1,"55":5,"56":5,"57":0,"58":5,"59":5,"60":1,"61":23,"62":23,"63":23,"64":1,"65":18,"66":18,"67":18,"68":18,"69":1,"70":56,"71":56,"72":56,"73":9,"74":4,"75":4,"76":1,"77":5,"78":2,"79":3,"80":9,"81":6,"82":1,"83":5,"84":0,"85":5,"86":6,"87":5,"88":0,"89":5,"90":1,"91":4,"92":5,"93":4,"94":3,"95":1,"96":0,"97":4,"98":5,"99":3,"100":2,"101":0,"102":5,"103":10,"104":3,"105":7,"106":5,"107":10,"108":17,"109":0,"110":17,"111":0,"112":17,"113":56,"114":17,"115":17,"116":0,"117":0,"118":17,"119":17,"120":17,"121":1,"122":23,"123":23,"124":23,"125":23,"126":1,"127":1,"128":0,"129":0,"130":1,"131":0,"132":1,"133":29,"134":4,"135":0,"136":4,"137":4,"138":1,"139":4,"140":4,"141":4,"142":4,"143":4,"144":4,"145":4,"146":4,"147":4,"148":0,"149":1,"150":29,"151":10,"152":29,"153":5},"b":{"1":[23,21],"2":[4,25],"3":[7,18],"4":[27,23],"5":[23,4],"6":[0,5],"7":[18,0],"8":[9,6,5,4,5,10,17],"9":[4,5],"10":[1,3],"11":[1,0],"12":[2,3],"13":[1,1],"14":[1,5],"15":[6,1],"16":[0,5],"17":[5,0],"18":[0,5],"19":[1,4],"20":[5,5],"21":[3,1],"22":[1,2],"23":[0,1],"24":[3,2],"25":[5,5,5],"26":[0,2],"27":[3,7],"28":[10,10,5],"29":[5,2],"30":[0,17],"31":[17,0],"32":[0,17],"33":[17,17],"34":[17,39],"35":[0,17],"36":[4,25],"37":[0,4],"38":[8,4],"39":[4,0],"40":[10,19],"41":[5,24]},"f":{"1":23,"2":23,"3":29,"4":0,"5":1,"6":5,"7":17,"8":23,"9":29,"10":27,"11":23,"12":5,"13":23,"14":18,"15":56,"16":23,"17":0,"18":0,"19":29,"20":4,"21":29},"fnMap":{"1":{"name":"Stream","line":15,"loc":{"start":{"line":15,"column":0},"end":{"line":15,"column":21}}},"2":{"name":"_initializeManagement","line":42,"loc":{"start":{"line":42,"column":41},"end":{"line":42,"column":74}}},"3":{"name":"(anonymous_3)","line":43,"loc":{"start":{"line":43,"column":32},"end":{"line":43,"column":48}}},"4":{"name":"(anonymous_4)","line":51,"loc":{"start":{"line":51,"column":19},"end":{"line":51,"column":30}}},"5":{"name":"promise","line":59,"loc":{"start":{"line":59,"column":27},"end":{"line":59,"column":53}}},"6":{"name":"open","line":66,"loc":{"start":{"line":66,"column":24},"end":{"line":66,"column":57}}},"7":{"name":"reset","line":75,"loc":{"start":{"line":75,"column":25},"end":{"line":75,"column":47}}},"8":{"name":"_initializeUpstream","line":89,"loc":{"start":{"line":89,"column":39},"end":{"line":89,"column":70}}},"9":{"name":"(anonymous_9)","line":99,"loc":{"start":{"line":99,"column":25},"end":{"line":99,"column":57}}},"10":{"name":"_send","line":108,"loc":{"start":{"line":108,"column":25},"end":{"line":108,"column":47}}},"11":{"name":"_flush","line":116,"loc":{"start":{"line":116,"column":26},"end":{"line":116,"column":44}}},"12":{"name":"_finishing","line":132,"loc":{"start":{"line":132,"column":30},"end":{"line":132,"column":52}}},"13":{"name":"_initializeState","line":176,"loc":{"start":{"line":176,"column":36},"end":{"line":176,"column":64}}},"14":{"name":"transition","line":184,"loc":{"start":{"line":184,"column":29},"end":{"line":184,"column":56}}},"15":{"name":"transition","line":195,"loc":{"start":{"line":195,"column":31},"end":{"line":195,"column":67}}},"16":{"name":"_initializeFlowControl","line":351,"loc":{"start":{"line":351,"column":42},"end":{"line":351,"column":76}}},"17":{"name":"setInitialWindowSize","line":367,"loc":{"start":{"line":367,"column":40},"end":{"line":367,"column":89}}},"18":{"name":"disableFlowControl","line":375,"loc":{"start":{"line":375,"column":38},"end":{"line":375,"column":68}}},"19":{"name":"_updateWindow","line":387,"loc":{"start":{"line":387,"column":33},"end":{"line":387,"column":63}}},"20":{"name":"_write","line":399,"loc":{"start":{"line":399,"column":26},"end":{"line":399,"column":66}}},"21":{"name":"_receiveData","line":433,"loc":{"start":{"line":433,"column":32},"end":{"line":433,"column":61}}}},"statementMap":{"1":{"start":{"line":1,"column":0},"end":{"line":1,"column":33}},"2":{"start":{"line":2,"column":0},"end":{"line":2,"column":35}},"3":{"start":{"line":4,"column":0},"end":{"line":4,"column":34}},"4":{"start":{"line":10,"column":0},"end":{"line":10,"column":38}},"5":{"start":{"line":12,"column":0},"end":{"line":12,"column":24}},"6":{"start":{"line":15,"column":0},"end":{"line":33,"column":1}},"7":{"start":{"line":16,"column":2},"end":{"line":16,"column":20}},"8":{"start":{"line":19,"column":2},"end":{"line":19,"column":67}},"9":{"start":{"line":22,"column":2},"end":{"line":22,"column":29}},"10":{"start":{"line":25,"column":2},"end":{"line":25,"column":31}},"11":{"start":{"line":28,"column":2},"end":{"line":28,"column":26}},"12":{"start":{"line":32,"column":2},"end":{"line":32,"column":32}},"13":{"start":{"line":35,"column":0},"end":{"line":35,"column":87}},"14":{"start":{"line":42,"column":0},"end":{"line":54,"column":2}},"15":{"start":{"line":43,"column":2},"end":{"line":50,"column":16}},"16":{"start":{"line":44,"column":4},"end":{"line":49,"column":5}},"17":{"start":{"line":45,"column":6},"end":{"line":45,"column":42}},"18":{"start":{"line":46,"column":11},"end":{"line":49,"column":5}},"19":{"start":{"line":47,"column":6},"end":{"line":47,"column":37}},"20":{"start":{"line":48,"column":6},"end":{"line":48,"column":42}},"21":{"start":{"line":51,"column":2},"end":{"line":53,"column":5}},"22":{"start":{"line":52,"column":4},"end":{"line":52,"column":20}},"23":{"start":{"line":59,"column":0},"end":{"line":64,"column":2}},"24":{"start":{"line":60,"column":2},"end":{"line":63,"column":5}},"25":{"start":{"line":66,"column":0},"end":{"line":73,"column":2}},"26":{"start":{"line":67,"column":2},"end":{"line":71,"column":5}},"27":{"start":{"line":72,"column":2},"end":{"line":72,"column":27}},"28":{"start":{"line":75,"column":0},"end":{"line":80,"column":2}},"29":{"start":{"line":76,"column":2},"end":{"line":79,"column":5}},"30":{"start":{"line":89,"column":0},"end":{"line":104,"column":2}},"31":{"start":{"line":90,"column":2},"end":{"line":90,"column":32}},"32":{"start":{"line":91,"column":2},"end":{"line":91,"column":48}},"33":{"start":{"line":93,"column":2},"end":{"line":93,"column":51}},"34":{"start":{"line":94,"column":2},"end":{"line":94,"column":28}},"35":{"start":{"line":95,"column":2},"end":{"line":95,"column":35}},"36":{"start":{"line":98,"column":2},"end":{"line":98,"column":22}},"37":{"start":{"line":99,"column":2},"end":{"line":103,"column":4}},"38":{"start":{"line":100,"column":4},"end":{"line":100,"column":51}},"39":{"start":{"line":101,"column":4},"end":{"line":101,"column":34}},"40":{"start":{"line":102,"column":4},"end":{"line":102,"column":11}},"41":{"start":{"line":108,"column":0},"end":{"line":114,"column":2}},"42":{"start":{"line":109,"column":2},"end":{"line":109,"column":34}},"43":{"start":{"line":110,"column":2},"end":{"line":110,"column":35}},"44":{"start":{"line":111,"column":2},"end":{"line":113,"column":3}},"45":{"start":{"line":112,"column":4},"end":{"line":112,"column":61}},"46":{"start":{"line":116,"column":0},"end":{"line":124,"column":2}},"47":{"start":{"line":117,"column":2},"end":{"line":117,"column":12}},"48":{"start":{"line":118,"column":2},"end":{"line":122,"column":3}},"49":{"start":{"line":119,"column":4},"end":{"line":119,"column":41}},"50":{"start":{"line":120,"column":4},"end":{"line":120,"column":55}},"51":{"start":{"line":121,"column":4},"end":{"line":121,"column":30}},"52":{"start":{"line":123,"column":2},"end":{"line":123,"column":32}},"53":{"start":{"line":131,"column":0},"end":{"line":131,"column":33}},"54":{"start":{"line":132,"column":0},"end":{"line":144,"column":2}},"55":{"start":{"line":133,"column":2},"end":{"line":133,"column":43}},"56":{"start":{"line":134,"column":2},"end":{"line":143,"column":3}},"57":{"start":{"line":135,"column":4},"end":{"line":139,"column":7}},"58":{"start":{"line":141,"column":4},"end":{"line":141,"column":54}},"59":{"start":{"line":142,"column":4},"end":{"line":142,"column":39}},"60":{"start":{"line":176,"column":0},"end":{"line":180,"column":2}},"61":{"start":{"line":177,"column":2},"end":{"line":177,"column":22}},"62":{"start":{"line":178,"column":2},"end":{"line":178,"column":65}},"63":{"start":{"line":179,"column":2},"end":{"line":179,"column":68}},"64":{"start":{"line":184,"column":0},"end":{"line":190,"column":2}},"65":{"start":{"line":185,"column":2},"end":{"line":189,"column":3}},"66":{"start":{"line":186,"column":4},"end":{"line":186,"column":73}},"67":{"start":{"line":187,"column":4},"end":{"line":187,"column":30}},"68":{"start":{"line":188,"column":4},"end":{"line":188,"column":23}},"69":{"start":{"line":195,"column":0},"end":{"line":342,"column":2}},"70":{"start":{"line":196,"column":2},"end":{"line":196,"column":27}},"71":{"start":{"line":197,"column":2},"end":{"line":197,"column":24}},"72":{"start":{"line":199,"column":2},"end":{"line":322,"column":3}},"73":{"start":{"line":210,"column":6},"end":{"line":219,"column":7}},"74":{"start":{"line":211,"column":8},"end":{"line":211,"column":31}},"75":{"start":{"line":212,"column":8},"end":{"line":214,"column":9}},"76":{"start":{"line":213,"column":10},"end":{"line":213,"column":79}},"77":{"start":{"line":215,"column":13},"end":{"line":219,"column":7}},"78":{"start":{"line":216,"column":8},"end":{"line":216,"column":71}},"79":{"start":{"line":218,"column":8},"end":{"line":218,"column":33}},"80":{"start":{"line":220,"column":6},"end":{"line":220,"column":12}},"81":{"start":{"line":231,"column":6},"end":{"line":237,"column":7}},"82":{"start":{"line":232,"column":8},"end":{"line":232,"column":45}},"83":{"start":{"line":233,"column":13},"end":{"line":237,"column":7}},"84":{"start":{"line":234,"column":8},"end":{"line":234,"column":33}},"85":{"start":{"line":236,"column":8},"end":{"line":236,"column":33}},"86":{"start":{"line":238,"column":6},"end":{"line":238,"column":12}},"87":{"start":{"line":247,"column":6},"end":{"line":253,"column":7}},"88":{"start":{"line":248,"column":8},"end":{"line":248,"column":33}},"89":{"start":{"line":249,"column":13},"end":{"line":253,"column":7}},"90":{"start":{"line":250,"column":8},"end":{"line":250,"column":44}},"91":{"start":{"line":252,"column":8},"end":{"line":252,"column":33}},"92":{"start":{"line":254,"column":6},"end":{"line":254,"column":12}},"93":{"start":{"line":266,"column":6},"end":{"line":270,"column":7}},"94":{"start":{"line":267,"column":8},"end":{"line":267,"column":77}},"95":{"start":{"line":268,"column":13},"end":{"line":270,"column":7}},"96":{"start":{"line":269,"column":8},"end":{"line":269,"column":33}},"97":{"start":{"line":271,"column":6},"end":{"line":271,"column":12}},"98":{"start":{"line":278,"column":6},"end":{"line":282,"column":7}},"99":{"start":{"line":279,"column":8},"end":{"line":279,"column":33}},"100":{"start":{"line":280,"column":13},"end":{"line":282,"column":7}},"101":{"start":{"line":281,"column":8},"end":{"line":281,"column":33}},"102":{"start":{"line":283,"column":6},"end":{"line":283,"column":12}},"103":{"start":{"line":294,"column":6},"end":{"line":298,"column":7}},"104":{"start":{"line":295,"column":8},"end":{"line":295,"column":33}},"105":{"start":{"line":296,"column":13},"end":{"line":298,"column":7}},"106":{"start":{"line":297,"column":8},"end":{"line":297,"column":33}},"107":{"start":{"line":299,"column":6},"end":{"line":299,"column":12}},"108":{"start":{"line":316,"column":6},"end":{"line":320,"column":7}},"109":{"start":{"line":317,"column":8},"end":{"line":317,"column":42}},"110":{"start":{"line":318,"column":13},"end":{"line":320,"column":7}},"111":{"start":{"line":319,"column":8},"end":{"line":319,"column":33}},"112":{"start":{"line":321,"column":6},"end":{"line":321,"column":12}},"113":{"start":{"line":325,"column":2},"end":{"line":341,"column":3}},"114":{"start":{"line":326,"column":4},"end":{"line":326,"column":65}},"115":{"start":{"line":329,"column":4},"end":{"line":340,"column":5}},"116":{"start":{"line":330,"column":6},"end":{"line":330,"column":68}},"117":{"start":{"line":331,"column":6},"end":{"line":331,"column":97}},"118":{"start":{"line":337,"column":6},"end":{"line":337,"column":69}},"119":{"start":{"line":338,"column":6},"end":{"line":338,"column":28}},"120":{"start":{"line":339,"column":6},"end":{"line":339,"column":24}},"121":{"start":{"line":351,"column":0},"end":{"line":357,"column":2}},"122":{"start":{"line":352,"column":2},"end":{"line":352,"column":26}},"123":{"start":{"line":353,"column":2},"end":{"line":353,"column":62}},"124":{"start":{"line":355,"column":2},"end":{"line":355,"column":37}},"125":{"start":{"line":356,"column":2},"end":{"line":356,"column":63}},"126":{"start":{"line":361,"column":0},"end":{"line":361,"column":32}},"127":{"start":{"line":367,"column":0},"end":{"line":370,"column":2}},"128":{"start":{"line":368,"column":2},"end":{"line":368,"column":76}},"129":{"start":{"line":369,"column":2},"end":{"line":369,"column":46}},"130":{"start":{"line":375,"column":0},"end":{"line":377,"column":2}},"131":{"start":{"line":376,"column":2},"end":{"line":376,"column":26}},"132":{"start":{"line":387,"column":0},"end":{"line":396,"column":2}},"133":{"start":{"line":388,"column":2},"end":{"line":395,"column":3}},"134":{"start":{"line":389,"column":4},"end":{"line":393,"column":5}},"135":{"start":{"line":390,"column":6},"end":{"line":390,"column":32}},"136":{"start":{"line":392,"column":6},"end":{"line":392,"column":40}},"137":{"start":{"line":394,"column":4},"end":{"line":394,"column":31}},"138":{"start":{"line":399,"column":0},"end":{"line":431,"column":2}},"139":{"start":{"line":401,"column":2},"end":{"line":401,"column":56}},"140":{"start":{"line":402,"column":2},"end":{"line":402,"column":15}},"141":{"start":{"line":406,"column":2},"end":{"line":419,"column":3}},"142":{"start":{"line":407,"column":4},"end":{"line":407,"column":31}},"143":{"start":{"line":408,"column":4},"end":{"line":408,"column":25}},"144":{"start":{"line":409,"column":4},"end":{"line":413,"column":7}},"145":{"start":{"line":418,"column":4},"end":{"line":418,"column":33}},"146":{"start":{"line":422,"column":2},"end":{"line":430,"column":3}},"147":{"start":{"line":423,"column":4},"end":{"line":423,"column":11}},"148":{"start":{"line":429,"column":4},"end":{"line":429,"column":91}},"149":{"start":{"line":433,"column":0},"end":{"line":441,"column":2}},"150":{"start":{"line":434,"column":2},"end":{"line":436,"column":3}},"151":{"start":{"line":435,"column":4},"end":{"line":435,"column":26}},"152":{"start":{"line":438,"column":2},"end":{"line":440,"column":3}},"153":{"start":{"line":439,"column":4},"end":{"line":439,"column":20}}},"branchMap":{"1":{"line":19,"type":"binary-expr","locations":[{"start":{"line":19,"column":15},"end":{"line":19,"column":18}},{"start":{"line":19,"column":22},"end":{"line":19,"column":34}}]},"2":{"line":44,"type":"if","locations":[{"start":{"line":44,"column":4},"end":{"line":44,"column":4}},{"start":{"line":44,"column":4},"end":{"line":44,"column":4}}]},"3":{"line":46,"type":"if","locations":[{"start":{"line":46,"column":11},"end":{"line":46,"column":11}},{"start":{"line":46,"column":11},"end":{"line":46,"column":11}}]},"4":{"line":109,"type":"binary-expr","locations":[{"start":{"line":109,"column":16},"end":{"line":109,"column":27}},{"start":{"line":109,"column":31},"end":{"line":109,"column":33}}]},"5":{"line":111,"type":"if","locations":[{"start":{"line":111,"column":2},"end":{"line":111,"column":2}},{"start":{"line":111,"column":2},"end":{"line":111,"column":2}}]},"6":{"line":134,"type":"if","locations":[{"start":{"line":134,"column":2},"end":{"line":134,"column":2}},{"start":{"line":134,"column":2},"end":{"line":134,"column":2}}]},"7":{"line":185,"type":"if","locations":[{"start":{"line":185,"column":2},"end":{"line":185,"column":2}},{"start":{"line":185,"column":2},"end":{"line":185,"column":2}}]},"8":{"line":199,"type":"switch","locations":[{"start":{"line":209,"column":4},"end":{"line":220,"column":12}},{"start":{"line":230,"column":4},"end":{"line":238,"column":12}},{"start":{"line":246,"column":4},"end":{"line":254,"column":12}},{"start":{"line":265,"column":4},"end":{"line":271,"column":12}},{"start":{"line":277,"column":4},"end":{"line":283,"column":12}},{"start":{"line":293,"column":4},"end":{"line":299,"column":12}},{"start":{"line":315,"column":4},"end":{"line":321,"column":12}}]},"9":{"line":210,"type":"if","locations":[{"start":{"line":210,"column":6},"end":{"line":210,"column":6}},{"start":{"line":210,"column":6},"end":{"line":210,"column":6}}]},"10":{"line":212,"type":"if","locations":[{"start":{"line":212,"column":8},"end":{"line":212,"column":8}},{"start":{"line":212,"column":8},"end":{"line":212,"column":8}}]},"11":{"line":213,"type":"cond-expr","locations":[{"start":{"line":213,"column":35},"end":{"line":213,"column":54}},{"start":{"line":213,"column":57},"end":{"line":213,"column":77}}]},"12":{"line":215,"type":"if","locations":[{"start":{"line":215,"column":13},"end":{"line":215,"column":13}},{"start":{"line":215,"column":13},"end":{"line":215,"column":13}}]},"13":{"line":216,"type":"cond-expr","locations":[{"start":{"line":216,"column":33},"end":{"line":216,"column":49}},{"start":{"line":216,"column":52},"end":{"line":216,"column":69}}]},"14":{"line":231,"type":"if","locations":[{"start":{"line":231,"column":6},"end":{"line":231,"column":6}},{"start":{"line":231,"column":6},"end":{"line":231,"column":6}}]},"15":{"line":231,"type":"binary-expr","locations":[{"start":{"line":231,"column":10},"end":{"line":231,"column":17}},{"start":{"line":231,"column":21},"end":{"line":231,"column":45}}]},"16":{"line":233,"type":"if","locations":[{"start":{"line":233,"column":13},"end":{"line":233,"column":13}},{"start":{"line":233,"column":13},"end":{"line":233,"column":13}}]},"17":{"line":233,"type":"binary-expr","locations":[{"start":{"line":233,"column":17},"end":{"line":233,"column":24}},{"start":{"line":233,"column":28},"end":{"line":233,"column":55}}]},"18":{"line":247,"type":"if","locations":[{"start":{"line":247,"column":6},"end":{"line":247,"column":6}},{"start":{"line":247,"column":6},"end":{"line":247,"column":6}}]},"19":{"line":249,"type":"if","locations":[{"start":{"line":249,"column":13},"end":{"line":249,"column":13}},{"start":{"line":249,"column":13},"end":{"line":249,"column":13}}]},"20":{"line":249,"type":"binary-expr","locations":[{"start":{"line":249,"column":17},"end":{"line":249,"column":26}},{"start":{"line":249,"column":30},"end":{"line":249,"column":54}}]},"21":{"line":266,"type":"if","locations":[{"start":{"line":266,"column":6},"end":{"line":266,"column":6}},{"start":{"line":266,"column":6},"end":{"line":266,"column":6}}]},"22":{"line":267,"type":"cond-expr","locations":[{"start":{"line":267,"column":33},"end":{"line":267,"column":52}},{"start":{"line":267,"column":55},"end":{"line":267,"column":75}}]},"23":{"line":268,"type":"if","locations":[{"start":{"line":268,"column":13},"end":{"line":268,"column":13}},{"start":{"line":268,"column":13},"end":{"line":268,"column":13}}]},"24":{"line":278,"type":"if","locations":[{"start":{"line":278,"column":6},"end":{"line":278,"column":6}},{"start":{"line":278,"column":6},"end":{"line":278,"column":6}}]},"25":{"line":278,"type":"binary-expr","locations":[{"start":{"line":278,"column":10},"end":{"line":278,"column":37}},{"start":{"line":278,"column":42},"end":{"line":278,"column":51}},{"start":{"line":278,"column":55},"end":{"line":278,"column":77}}]},"26":{"line":280,"type":"if","locations":[{"start":{"line":280,"column":13},"end":{"line":280,"column":13}},{"start":{"line":280,"column":13},"end":{"line":280,"column":13}}]},"27":{"line":294,"type":"if","locations":[{"start":{"line":294,"column":6},"end":{"line":294,"column":6}},{"start":{"line":294,"column":6},"end":{"line":294,"column":6}}]},"28":{"line":294,"type":"binary-expr","locations":[{"start":{"line":294,"column":10},"end":{"line":294,"column":37}},{"start":{"line":294,"column":42},"end":{"line":294,"column":49}},{"start":{"line":294,"column":53},"end":{"line":294,"column":75}}]},"29":{"line":296,"type":"if","locations":[{"start":{"line":296,"column":13},"end":{"line":296,"column":13}},{"start":{"line":296,"column":13},"end":{"line":296,"column":13}}]},"30":{"line":316,"type":"if","locations":[{"start":{"line":316,"column":6},"end":{"line":316,"column":6}},{"start":{"line":316,"column":6},"end":{"line":316,"column":6}}]},"31":{"line":316,"type":"binary-expr","locations":[{"start":{"line":316,"column":10},"end":{"line":316,"column":19}},{"start":{"line":316,"column":23},"end":{"line":316,"column":52}}]},"32":{"line":318,"type":"if","locations":[{"start":{"line":318,"column":13},"end":{"line":318,"column":13}},{"start":{"line":318,"column":13},"end":{"line":318,"column":13}}]},"33":{"line":318,"type":"binary-expr","locations":[{"start":{"line":318,"column":19},"end":{"line":318,"column":26}},{"start":{"line":318,"column":30},"end":{"line":318,"column":57}}]},"34":{"line":325,"type":"if","locations":[{"start":{"line":325,"column":2},"end":{"line":325,"column":2}},{"start":{"line":325,"column":2},"end":{"line":325,"column":2}}]},"35":{"line":329,"type":"if","locations":[{"start":{"line":329,"column":4},"end":{"line":329,"column":4}},{"start":{"line":329,"column":4},"end":{"line":329,"column":4}}]},"36":{"line":388,"type":"if","locations":[{"start":{"line":388,"column":2},"end":{"line":388,"column":2}},{"start":{"line":388,"column":2},"end":{"line":388,"column":2}}]},"37":{"line":389,"type":"if","locations":[{"start":{"line":389,"column":4},"end":{"line":389,"column":4}},{"start":{"line":389,"column":4},"end":{"line":389,"column":4}}]},"38":{"line":406,"type":"binary-expr","locations":[{"start":{"line":406,"column":9},"end":{"line":406,"column":26}},{"start":{"line":406,"column":30},"end":{"line":406,"column":62}}]},"39":{"line":422,"type":"if","locations":[{"start":{"line":422,"column":2},"end":{"line":422,"column":2}},{"start":{"line":422,"column":2},"end":{"line":422,"column":2}}]},"40":{"line":434,"type":"if","locations":[{"start":{"line":434,"column":2},"end":{"line":434,"column":2}},{"start":{"line":434,"column":2},"end":{"line":434,"column":2}}]},"41":{"line":438,"type":"if","locations":[{"start":{"line":438,"column":2},"end":{"line":438,"column":2}},{"start":{"line":438,"column":2},"end":{"line":438,"column":2}}]}}},"/data/upstream/node-http2/lib/endpoint.js":{"path":"/data/upstream/node-http2/lib/endpoint.js","s":{"1":1,"2":1,"3":1,"4":1,"5":1,"6":1,"7":1,"8":1,"9":1,"10":2,"11":2,"12":2,"13":1,"14":1,"15":1,"16":0,"17":2,"18":2,"19":1,"20":1,"21":1,"22":1,"23":1,"24":1,"25":1,"26":1,"27":1,"28":1,"29":24,"30":0,"31":0,"32":0,"33":24,"34":1,"35":1,"36":1,"37":1,"38":1,"39":1,"40":2,"41":2,"42":1,"43":1,"44":1,"45":1,"46":1,"47":1,"48":2,"49":2,"50":2,"51":2,"52":2,"53":2,"54":2,"55":1,"56":12,"57":12,"58":8,"59":12,"60":12,"61":1,"62":7,"63":1,"64":2,"65":2,"66":2,"67":2,"68":2,"69":1,"70":0,"71":0,"72":0},"b":{"1":[2,0],"2":[1,1],"3":[1,0],"4":[25,24],"5":[0,24],"6":[1,0],"7":[1,1],"8":[20,20],"9":[12,0]},"f":{"1":2,"2":1,"3":1,"4":1,"5":2,"6":12,"7":7,"8":2,"9":0},"fnMap":{"1":{"name":"Endpoint","line":15,"loc":{"start":{"line":15,"column":0},"end":{"line":15,"column":39}}},"2":{"name":"_writePrelude","line":47,"loc":{"start":{"line":47,"column":35},"end":{"line":47,"column":60}}},"3":{"name":"_readPrelude","line":53,"loc":{"start":{"line":53,"column":34},"end":{"line":53,"column":58}}},"4":{"name":"_temporalWrite","line":58,"loc":{"start":{"line":58,"column":16},"end":{"line":58,"column":63}}},"5":{"name":"_initializeDataFlow","line":116,"loc":{"start":{"line":116,"column":41},"end":{"line":116,"column":86}}},"6":{"name":"_read","line":138,"loc":{"start":{"line":138,"column":27},"end":{"line":138,"column":48}}},"7":{"name":"_write","line":149,"loc":{"start":{"line":149,"column":28},"end":{"line":149,"column":67}}},"8":{"name":"_initializeErrorHandling","line":156,"loc":{"start":{"line":156,"column":46},"end":{"line":156,"column":82}}},"9":{"name":"_error","line":164,"loc":{"start":{"line":164,"column":28},"end":{"line":164,"column":64}}}},"statementMap":{"1":{"start":{"line":1,"column":0},"end":{"line":1,"column":40}},"2":{"start":{"line":2,"column":0},"end":{"line":2,"column":50}},"3":{"start":{"line":3,"column":0},"end":{"line":3,"column":52}},"4":{"start":{"line":4,"column":0},"end":{"line":4,"column":54}},"5":{"start":{"line":5,"column":0},"end":{"line":5,"column":56}},"6":{"start":{"line":6,"column":0},"end":{"line":6,"column":54}},"7":{"start":{"line":7,"column":0},"end":{"line":7,"column":44}},"8":{"start":{"line":9,"column":0},"end":{"line":9,"column":28}},"9":{"start":{"line":15,"column":0},"end":{"line":38,"column":1}},"10":{"start":{"line":16,"column":2},"end":{"line":16,"column":20}},"11":{"start":{"line":19,"column":2},"end":{"line":19,"column":69}},"12":{"start":{"line":23,"column":2},"end":{"line":29,"column":3}},"13":{"start":{"line":24,"column":4},"end":{"line":24,"column":25}},"14":{"start":{"line":25,"column":9},"end":{"line":29,"column":3}},"15":{"start":{"line":26,"column":4},"end":{"line":26,"column":24}},"16":{"start":{"line":28,"column":4},"end":{"line":28,"column":45}},"17":{"start":{"line":34,"column":2},"end":{"line":34,"column":43}},"18":{"start":{"line":37,"column":2},"end":{"line":37,"column":34}},"19":{"start":{"line":39,"column":0},"end":{"line":39,"column":91}},"20":{"start":{"line":44,"column":0},"end":{"line":44,"column":68}},"21":{"start":{"line":47,"column":0},"end":{"line":50,"column":2}},"22":{"start":{"line":48,"column":2},"end":{"line":48,"column":66}},"23":{"start":{"line":49,"column":2},"end":{"line":49,"column":28}},"24":{"start":{"line":53,"column":0},"end":{"line":81,"column":2}},"25":{"start":{"line":55,"column":2},"end":{"line":55,"column":17}},"26":{"start":{"line":58,"column":2},"end":{"line":80,"column":4}},"27":{"start":{"line":61,"column":4},"end":{"line":61,"column":24}},"28":{"start":{"line":62,"column":4},"end":{"line":70,"column":5}},"29":{"start":{"line":63,"column":6},"end":{"line":68,"column":7}},"30":{"start":{"line":64,"column":8},"end":{"line":65,"column":76}},"31":{"start":{"line":66,"column":8},"end":{"line":66,"column":85}},"32":{"start":{"line":67,"column":8},"end":{"line":67,"column":15}},"33":{"start":{"line":69,"column":6},"end":{"line":69,"column":18}},"34":{"start":{"line":74,"column":4},"end":{"line":79,"column":5}},"35":{"start":{"line":75,"column":6},"end":{"line":75,"column":84}},"36":{"start":{"line":76,"column":6},"end":{"line":76,"column":25}},"37":{"start":{"line":77,"column":6},"end":{"line":77,"column":43}},"38":{"start":{"line":78,"column":6},"end":{"line":78,"column":41}},"39":{"start":{"line":116,"column":0},"end":{"line":136,"column":2}},"40":{"start":{"line":117,"column":2},"end":{"line":117,"column":54}},"41":{"start":{"line":118,"column":2},"end":{"line":126,"column":3}},"42":{"start":{"line":119,"column":4},"end":{"line":119,"column":22}},"43":{"start":{"line":120,"column":4},"end":{"line":120,"column":31}},"44":{"start":{"line":121,"column":4},"end":{"line":121,"column":34}},"45":{"start":{"line":123,"column":4},"end":{"line":123,"column":22}},"46":{"start":{"line":124,"column":4},"end":{"line":124,"column":32}},"47":{"start":{"line":125,"column":4},"end":{"line":125,"column":33}},"48":{"start":{"line":128,"column":2},"end":{"line":128,"column":49}},"49":{"start":{"line":129,"column":2},"end":{"line":129,"column":51}},"50":{"start":{"line":130,"column":2},"end":{"line":130,"column":65}},"51":{"start":{"line":131,"column":2},"end":{"line":131,"column":69}},"52":{"start":{"line":132,"column":2},"end":{"line":132,"column":74}},"53":{"start":{"line":134,"column":2},"end":{"line":134,"column":65}},"54":{"start":{"line":135,"column":2},"end":{"line":135,"column":69}},"55":{"start":{"line":138,"column":0},"end":{"line":147,"column":2}},"56":{"start":{"line":139,"column":2},"end":{"line":139,"column":32}},"57":{"start":{"line":140,"column":2},"end":{"line":142,"column":3}},"58":{"start":{"line":141,"column":4},"end":{"line":141,"column":35}},"59":{"start":{"line":144,"column":2},"end":{"line":146,"column":3}},"60":{"start":{"line":145,"column":4},"end":{"line":145,"column":61}},"61":{"start":{"line":149,"column":0},"end":{"line":151,"column":2}},"62":{"start":{"line":150,"column":2},"end":{"line":150,"column":50}},"63":{"start":{"line":156,"column":0},"end":{"line":162,"
[...]
,"end":{"line":673,"column":42}}}},"statementMap":{"1":{"start":{"line":5,"column":0},"end":{"line":5,"column":35}},"2":{"start":{"line":7,"column":0},"end":{"line":7,"column":44}},"3":{"start":{"line":9,"column":0},"end":{"line":9,"column":32}},"4":{"start":{"line":10,"column":0},"end":{"line":10,"column":36}},"5":{"start":{"line":24,"column":0},"end":{"line":27,"column":1}},"6":{"start":{"line":25,"column":2},"end":{"line":25,"column":71}},"7":{"start":{"line":26,"column":2},"end":{"line":26,"column":45}},"8":{"start":{"line":28,"column":0},"end":{"line":28,"column":98}},"9":{"start":{"line":33,"column":0},"end":{"line":50,"column":2}},"10":{"start":{"line":34,"column":2},"end":{"line":34,"column":54}},"11":{"start":{"line":36,"column":2},"end":{"line":38,"column":3}},"12":{"start":{"line":37,"column":4},"end":{"line":37,"column":57}},"13":{"start":{"line":40,"column":2},"end":{"line":40,"column":19}},"14":{"start":{"line":41,"column":2},"end":{"line":41,"column":41}},"15":{"start":{"line":42,"column":2},"end":{"line":42,"column":42}},"16":{"start":{"line":44,"column":2},"end":{"line":47,"column":3}},"17":{"start":{"line":45,"column":4},"end":{"line":45,"column":60}},"18":{"start":{"line":46,"column":4},"end":{"line":46,"column":26}},"19":{"start":{"line":49,"column":2},"end":{"line":49,"column":9}},"20":{"start":{"line":63,"column":0},"end":{"line":67,"column":1}},"21":{"start":{"line":64,"column":2},"end":{"line":64,"column":73}},"22":{"start":{"line":65,"column":2},"end":{"line":65,"column":45}},"23":{"start":{"line":66,"column":2},"end":{"line":66,"column":33}},"24":{"start":{"line":68,"column":0},"end":{"line":68,"column":102}},"25":{"start":{"line":75,"column":0},"end":{"line":82,"column":2}},"26":{"start":{"line":76,"column":2},"end":{"line":76,"column":19}},"27":{"start":{"line":77,"column":2},"end":{"line":77,"column":34}},"28":{"start":{"line":78,"column":2},"end":{"line":78,"column":55}},"29":{"start":{"line":79,"column":2},"end":{"line":81,"column":3}},"30":{"start":{"line":80,"column":4},"end":{"line":80,"column":21}},"31":{"start":{"line":86,"column":0},"end":{"line":132,"column":2}},"32":{"start":{"line":87,"column":2},"end":{"line":87,"column":17}},"33":{"start":{"line":89,"column":2},"end":{"line":89,"column":53}},"34":{"start":{"line":91,"column":2},"end":{"line":129,"column":3}},"35":{"start":{"line":94,"column":4},"end":{"line":94,"column":86}},"36":{"start":{"line":95,"column":4},"end":{"line":95,"column":69}},"37":{"start":{"line":96,"column":4},"end":{"line":96,"column":28}},"38":{"start":{"line":97,"column":4},"end":{"line":97,"column":22}},"39":{"start":{"line":104,"column":4},"end":{"line":107,"column":5}},"40":{"start":{"line":105,"column":6},"end":{"line":105,"column":59}},"41":{"start":{"line":106,"column":6},"end":{"line":106,"column":37}},"42":{"start":{"line":114,"column":4},"end":{"line":128,"column":5}},"43":{"start":{"line":115,"column":6},"end":{"line":126,"column":7}},"44":{"start":{"line":116,"column":8},"end":{"line":123,"column":9}},"45":{"start":{"line":117,"column":10},"end":{"line":117,"column":68}},"46":{"start":{"line":118,"column":10},"end":{"line":118,"column":68}},"47":{"start":{"line":119,"column":10},"end":{"line":119,"column":33}},"48":{"start":{"line":121,"column":10},"end":{"line":121,"column":74}},"49":{"start":{"line":122,"column":10},"end":{"line":122,"column":36}},"50":{"start":{"line":125,"column":8},"end":{"line":125,"column":78}},"51":{"start":{"line":127,"column":6},"end":{"line":127,"column":37}},"52":{"start":{"line":131,"column":2},"end":{"line":131,"column":9}},"53":{"start":{"line":179,"column":0},"end":{"line":179,"column":27}},"54":{"start":{"line":180,"column":0},"end":{"line":180,"column":29}},"55":{"start":{"line":182,"column":0},"end":{"line":182,"column":21}},"56":{"start":{"line":184,"column":0},"end":{"line":184,"column":21}},"57":{"start":{"line":186,"column":0},"end":{"line":186,"column":63}},"58":{"start":{"line":188,"column":0},"end":{"line":188,"column":34}},"59":{"start":{"line":190,"column":0},"end":{"line":223,"column":2}},"60":{"start":{"line":191,"column":2},"end":{"line":191,"column":53}},"61":{"start":{"line":193,"column":2},"end":{"line":193,"column":15}},"62":{"start":{"line":194,"column":2},"end":{"line":196,"column":3}},"63":{"start":{"line":195,"column":4},"end":{"line":195,"column":30}},"64":{"start":{"line":197,"column":2},"end":{"line":199,"column":3}},"65":{"start":{"line":198,"column":4},"end":{"line":198,"column":59}},"66":{"start":{"line":200,"column":2},"end":{"line":200,"column":39}},"67":{"start":{"line":202,"column":2},"end":{"line":202,"column":48}},"68":{"start":{"line":203,"column":2},"end":{"line":203,"column":39}},"69":{"start":{"line":205,"column":2},"end":{"line":205,"column":20}},"70":{"start":{"line":206,"column":2},"end":{"line":214,"column":3}},"71":{"start":{"line":207,"column":4},"end":{"line":207,"column":57}},"72":{"start":{"line":208,"column":4},"end":{"line":210,"column":5}},"73":{"start":{"line":209,"column":6},"end":{"line":209,"column":81}},"74":{"start":{"line":211,"column":4},"end":{"line":213,"column":5}},"75":{"start":{"line":212,"column":6},"end":{"line":212,"column":35}},"76":{"start":{"line":215,"column":2},"end":{"line":215,"column":41}},"77":{"start":{"line":217,"column":2},"end":{"line":219,"column":3}},"78":{"start":{"line":218,"column":4},"end":{"line":218,"column":60}},"79":{"start":{"line":220,"column":2},"end":{"line":220,"column":52}},"80":{"start":{"line":222,"column":2},"end":{"line":222,"column":33}},"81":{"start":{"line":225,"column":0},"end":{"line":238,"column":2}},"82":{"start":{"line":226,"column":2},"end":{"line":226,"column":40}},"83":{"start":{"line":228,"column":2},"end":{"line":228,"column":48}},"84":{"start":{"line":230,"column":2},"end":{"line":230,"column":19}},"85":{"start":{"line":231,"column":2},"end":{"line":231,"column":38}},"86":{"start":{"line":232,"column":2},"end":{"line":232,"column":46}},"87":{"start":{"line":233,"column":2},"end":{"line":235,"column":3}},"88":{"start":{"line":234,"column":4},"end":{"line":234,"column":66}},"89":{"start":{"line":237,"column":2},"end":{"line":237,"column":53}},"90":{"start":{"line":264,"column":0},"end":{"line":264,"column":26}},"91":{"start":{"line":266,"column":0},"end":{"line":266,"column":46}},"92":{"start":{"line":268,"column":0},"end":{"line":268,"column":41}},"93":{"start":{"line":270,"column":0},"end":{"line":272,"column":2}},"94":{"start":{"line":271,"column":2},"end":{"line":271,"column":27}},"95":{"start":{"line":274,"column":0},"end":{"line":276,"column":2}},"96":{"start":{"line":275,"column":2},"end":{"line":275,"column":22}},"97":{"start":{"line":297,"column":0},"end":{"line":297,"column":29}},"98":{"start":{"line":299,"column":0},"end":{"line":299,"column":76}},"99":{"start":{"line":301,"column":0},"end":{"line":301,"column":67}},"100":{"start":{"line":313,"column":0},"end":{"line":320,"column":2}},"101":{"start":{"line":314,"column":2},"end":{"line":318,"column":3}},"102":{"start":{"line":315,"column":4},"end":{"line":315,"column":31}},"103":{"start":{"line":316,"column":4},"end":{"line":316,"column":57}},"104":{"start":{"line":317,"column":4},"end":{"line":317,"column":25}},"105":{"start":{"line":319,"column":2},"end":{"line":319,"column":27}},"106":{"start":{"line":322,"column":0},"end":{"line":329,"column":2}},"107":{"start":{"line":323,"column":2},"end":{"line":328,"column":3}},"108":{"start":{"line":324,"column":4},"end":{"line":324,"column":57}},"109":{"start":{"line":325,"column":4},"end":{"line":325,"column":33}},"110":{"start":{"line":327,"column":4},"end":{"line":327,"column":24}},"111":{"start":{"line":338,"column":0},"end":{"line":338,"column":30}},"112":{"start":{"line":340,"column":0},"end":{"line":340,"column":26}},"113":{"start":{"line":342,"column":0},"end":{"line":342,"column":49}},"114":{"start":{"line":352,"column":0},"end":{"line":356,"column":2}},"115":{"start":{"line":353,"column":2},"end":{"line":353,"column":29}},"116":{"start":{"line":354,"column":2},"end":{"line":354,"column":42}},"117":{"start":{"line":355,"column":2},"end":{"line":355,"column":23}},"118":{"start":{"line":358,"column":0},"end":{"line":360,"column":2}},"119":{"start":{"line":359,"column":2},"end":{"line":359,"column":42}},"120":{"start":{"line":369,"column":0},"end":{"line":369,"column":32}},"121":{"start":{"line":371,"column":0},"end":{"line":371,"column":28}},"122":{"start":{"line":373,"column":0},"end":{"line":373,"column":48}},"123":{"start":{"line":384,"column":0},"end":{"line":388,"column":2}},"124":{"start":{"line":385,"column":2},"end":{"line":385,"column":29}},"125":{"start":{"line":386,"column":2},"end":{"line":386,"column":60}},"126":{"start":{"line":387,"column":2},"end":{"line":387,"column":23}},"127":{"start":{"line":390,"column":0},"end":{"line":392,"column":2}},"128":{"start":{"line":391,"column":2},"end":{"line":391,"column":52}},"129":{"start":{"line":402,"column":0},"end":{"line":402,"column":30}},"130":{"start":{"line":404,"column":0},"end":{"line":404,"column":26}},"131":{"start":{"line":406,"column":0},"end":{"line":406,"column":49}},"132":{"start":{"line":426,"column":0},"end":{"line":446,"column":2}},"133":{"start":{"line":427,"column":2},"end":{"line":427,"column":65}},"134":{"start":{"line":428,"column":2},"end":{"line":434,"column":5}},"135":{"start":{"line":429,"column":4},"end":{"line":433,"column":5}},"136":{"start":{"line":430,"column":6},"end":{"line":430,"column":67}},"137":{"start":{"line":431,"column":6},"end":{"line":431,"column":47}},"138":{"start":{"line":432,"column":6},"end":{"line":432,"column":78}},"139":{"start":{"line":435,"column":2},"end":{"line":437,"column":3}},"140":{"start":{"line":436,"column":4},"end":{"line":436,"column":69}},"141":{"start":{"line":439,"column":2},"end":{"line":439,"column":47}},"142":{"start":{"line":440,"column":2},"end":{"line":443,"column":3}},"143":{"start":{"line":441,"column":4},"end":{"line":441,"column":57}},"144":{"start":{"line":442,"column":4},"end":{"line":442,"column":53}},"145":{"start":{"line":445,"column":2},"end":{"line":445,"column":23}},"146":{"start":{"line":448,"column":0},"end":{"line":465,"column":2}},"147":{"start":{"line":449,"column":2},"end":{"line":449,"column":22}},"148":{"start":{"line":451,"column":2},"end":{"line":453,"column":3}},"149":{"start":{"line":452,"column":4},"end":{"line":452,"column":47}},"150":{"start":{"line":454,"column":2},"end":{"line":462,"column":3}},"151":{"start":{"line":455,"column":4},"end":{"line":455,"column":49}},"152":{"start":{"line":456,"column":4},"end":{"line":456,"column":39}},"153":{"start":{"line":457,"column":4},"end":{"line":457,"column":45}},"154":{"start":{"line":458,"column":4},"end":{"line":460,"column":5}},"155":{"start":{"line":459,"column":6},"end":{"line":459,"column":15}},"156":{"start":{"line":461,"column":4},"end":{"line":461,"column":79}},"157":{"start":{"line":464,"column":2},"end":{"line":464,"column":15}},"158":{"start":{"line":468,"column":0},"end":{"line":468,"column":26}},"159":{"start":{"line":472,"column":0},"end":{"line":472,"column":79}},"160":{"start":{"line":476,"column":0},"end":{"line":476,"column":76}},"161":{"start":{"line":482,"column":0},"end":{"line":482,"column":77}},"162":{"start":{"line":496,"column":0},"end":{"line":496,"column":34}},"163":{"start":{"line":498,"column":0},"end":{"line":498,"column":48}},"164":{"start":{"line":500,"column":0},"end":{"line":500,"column":79}},"165":{"start":{"line":514,"column":0},"end":{"line":519,"column":2}},"166":{"start":{"line":515,"column":2},"end":{"line":515,"column":29}},"167":{"start":{"line":516,"column":2},"end":{"line":516,"column":62}},"168":{"start":{"line":517,"column":2},"end":{"line":517,"column":23}},"169":{"start":{"line":518,"column":2},"end":{"line":518,"column":27}},"170":{"start":{"line":521,"column":0},"end":{"line":524,"column":2}},"171":{"start":{"line":522,"column":2},"end":{"line":522,"column":62}},"172":{"start":{"line":523,"column":2},"end":{"line":523,"column":31}},"173":{"start":{"line":537,"column":0},"end":{"line":537,"column":26}},"174":{"start":{"line":539,"column":0},"end":{"line":539,"column":28}},"175":{"start":{"line":541,"column":0},"end":{"line":541,"column":41}},"176":{"start":{"line":545,"column":0},"end":{"line":550,"column":2}},"177":{"start":{"line":546,"column":2},"end":{"line":548,"column":3}},"178":{"start":{"line":547,"column":4},"end":{"line":547,"column":65}},"179":{"start":{"line":549,"column":2},"end":{"line":549,"column":27}},"180":{"start":{"line":552,"column":0},"end":{"line":557,"column":2}},"181":{"start":{"line":553,"column":2},"end":{"line":555,"column":3}},"182":{"start":{"line":554,"column":4},"end":{"line":554,"column":48}},"183":{"start":{"line":556,"column":2},"end":{"line":556,"column":22}},"184":{"start":{"line":566,"column":0},"end":{"line":566,"column":28}},"185":{"start":{"line":568,"column":0},"end":{"line":568,"column":24}},"186":{"start":{"line":570,"column":0},"end":{"line":570,"column":59}},"187":{"start":{"line":587,"column":0},"end":{"line":592,"column":2}},"188":{"start":{"line":588,"column":2},"end":{"line":588,"column":29}},"189":{"start":{"line":589,"column":2},"end":{"line":589,"column":58}},"190":{"start":{"line":590,"column":2},"end":{"line":590,"column":60}},"191":{"start":{"line":591,"column":2},"end":{"line":591,"column":23}},"192":{"start":{"line":594,"column":0},"end":{"line":597,"column":2}},"193":{"start":{"line":595,"column":2},"end":{"line":595,"column":58}},"194":{"start":{"line":596,"column":2},"end":{"line":596,"column":52}},"195":{"start":{"line":610,"column":0},"end":{"line":610,"column":35}},"196":{"start":{"line":612,"column":0},"end":{"line":612,"column":49}},"197":{"start":{"line":614,"column":0},"end":{"line":614,"column":57}},"198":{"start":{"line":621,"column":0},"end":{"line":625,"column":2}},"199":{"start":{"line":622,"column":2},"end":{"line":622,"column":29}},"200":{"start":{"line":623,"column":2},"end":{"line":623,"column":58}},"201":{"start":{"line":624,"column":2},"end":{"line":624,"column":23}},"202":{"start":{"line":627,"column":0},"end":{"line":629,"column":2}},"203":{"start":{"line":628,"column":2},"end":{"line":628,"column":58}},"204":{"start":{"line":634,"column":0},"end":{"line":645,"column":2}},"205":{"start":{"line":655,"column":0},"end":{"line":670,"column":2}},"206":{"start":{"line":656,"column":2},"end":{"line":656,"column":21}},"207":{"start":{"line":657,"column":2},"end":{"line":659,"column":5}},"208":{"start":{"line":658,"column":4},"end":{"line":658,"column":34}},"209":{"start":{"line":661,"column":2},"end":{"line":663,"column":3}},"210":{"start":{"line":662,"column":4},"end":{"line":662,"column":48}},"211":{"start":{"line":665,"column":2},"end":{"line":667,"column":5}},"212":{"start":{"line":666,"column":4},"end":{"line":666,"column":38}},"213":{"start":{"line":669,"column":2},"end":{"line":669,"column":19}},"214":{"start":{"line":673,"column":0},"end":{"line":675,"column":2}},"215":{"start":{"line":674,"column":2},"end":{"line":674,"column":30}}},"branchMap":{"1":{"line":25,"type":"binary-expr","locations":[{"start":{"line":25,"column":15},"end":{"line":25,"column":18}},{"start":{"line":25,"column":22},"end":{"line":25,"column":34}}]},"2":{"line":36,"type":"if","locations":[{"start":{"line":36,"column":2},"end":{"line":36,"column":2}},{"start":{"line":36,"column":2},"end":{"line":36,"column":2}}]},"3":{"line":64,"type":"binary-expr","locations":[{"start":{"line":64,"column":15},"end":{"line":64,"column":18}},{"start":{"line":64,"column":22},"end":{"line":64,"column":34}}]},"4":{"line":79,"type":"if","locations":[{"start":{"line":79,"column":2},"end":{"line":79,"column":2}},{"start":{"line":79,"column":2},"end":{"line":79,"column":2}}]},"5":{"line":104,"type":"if","locations":[{"start":{"line":104,"column":4},"end":{"line":104,"column":4}},{"start":{"line":104,"column":4},"end":{"line":104,"column":4}}]},"6":{"line":104,"type":"binary-expr","locations":[{"start":{"line":104,"column":8},"end":{"line":104,"column":44}},{"start":{"line":104,"column":48},"end":{"line":104,"column":72}}]},"7":{"line":114,"type":"if","locations":[{"start":{"line":114,"column":4},"end":{"line":114,"column":4}},{"start":{"line":114,"column":4},"end":{"line":114,"column":4}}]},"8":{"line":114,"type":"binary-expr","locations":[{"start":{"line":114,"column":8},"end":{"line":114,"column":44}},{"start":{"line":114,"column":48},"end":{"line":114,"column":73}}]},"9":{"line":115,"type":"if","locations":[{"start":{"line":115,"column":6},"end":{"line":115,"column":6}},{"start":{"line":115,"column":6},"end":{"line":115,"column":6}}]},"10":{"line":197,"type":"if","locations":[{"start":{"line":197,"column":2},"end":{"line":197,"column":2}},{"start":{"line":197,"column":2},"end":{"line":197,"column":2}}]},"11":{"line":208,"type":"if","locations":[{"start":{"line":208,"column":4},"end":{"line":208,"column":4}},{"start":{"line":208,"column":4},"end":{"line":208,"column":4}}]},"12":{"line":211,"type":"if","locations":[{"start":{"line":211,"column":4},"end":{"line":211,"column":4}},{"start":{"line":211,"column":4},"end":{"line":211,"column":4}}]},"13":{"line":217,"type":"if","locations":[{"start":{"line":217,"column":2},"end":{"line":217,"column":2}},{"start":{"line":217,"column":2},"end":{"line":217,"column":2}}]},"14":{"line":220,"type":"binary-expr","locations":[{"start":{"line":220,"column":30},"end":{"line":220,"column":42}},{"start":{"line":220,"column":46},"end":{"line":220,"column":47}}]},"15":{"line":314,"type":"if","locations":[{"start":{"line":314,"column":2},"end":{"line":314,"column":2}},{"start":{"line":314,"column":2},"end":{"line":314,"column":2}}]},"16":{"line":323,"type":"if","locations":[{"start":{"line":323,"column":2},"end":{"line":323,"column":2}},{"start":{"line":323,"column":2},"end":{"line":323,"column":2}}]},"17":{"line":429,"type":"if","locations":[{"start":{"line":429,"column":4},"end":{"line":429,"column":4}},{"start":{"line":429,"column":4},"end":{"line":429,"column":4}}]},"18":{"line":432,"type":"cond-expr","locations":[{"start":{"line":432,"column":52},"end":{"line":432,"column":66}},{"start":{"line":432,"column":69},"end":{"line":432,"column":74}}]},"19":{"line":435,"type":"if","locations":[{"start":{"line":435,"column":2},"end":{"line":435,"column":2}},{"start":{"line":435,"column":2},"end":{"line":435,"column":2}}]},"20":{"line":451,"type":"if","locations":[{"start":{"line":451,"column":2},"end":{"line":451,"column":2}},{"start":{"line":451,"column":2},"end":{"line":451,"column":2}}]},"21":{"line":458,"type":"if","locations":[{"start":{"line":458,"column":4},"end":{"line":458,"column":4}},{"start":{"line":458,"column":4},"end":{"line":458,"column":4}}]},"22":{"line":458,"type":"binary-expr","locations":[{"start":{"line":458,"column":8},"end":{"line":458,"column":16}},{"start":{"line":458,"column":20},"end":{"line":458,"column":50}}]},"23":{"line":461,"type":"cond-expr","locations":[{"start":{"line":461,"column":50},"end":{"line":461,"column":70}},{"start":{"line":461,"column":73},"end":{"line":461,"column":78}}]},"24":{"line":546,"type":"if","locations":[{"start":{"line":546,"column":2},"end":{"line":546,"column":2}},{"start":{"line":546,"column":2},"end":{"line":546,"column":2}}]},"25":{"line":546,"type":"binary-expr","locations":[{"start":{"line":546,"column":6},"end":{"line":546,"column":17}},{"start":{"line":546,"column":21},"end":{"line":546,"column":44}}]},"26":{"line":553,"type":"if","locations":[{"start":{"line":553,"column":2},"end":{"line":553,"column":2}},{"start":{"line":553,"column":2},"end":{"line":553,"column":2}}]},"27":{"line":661,"type":"if","locations":[{"start":{"line":661,"column":2},"end":{"line":661,"column":2}},{"start":{"line":661,"column":2},"end":{"line":661,"column":2}}]},"28":{"line":665,"type":"binary-expr","locations":[{"start":{"line":665,"column":32},"end":{"line":665,"column":43}},{"start":{"line":665,"column":47},"end":{"line":665,"column":49}}]}}}}