{"/data/upstream/node-http2/lib/compressor.js":{"path":"/data/upstream/node-http2/lib/compressor.js","s":{"1":1,"2":1,"3":1,"4":1,"5":1,"6":1,"7":1,"8":14,"9":14,"10":14,"11":14,"12":14,"13":1,"14":1643,"15":1,"16":47,"17":142,"18":1,"19":47,"20":47,"21":154,"22":98,"23":47,"24":98,"25":98,"26":1,"27":184,"28":184,"29":184,"30":52,"31":52,"32":139,"33":52,"34":2,"35":2,"36":50,"37":132,"38":47,"39":85,"40":132,"41":131,"42":88,"43":43,"44":131,"45":131,"46":132,"47":1,"48":42,"49":97,"50":1,"51":64,"52":64,"53":64,"54":5,"55":5,"56":1,"57":63,"58":63,"59":1251,"60":63,"61":37,"62":37,"63":21,"64":42,"65":1,"66":24,"67":24,"68":42,"69":24,"70":24,"71":24,"72":1,"73":131,"74":131,"75":131,"76":2789,"77":204,"78":2789,"79":131,"80":218,"81":218,"82":1,"83":8,"84":8,"85":8,"86":8,"87":1,"88":1,"89":25,"90":25,"91":25,"92":25,"93":96,"94":25,"95":25,"96":25,"97":96,"98":96,"99":96,"100":17,"101":8,"102":9,"103":79,"104":25,"105":25,"106":1,"107":6,"108":6,"109":6,"110":6,"111":1,"112":1,"113":22,"114":22,"115":22,"116":22,"117":70,"118":70,"119":8,"120":24,"121":62,"122":22,"123":22,"124":22,"125":46,"126":24,"127":24,"128":24,"129":22,"130":86,"131":64,"132":64,"133":64,"134":22,"135":22,"136":88,"137":22,"138":22,"139":22,"140":1,"141":234,"142":234,"143":94,"144":140,"145":140,"146":2,"147":140,"148":140,"149":140,"150":148,"151":148,"152":148,"153":8,"154":148,"155":148,"156":140,"157":1,"158":252,"159":252,"160":252,"161":106,"162":252,"163":151,"164":151,"165":161,"166":161,"167":161,"168":252,"169":1,"170":116,"171":116,"172":116,"173":1,"174":121,"175":121,"176":121,"177":121,"178":1,"179":1,"180":96,"181":96,"182":27,"183":69,"184":1,"185":68,"186":46,"187":22,"188":96,"189":27,"190":69,"191":26,"192":43,"193":43,"194":69,"195":22,"196":69,"197":96,"198":96,"199":1,"200":104,"201":104,"202":104,"203":29,"204":75,"205":52,"206":2,"207":50,"208":23,"209":104,"210":29,"211":29,"212":75,"213":75,"214":44,"215":75,"216":23,"217":52,"218":50,"219":2,"220":75,"221":104,"222":1,"223":1,"224":6,"225":1,"226":18,"227":12,"228":12,"229":12,"230":14,"231":14,"232":12,"233":2,"234":2,"235":14,"236":6,"237":18,"238":1,"239":8,"240":8,"241":8,"242":8,"243":8,"244":1,"245":22,"246":3,"247":1,"248":1,"249":1,"250":2,"251":19,"252":13,"253":13,"254":13,"255":13,"256":6,"257":21,"258":12,"259":14,"260":12,"261":12,"262":0,"263":0,"264":0,"265":12,"266":12,"267":21,"268":1,"269":1,"270":1,"271":34,"272":34,"273":333,"274":34,"275":34,"276":333,"277":34,"278":1,"279":12,"280":12,"281":12,"282":14,"283":14,"284":14,"285":12,"286":1,"287":14,"288":14,"289":0,"290":14},"b":{"1":[14,14],"2":[1643,128],"3":[52,132],"4":[2,50],"5":[47,85],"6":[131,1],"7":[88,43],"8":[5,59],"9":[1,4],"10":[37,26],"11":[21,16],"12":[24,18],"13":[204,2585],"14":[8,4],"15":[5,3],"16":[17,79],"17":[8,9],"18":[6,2],"19":[3,3],"20":[8,62],"21":[24,22],"22":[64,22],"23":[94,140],"24":[2,138],"25":[8,140],"26":[106,146],"27":[151,101],"28":[27,69],"29":[1,68],"30":[46,22],"31":[27,69],"32":[26,43],"33":[22,47],"34":[29,75],"35":[52,23],"36":[2,50],"37":[29,75],"38":[44,31],"39":[23,52],"40":[50,2],"41":[12,6],"42":[18,11],"43":[12,2],"44":[3,19],"45":[1,2],"46":[3,2],"47":[13,6],"48":[19,11],"49":[12,9],"50":[21,15,8]},"f":{"1":14,"2":1643,"3":47,"4":142,"5":47,"6":154,"7":98,"8":98,"9":184,"10":139,"11":42,"12":97,"13":64,"14":1251,"15":24,"16":131,"17":8,"18":25,"19":6,"20":22,"21":234,"22":252,"23":116,"24":121,"25":96,"26":104,"27":6,"28":18,"29":8,"30":22,"31":14,"32":34,"33":12,"34":14},"fnMap":{"1":{"name":"CompressionContext","line":39,"loc":{"start":{"line":39,"column":0},"end":{"line":39,"column":47}}},"2":{"name":"(anonymous_2)","line":49,"loc":{"start":{"line":49,"column":27},"end":{"line":49,"column":50}}},"3":{"name":"getWorkingSet","line":54,"loc":{"start":{"line":54,"column":45},"end":{"line":54,"column":70}}},"4":{"name":"(anonymous_4)","line":55,"loc":{"start":{"line":55,"column":27},"end":{"line":55,"column":43}}},"5":{"name":"reinitialize","line":61,"loc":{"start":{"line":61,"column":44},"end":{"line":61,"column":68}}},"6":{"name":"(anonymous_6)","line":67,"loc":{"start":{"line":67,"column":41},"end":{"line":67,"column":57}}},"7":{"name":"(anonymous_7)","line":69,"loc":{"start":{"line":69,"column":9},"end":{"line":69,"column":25}}},"8":{"name":"(anonymous_8)","line":77,"loc":{"start":{"line":77,"column":38},"end":{"line":77,"column":53}}},"9":{"name":"execute","line":106,"loc":{"start":{"line":106,"column":39},"end":{"line":106,"column":65}}},"10":{"name":"(anonymous_10)","line":119,"loc":{"start":{"line":119,"column":40},"end":{"line":119,"column":56}}},"11":{"name":"(anonymous_11)","line":157,"loc":{"start":{"line":157,"column":43},"end":{"line":157,"column":59}}},"12":{"name":"(anonymous_12)","line":158,"loc":{"start":{"line":158,"column":28},"end":{"line":158,"column":44}}},"13":{"name":"(anonymous_13)","line":165,"loc":{"start":{"line":165,"column":50},"end":{"line":165,"column":65}}},"14":{"name":"(anonymous_14)","line":181,"loc":{"start":{"line":181,"column":37},"end":{"line":181,"column":53}}},"15":{"name":"(anonymous_15)","line":204,"loc":{"start":{"line":204,"column":53},"end":{"line":204,"column":68}}},"16":{"name":"(anonymous_16)","line":228,"loc":{"start":{"line":228,"column":49},"end":{"line":228,"column":60}}},"17":{"name":"Decompressor","line":250,"loc":{"start":{"line":250,"column":0},"end":{"line":250,"column":33}}},"18":{"name":"decompress","line":265,"loc":{"start":{"line":265,"column":36},"end":{"line":265,"column":64}}},"19":{"name":"Compressor","line":311,"loc":{"start":{"line":311,"column":0},"end":{"line":311,"column":31}}},"20":{"name":"compress","line":326,"loc":{"start":{"line":326,"column":32},"end":{"line":326,"column":59}}},"21":{"name":"writeInteger","line":396,"loc":{"start":{"line":396,"column":21},"end":{"line":396,"column":49}}},"22":{"name":"readInteger","line":437,"loc":{"start":{"line":437,"column":23},"end":{"line":437,"column":55}}},"23":{"name":"writeString","line":467,"loc":{"start":{"line":467,"column":20},"end":{"line":467,"column":46}}},"24":{"name":"readString","line":473,"loc":{"start":{"line":473,"column":22},"end":{"line":473,"column":50}}},"25":{"name":"writeString","line":526,"loc":{"start":{"line":526,"column":20},"end":{"line":526,"column":49}}},"26":{"name":"readString","line":562,"loc":{"start":{"line":562,"column":22},"end":{"line":562,"column":50}}},"27":{"name":"_initializeStream","line":627,"loc":{"start":{"line":627,"column":41},"end":{"line":627,"column":70}}},"28":{"name":"_transform","line":631,"loc":{"start":{"line":631,"column":34},"end":{"line":631,"column":77}}},"29":{"name":"_initializeStream","line":677,"loc":{"start":{"line":677,"column":43},"end":{"line":677,"column":72}}},"30":{"name":"_transform","line":686,"loc":{"start":{"line":686,"column":36},"end":{"line":686,"column":79}}},"31":{"name":"(anonymous_31)","line":716,"loc":{"start":{"line":716,"column":41},"end":{"line":716,"column":57}}},"32":{"name":"concat","line":826,"loc":{"start":{"line":826,"column":0},"end":{"line":826,"column":25}}},"33":{"name":"cut","line":841,"loc":{"start":{"line":841,"column":0},"end":{"line":841,"column":27}}},"34":{"name":"shallowCopy","line":853,"loc":{"start":{"line":853,"column":0},"end":{"line":853,"column":29}}}},"statementMap":{"1":{"start":{"line":16,"column":0},"end":{"line":16,"column":35}},"2":{"start":{"line":17,"column":0},"end":{"line":17,"column":44}},"3":{"start":{"line":19,"column":0},"end":{"line":19,"column":48}},"4":{"start":{"line":20,"column":0},"end":{"line":20,"column":36}},"5":{"start":{"line":21,"column":0},"end":{"line":21,"column":32}},"6":{"start":{"line":37,"column":0},"end":{"line":37,"column":38}},"7":{"start":{"line":39,"column":0},"end":{"line":45,"column":1}},"8":{"start":{"line":40,"column":2},"end":{"line":40,"column":18}},"9":{"start":{"line":41,"column":2},"end":{"line":41,"column":30}},"10":{"start":{"line":42,"column":2},"end":{"line":42,"column":52}},"11":{"start":{"line":43,"column":2},"end":{"line":43,"column":23}},"12":{"start":{"line":44,"column":2},"end":{"line":44,"column":21}},"13":{"start":{"line":49,"column":0},"end":{"line":51,"column":2}},"14":{"start":{"line":50,"column":2},"end":{"line":50,"column":88}},"15":{"start":{"line":54,"column":0},"end":{"line":58,"column":2}},"16":{"start":{"line":55,"column":2},"end":{"line":57,"column":5}},"17":{"start":{"line":56,"column":4},"end":{"line":56,"column":22}},"18":{"start":{"line":61,"column":0},"end":{"line":81,"column":2}},"19":{"start":{"line":62,"column":2},"end":{"line":62,"column":18}},"20":{"start":{"line":67,"column":2},"end":{"line":71,"column":5}},"21":{"start":{"line":68,"column":4},"end":{"line":68,"column":50}},"22":{"start":{"line":70,"column":4},"end":{"line":70,"column":22}},"23":{"start":{"line":77,"column":2},"end":{"line":80,"column":5}},"24":{"start":{"line":78,"column":4},"end":{"line":78,"column":42}},"25":{"start":{"line":79,"column":4},"end":{"line":79,"column":40}},"26":{"start":{"line":106,"column":0},"end":{"line":153,"column":2}},"27":{"start":{"line":107,"column":2},"end":{"line":108,"column":55}},"28":{"start":{"line":110,"column":2},"end":{"line":110,"column":18}},"29":{"start":{"line":117,"column":2},"end":{"line":152,"column":3}},"30":{"start":{"line":118,"column":4},"end":{"line":118,"column":26}},"31":{"start":{"line":119,"column":4},"end":{"line":121,"column":7}},"32":{"start":{"line":120,"column":6},"end":{"line":120,"column":35}},"33":{"start":{"line":122,"column":4},"end":{"line":127,"column":5}},"34":{"start":{"line":123,"column":6},"end":{"line":123,"column":32}},"35":{"start":{"line":124,"column":6},"end":{"line":124,"column":55}},"36":{"start":{"line":126,"column":6},"end":{"line":126,"column":31}},"37":{"start":{"line":135,"column":4},"end":{"line":139,"column":5}},"38":{"start":{"line":136,"column":6},"end":{"line":136,"column":59}},"39":{"start":{"line":138,"column":6},"end":{"line":138,"column":43}},"40":{"start":{"line":141,"column":4},"end":{"line":149,"column":5}},"41":{"start":{"line":142,"column":6},"end":{"line":146,"column":7}},"42":{"start":{"line":143,"column":8},"end":{"line":143,"column":31}},"43":{"start":{"line":145,"column":8},"end":{"line":145,"column":51}},"44":{"start":{"line":147,"column":6},"end":{"line":147,"column":31}},"45":{"start":{"line":148,"column":6},"end":{"line":148,"column":40}},"46":{"start":{"line":151,"column":4},"end":{"line":151,"column":53}},"47":{"start":{"line":157,"column":0},"end":{"line":161,"column":2}},"48":{"start":{"line":158,"column":2},"end":{"line":160,"column":5}},"49":{"start":{"line":159,"column":4},"end":{"line":159,"column":33}},"50":{"start":{"line":165,"column":0},"end":{"line":200,"column":2}},"51":{"start":{"line":166,"column":2},"end":{"line":166,"column":56}},"52":{"start":{"line":168,"column":2},"end":{"line":168,"column":44}},"53":{"start":{"line":169,"column":2},"end":{"line":178,"column":3}},"54":{"start":{"line":170,"column":4},"end":{"line":170,"column":54}},"55":{"start":{"line":171,"column":4},"end":{"line":177,"column":5}},"56":{"start":{"line":172,"column":6},"end":{"line":176,"column":8}},"57":{"start":{"line":180,"column":2},"end":{"line":180,"column":35}},"58":{"start":{"line":181,"column":2},"end":{"line":183,"column":5}},"59":{"start":{"line":182,"column":4},"end":{"line":182,"column":43}},"60":{"start":{"line":184,"column":2},"end":{"line":193,"column":3}},"61":{"start":{"line":185,"column":4},"end":{"line":185,"column":54}},"62":{"start":{"line":186,"column":4},"end":{"line":192,"column":5}},"63":{"start":{"line":187,"column":6},"end":{"line":191,"column":8}},"64":{"start":{"line":195,"column":2},"end":{"line":199,"column":4}},"65":{"start":{"line":204,"column":0},"end":{"line":219,"column":2}},"66":{"start":{"line":205,"column":2},"end":{"line":205,"column":12}},"67":{"start":{"line":207,"column":2},"end":{"line":212,"column":3}},"68":{"start":{"line":208,"column":4},"end":{"line":211,"column":5}},"69":{"start":{"line":209,"column":6},"end":{"line":209,"column":31}},"70":{"start":{"line":210,"column":6},"end":{"line":210,"column":12}},"71":{"start":{"line":214,"column":2},"end":{"line":218,"column":4}},"72":{"start":{"line":228,"column":0},"end":{"line":241,"column":2}},"73":{"start":{"line":229,"column":2},"end":{"line":229,"column":26}},"74":{"start":{"line":230,"column":2},"end":{"line":230,"column":15}},"75":{"start":{"line":231,"column":2},"end":{"line":236,"column":3}},"76":{"start":{"line":232,"column":4},"end":{"line":234,"column":5}},"77":{"start":{"line":233,"column":6},"end":{"line":233,"column":80}},"78":{"start":{"line":235,"column":4},"end":{"line":235,"column":26}},"79":{"start":{"line":237,"column":2},"end":{"line":240,"column":3}},"80":{"start":{"line":238,"column":4},"end":{"line":238,"column":32}},"81":{"start":{"line":239,"column":4},"end":{"line":239,"column":25}},"82":{"start":{"line":250,"column":0},"end":{"line":258,"column":1}},"83":{"start":{"line":251,"column":2},"end":{"line":251,"column":73}},"84":{"start":{"line":253,"column":2},"end":{"line":254,"column":84}},"85":{"start":{"line":255,"column":2},"end":{"line":255,"column":66}},"86":{"start":{"line":257,"column":2},"end":{"line":257,"column":27}},"87":{"start":{"line":259,"column":0},"end":{"line":259,"column":102}},"88":{"start":{"line":265,"column":0},"end":{"line":302,"column":2}},"89":{"start":{"line":266,"column":2},"end":{"line":266,"column":69}},"90":{"start":{"line":270,"column":2},"end":{"line":270,"column":31}},"91":{"start":{"line":275,"column":2},"end":{"line":275,"column":20}},"92":{"start":{"line":276,"column":2},"end":{"line":278,"column":3}},"93":{"start":{"line":277,"column":4},"end":{"line":277,"column":55}},"94":{"start":{"line":282,"column":2},"end":{"line":282,"column":44}},"95":{"start":{"line":286,"column":2},"end":{"line":286,"column":19}},"96":{"start":{"line":287,"column":2},"end":{"line":299,"column":3}},"97":{"start":{"line":288,"column":4},"end":{"line":288,"column":27}},"98":{"start":{"line":289,"column":4},"end":{"line":289,"column":28}},"99":{"start":{"line":290,"column":4},"end":{"line":298,"column":5}},"100":{"start":{"line":291,"column":6},"end":{"line":295,"column":7}},"101":{"start":{"line":292,"column":8},"end":{"line":292,"column":34}},"102":{"start":{"line":294,"column":8},"end":{"line":294,"column":47}},"103":{"start":{"line":297,"column":6},"end":{"line":297,"column":28}},"104":{"start":{"line":300,"column":2},"end":{"line":300,"column":72}},"105":{"start":{"line":301,"column":2},"end":{"line":301,"column":17}},"106":{"start":{"line":311,"column":0},"end":{"line":319,"column":1}},"107":{"start":{"line":312,"column":2},"end":{"line":312,"column":71}},"108":{"start":{"line":314,"column":2},"end":{"line":315,"column":84}},"109":{"start":{"line":316,"column":2},"end":{"line":316,"column":66}},"110":{"start":{"line":318,"column":2},"end":{"line":318,"column":27}},"111":{"start":{"line":320,"column":0},"end":{"line":320,"column":98}},"112":{"start":{"line":326,"column":0},"end":{"line":377,"column":2}},"113":{"start":{"line":327,"column":2},"end":{"line":327,"column":71}},"114":{"start":{"line":328,"column":2},"end":{"line":328,"column":8}},"115":{"start":{"line":332,"column":2},"end":{"line":332,"column":17}},"116":{"start":{"line":333,"column":2},"end":{"line":342,"column":3}},"117":{"start":{"line":334,"column":4},"end":{"line":334,"column":30}},"118":{"start":{"line":335,"column":4},"end":{"line":341,"column":5}},"119":{"start":{"line":336,"column":6},"end":{"line":338,"column":7}},"120":{"start":{"line":337,"column":8},"end":{"line":337,"column":53}},"121":{"start":{"line":340,"column":6},"end":{"line":340,"column":48}},"122":{"start":{"line":346,"column":2},"end":{"line":346,"column":31}},"123":{"start":{"line":347,"column":2},"end":{"line":347,"column":70}},"124":{"start":{"line":350,"column":2},"end":{"line":356,"column":3}},"125":{"start":{"line":351,"column":4},"end":{"line":355,"column":5}},"126":{"start":{"line":352,"column":6},"end":{"line":352,"column":64}},"127":{"start":{"line":353,"column":6},"end":{"line":353,"column":37}},"128":{"start":{"line":354,"column":6},"end":{"line":354,"column":29}},"129":{"start":{"line":359,"column":2},"end":{"line":365,"column":3}},"130":{"start":{"line":360,"column":4},"end":{"line":364,"column":5}},"131":{"start":{"line":361,"column":6},"end":{"line":361,"column":59}},"132":{"start":{"line":362,"column":6},"end":{"line":362,"column":37}},"133":{"start":{"line":363,"column":6},"end":{"line":363,"column":29}},"134":{"start":{"line":368,"column":2},"end":{"line":368,"column":19}},"135":{"start":{"line":369,"column":2},"end":{"line":371,"column":3}},"136":{"start":{"line":370,"column":4},"end":{"line":370,"column":49}},"137":{"start":{"line":373,"column":2},"end":{"line":373,"column":65}},"138":{"start":{"line":375,"column":2},"end":{"line":375,"column":66}},"139":{"start":{"line":376,"column":2},"end":{"line":376,"column":16}},"140":{"start":{"line":396,"column":0},"end":{"line":422,"column":2}},"141":{"start":{"line":397,"column":2},"end":{"line":397,"column":32}},"142":{"start":{"line":398,"column":2},"end":{"line":400,"column":3}},"143":{"start":{"line":399,"column":4},"end":{"line":399,"column":29}},"144":{"start":{"line":402,"column":2},"end":{"line":402,"column":17}},"145":{"start":{"line":403,"column":2},"end":{"line":405,"column":3}},"146":{"start":{"line":404,"column":4},"end":{"line":404,"column":22}},"147":{"start":{"line":406,"column":2},"end":{"line":406,"column":13}},"148":{"start":{"line":408,"column":2},"end":{"line":408,"column":15}},"149":{"start":{"line":409,"column":2},"end":{"line":419,"column":3}},"150":{"start":{"line":410,"column":4},"end":{"line":410,"column":28}},"151":{"start":{"line":411,"column":4},"end":{"line":411,"column":16}},"152":{"start":{"line":413,"column":4},"end":{"line":415,"column":5}},"153":{"start":{"line":414,"column":6},"end":{"line":414,"column":15}},"154":{"start":{"line":416,"column":4},"end":{"line":416,"column":18}},"155":{"start":{"line":418,"column":4},"end":{"line":418,"column":10}},"156":{"start":{"line":421,"column":2},"end":{"line":421,"column":29}},"157":{"start":{"line":437,"column":0},"end":{"line":455,"column":2}},"158":{"start":{"line":438,"column":2},"end":{"line":438,"column":32}},"159":{"start":{"line":440,"column":2},"end":{"line":440,"column":40}},"160":{"start":{"line":441,"column":2},"end":{"line":443,"column":3}},"161":{"start":{"line":442,"column":4},"end":{"line":442,"column":23}},"162":{"start":{"line":445,"column":2},"end":{"line":452,"column":3}},"163":{"start":{"line":446,"column":4},"end":{"line":446,"column":14}},"164":{"start":{"line":447,"column":4},"end":{"line":451,"column":46}},"165":{"start":{"line":448,"column":6},"end":{"line":448,"column":46}},"166":{"start":{"line":449,"column":6},"end":{"line":449,"column":13}},"167":{"start":{"line":450,"column":6},"end":{"line":450,"column":25}},"168":{"start":{"line":454,"column":2},"end":{"line":454,"column":11}},"169":{"start":{"line":467,"column":0},"end":{"line":471,"column":2}},"170":{"start":{"line":468,"column":2},"end":{"line":468,"column":46}},"171":{"start":{"line":469,"column":2},"end":{"line":469,"column":66}},"172":{"start":{"line":470,"column":2},"end":{"line":470,"column":45}},"173":{"start":{"line":473,"column":0},"end":{"line":478,"column":2}},"174":{"start":{"line":474,"column":2},"end":{"line":474,"column":47}},"175":{"start":{"line":475,"column":2},"end":{"line":475,"column":75}},"176":{"start":{"line":476,"column":2},"end":{"line":476,"column":26}},"177":{"start":{"line":477,"column":2},"end":{"line":477,"column":13}},"178":{"start":{"line":519,"column":0},"end":{"line":524,"column":2}},"179":{"start":{"line":526,"column":0},"end":{"line":560,"column":2}},"180":{"start":{"line":527,"column":2},"end":{"line":527,"column":35}},"181":{"start":{"line":529,"column":2},"end":{"line":537,"column":3}},"182":{"start":{"line":530,"column":4},"end":{"line":530,"column":45}},"183":{"start":{"line":531,"column":9},"end":{"line":537,"column":3}},"184":{"start":{"line":532,"column":4},"end":{"line":532,"column":45}},"185":{"start":{"line":533,"column":9},"end":{"line":537,"column":3}},"186":{"start":{"line":534,"column":4},"end":{"line":534,"column":56}},"187":{"start":{"line":536,"column":4},"end":{"line":536,"column":57}},"188":{"start":{"line":539,"column":2},"end":{"line":555,"column":3}},"189":{"start":{"line":540,"column":4},"end":{"line":540,"column":74}},"190":{"start":{"line":543,"column":4},"end":{"line":548,"column":5}},"191":{"start":{"line":544,"column":6},"end":{"line":544,"column":79}},"192":{"start":{"line":546,"column":6},"end":{"line":546,"column":65}},"193":{"start":{"line":547,"column":6},"end":{"line":547,"column":51}},"194":{"start":{"line":550,"column":4},"end":{"line":552,"column":5}},"195":{"start":{"line":551,"column":6},"end":{"line":551,"column":56}},"196":{"start":{"line":554,"column":4},"end":{"line":554,"column":50}},"197":{"start":{"line":557,"column":2},"end":{"line":557,"column":45}},"198":{"start":{"line":559,"column":2},"end":{"line":559,"column":51}},"199":{"start":{"line":562,"column":0},"end":{"line":600,"column":2}},"200":{"start":{"line":563,"column":2},"end":{"line":563,"column":34}},"201":{"start":{"line":565,"column":2},"end":{"line":565,"column":40}},"202":{"start":{"line":566,"column":2},"end":{"line":576,"column":3}},"203":{"start":{"line":567,"column":4},"end":{"line":567,"column":45}},"204":{"start":{"line":568,"column":9},"end":{"line":576,"column":3}},"205":{"start":{"line":569,"column":4},"end":{"line":573,"column":5}},"206":{"start":{"line":570,"column":6},"end":{"line":570,"column":47}},"207":{"start":{"line":572,"column":6},"end":{"line":572,"column":58}},"208":{"start":{"line":575,"column":4},"end":{"line":575,"column":57}},"209":{"start":{"line":578,"column":2},"end":{"line":597,"column":3}},"210":{"start":{"line":579,"column":4},"end":{"line":579,"column":85}},"211":{"start":{"line":580,"column":4},"end":{"line":580,"column":22}},"212":{"start":{"line":583,"column":4},"end":{"line":583,"column":74}},"213":{"start":{"line":584,"column":4},"end":{"line":586,"column":5}},"214":{"start":{"line":585,"column":6},"end":{"line":585,"column":48}},"215":{"start":{"line":588,"column":4},"end":{"line":594,"column":5}},"216":{"start":{"line":589,"column":6},"end":{"line":589,"column":53}},"217":{"start":{"line":590,"column":11},"end":{"line":594,"column":5}},"218":{"start":{"line":591,"column":6},"end":{"line":591,"column":30}},"219":{"start":{"line":593,"column":6},"end":{"line":593,"column":24}},"220":{"start":{"line":596,"column":4},"end":{"line":596,"column":47}},"221":{"start":{"line":599,"column":2},"end":{"line":599,"column":16}},"222":{"start":{"line":624,"column":0},"end":{"line":624,"column":34}},"223":{"start":{"line":627,"column":0},"end":{"line":629,"column":2}},"224":{"start":{"line":628,"column":2},"end":{"line":628,"column":45}},"225":{"start":{"line":631,"column":0},"end":{"line":669,"column":2}},"226":{"start":{"line":633,"column":2},"end":{"line":666,"column":3}},"227":{"start":{"line":635,"column":4},"end":{"line":635,"column":46}},"228":{"start":{"line":638,"column":4},"end":{"line":638,"column":52}},"229":{"start":{"line":643,"column":4},"end":{"line":660,"column":5}},"230":{"start":{"line":644,"column":6},"end":{"line":644,"column":43}},"231":{"start":{"line":645,"column":6},"end":{"line":650,"column":7}},"232":{"start":{"line":646,"column":8},"end":{"line":646,"column":42}},"233":{"start":{"line":648,"column":8},"end":{"line":648,"column":43}},"234":{"start":{"line":649,"column":8},"end":{"line":649,"column":36}},"235":{"start":{"line":652,"column":6},"end":{"line":659,"column":9}},"236":{"start":{"line":665,"column":4},"end":{"line":665,"column":21}},"237":{"start":{"line":668,"column":2},"end":{"line":668,"column":9}},"238":{"start":{"line":677,"column":0},"end":{"line":683,"column":2}},"239":{"start":{"line":678,"column":2},"end":{"line":678,"column":45}},"240":{"start":{"line":679,"column":2},"end":{"line":679,"column":27}},"241":{"start":{"line":680,"column":2},"end":{"line":680,"column":25}},"242":{"start":{"line":681,"column":2},"end":{"line":681,"column":27}},"243":{"start":{"line":682,"column":2},"end":{"line":682,"column":27}},"244":{"start":{"line":686,"column":0},"end":{"line":738,"column":2}},"245":{"start":{"line":689,"column":2},"end":{"line":710,"column":3}},"246":{"start":{"line":690,"column":4},"end":{"line":694,"column":5}},"247":{"start":{"line":691,"column":6},"end":{"line":691,"column":71}},"248":{"start":{"line":692,"column":6},"end":{"line":692,"column":43}},"249":{"start":{"line":693,"column":6},"end":{"line":693,"column":13}},"250":{"start":{"line":695,"column":4},"end":{"line":695,"column":29}},"251":{"start":{"line":700,"column":7},"end":{"line":710,"column":3}},"252":{"start":{"line":701,"column":4},"end":{"line":701,"column":28}},"253":{"start":{"line":702,"column":4},"end":{"line":702,"column":28}},"254":{"start":{"line":703,"column":4},"end":{"line":703,"column":32}},"255":{"start":{"line":704,"column":4},"end":{"line":704,"column":27}},"256":{"start":{"line":709,"column":4},"end":{"line":709,"column":21}},"257":{"start":{"line":715,"column":2},"end":{"line":735,"column":3}},"258":{"start":{"line":716,"column":4},"end":{"line":718,"column":8}},"259":{"start":{"line":717,"column":6},"end":{"line":717,"column":24}},"260":{"start":{"line":719,"column":4},"end":{"line":725,"column":5}},"261":{"start":{"line":720,"column":6},"end":{"line":720,"column":44}},"262":{"start":{"line":722,"column":6},"end":{"line":722,"column":68}},"263":{"start":{"line":723,"column":6},"end":{"line":723,"column":46}},"264":{"start":{"line":724,"column":6},"end":{"line":724,"column":13}},"265":{"start":{"line":726,"column":4},"end":{"line":733,"column":7}},"266":{"start":{"line":734,"column":4},"end":{"line":734,"column":29}},"267":{"start":{"line":737,"column":2},"end":{"line":737,"column":9}},"268":{"start":{"line":743,"column":0},"end":{"line":782,"column":2}},"269":{"start":{"line":784,"column":0},"end":{"line":820,"column":2}},"270":{"start":{"line":826,"column":0},"end":{"line":838,"column":1}},"271":{"start":{"line":827,"column":2},"end":{"line":827,"column":15}},"272":{"start":{"line":828,"column":2},"end":{"line":830,"column":3}},"273":{"start":{"line":829,"column":4},"end":{"line":829,"column":30}},"274":{"start":{"line":832,"column":2},"end":{"line":832,"column":38}},"275":{"start":{"line":833,"column":2},"end":{"line":835,"column":3}},"276":{"start":{"line":834,"column":4},"end":{"line":834,"column":42}},"277":{"start":{"line":837,"column":2},"end":{"line":837,"column":22}},"278":{"start":{"line":841,"column":0},"end":{"line":850,"column":1}},"279":{"start":{"line":842,"column":2},"end":{"line":842,"column":18}},"280":{"start":{"line":843,"column":2},"end":{"line":843,"column":17}},"281":{"start":{"line":844,"column":2},"end":{"line":848,"column":34}},"282":{"start":{"line":845,"column":4},"end":{"line":845,"column":59}},"283":{"start":{"line":846,"column":4},"end":{"line":846,"column":58}},"284":{"start":{"line":847,"column":4},"end":{"line":847,"column":24}},"285":{"start":{"line":849,"column":2},"end":{"line":849,"column":16}},"286":{"start":{"line":853,"column":0},"end":{"line":859,"column":1}},"287":{"start":{"line":854,"column":2},"end":{"line":854,"column":17}},"288":{"start":{"line":855,"column":2},"end":{"line":857,"column":3}},"289":{"start":{"line":856,"column":4},"end":{"line":856,"column":29}},"290":{"start":{"line":858,"column":2},"end":{"line":858,"column":15}}},"branchMap":{"1":{"line":42,"type":"binary-expr","locations":[{"start":{"line":42,"column":16},"end":{"line":42,"column":21}},{"start":{"line":42,"column":25},"end":{"line":42,"column":51}}]},"2":{"line":50,"type":"binary-expr","locations":[{"start":{"line":50,"column":10},"end":{"line":50,"column":59}},{"start":{"line":50,"column":65},"end":{"line":50,"column":86}}]},"3":{"line":117,"type":"if","locations":[{"start":{"line":117,"column":2},"end":{"line":117,"column":2}},{"start":{"line":117,"column":2},"end":{"line":117,"column":2}}]},"4":{"line":122,"type":"if","locations":[{"start":{"line":122,"column":4},"end":{"line":122,"column":4}},{"start":{"line":122,"column":4},"end":{"line":122,"column":4}}]},"5":{"line":135,"type":"if","locations":[{"start":{"line":135,"column":4},"end":{"line":135,"column":4}},{"start":{"line":135,"column":4},"end":{"line":135,"column":4}}]},"6":{"line":141,"type":"if","locations":[{"start":{"line":141,"column":4},"end":{"line":141,"column":4}},{"start":{"line":141,"column":4},"end":{"line":141,"column":4}}]},"7":{"line":142,"type":"if","locations":[{"start":{"line":142,"column":6},"end":{"line":142,"column":6}},{"start":{"line":142,"column":6},"end":{"line":142,"column":6}}]},"8":{"line":169,"type":"if","locations":[{"start":{"line":169,"column":2},"end":{"line":169,"column":2}},{"start":{"line":169,"column":2},"end":{"line":169,"column":2}}]},"9":{"line":171,"type":"if","locations":[{"start":{"line":171,"column":4},"end":{"line":171,"column":4}},{"start":{"line":171,"column":4},"end":{"line":171,"column":4}}]},"10":{"line":184,"type":"if","locations":[{"start":{"line":184,"column":2},"end":{"line":184,"column":2}},{"start":{"line":184,"column":2},"end":{"line":184,"column":2}}]},"11":{"line":186,"type":"if","locations":[{"start":{"line":186,"column":4},"end":{"line":186,"column":4}},{"start":{"line":186,"column":4},"end":{"line":186,"column":4}}]},"12":{"line":208,"type":"if","locations":[{"start":{"line":208,"column":4},"end":{"line":208,"column":4}},{"start":{"line":208,"column":4},"end":{"line":208,"column":4}}]},"13":{"line":232,"type":"if","locations":[{"start":{"line":232,"column":4},"end":{"line":232,"column":4}},{"start":{"line":232,"column":4},"end":{"line":232,"column":4}}]},"14":{"line":251,"type":"binary-expr","locations":[{"start":{"line":251,"column":15},"end":{"line":251,"column":18}},{"start":{"line":251,"column":22},"end":{"line":251,"column":34}}]},"15":{"line":253,"type":"cond-expr","locations":[{"start":{"line":253,"column":44},"end":{"line":253,"column":82}},{"start":{"line":254,"column":44},"end":{"line":254,"column":83}}]},"16":{"line":290,"type":"if","locations":[{"start":{"line":290,"column":4},"end":{"line":290,"column":4}},{"start":{"line":290,"column":4},"end":{"line":290,"column":4}}]},"17":{"line":291,"type":"if","locations":[{"start":{"line":291,"column":6},"end":{"line":291,"column":6}},{"start":{"line":291,"column":6},"end":{"line":291,"column":6}}]},"18":{"line":312,"type":"binary-expr","locations":[{"start":{"line":312,"column":15},"end":{"line":312,"column":18}},{"start":{"line":312,"column":22},"end":{"line":312,"column":34}}]},"19":{"line":314,"type":"cond-expr","locations":[{"start":{"line":314,"column":44},"end":{"line":314,"column":82}},{"start":{"line":315,"column":44},"end":{"line":315,"column":83}}]},"20":{"line":335,"type":"if","locations":[{"start":{"line":335,"column":4},"end":{"line":335,"column":4}},{"start":{"line":335,"column":4},"end":{"line":335,"column":4}}]},"21":{"line":351,"type":"if","locations":[{"start":{"line":351,"column":4},"end":{"line":351,"column":4}},{"start":{"line":351,"column":4},"end":{"line":351,"column":4}}]},"22":{"line":360,"type":"if","locations":[{"start":{"line":360,"column":4},"end":{"line":360,"column":4}},{"start":{"line":360,"column":4},"end":{"line":360,"column":4}}]},"23":{"line":398,"type":"if","locations":[{"start":{"line":398,"column":2},"end":{"line":398,"column":2}},{"start":{"line":398,"column":2},"end":{"line":398,"column":2}}]},"24":{"line":403,"type":"if","locations":[{"start":{"line":403,"column":2},"end":{"line":403,"column":2}},{"start":{"line":403,"column":2},"end":{"line":403,"column":2}}]},"25":{"line":413,"type":"if","locations":[{"start":{"line":413,"column":4},"end":{"line":413,"column":4}},{"start":{"line":413,"column":4},"end":{"line":413,"column":4}}]},"26":{"line":441,"type":"if","locations":[{"start":{"line":441,"column":2},"end":{"line":441,"column":2}},{"start":{"line":441,"column":2},"end":{"line":441,"column":2}}]},"27":{"line":445,"type":"if","locations":[{"start":{"line":445,"column":2},"end":{"line":445,"column":2}},{"start":{"line":445,"column":2},"end":{"line":445,"column":2}}]},"28":{"line":529,"type":"if","locations":[{"start":{"line":529,"column":2},"end":{"line":529,"column":2}},{"start":{"line":529,"column":2},"end":{"line":529,"column":2}}]},"29":{"line":531,"type":"if","locations":[{"start":{"line":531,"column":9},"end":{"line":531,"column":9}},{"start":{"line":531,"column":9},"end":{"line":531,"column":9}}]},"30":{"line":533,"type":"if","locations":[{"start":{"line":533,"column":9},"end":{"line":533,"column":9}},{"start":{"line":533,"column":9},"end":{"line":533,"column":9}}]},"31":{"line":539,"type":"if","locations":[{"start":{"line":539,"column":2},"end":{"line":539,"column":2}},{"start":{"line":539,"column":2},"end":{"line":539,"column":2}}]},"32":{"line":543,"type":"if","locations":[{"start":{"line":543,"column":4},"end":{"line":543,"column":4}},{"start":{"line":543,"column":4},"end":{"line":543,"column":4}}]},"33":{"line":550,"type":"if","locations":[{"start":{"line":550,"column":4},"end":{"line":550,"column":4}},{"start":{"line":550,"column":4},"end":{"line":550,"column":4}}]},"34":{"line":566,"type":"if","locations":[{"start":{"line":566,"column":2},"end":{"line":566,"column":2}},{"start":{"line":566,"column":2},"end":{"line":566,"column":2}}]},"35":{"line":568,"type":"if","locations":[{"start":{"line":568,"column":9},"end":{"line":568,"column":9}},{"start":{"line":568,"column":9},"end":{"line":568,"column":9}}]},"36":{"line":569,"type":"if","locations":[{"start":{"line":569,"column":4},"end":{"line":569,"column":4}},{"start":{"line":569,"column":4},"end":{"line":569,"column":4}}]},"37":{"line":578,"type":"if","locations":[{"start":{"line":578,"column":2},"end":{"line":578,"column":2}},{"start":{"line":578,"column":2},"end":{"line":578,"column":2}}]},"38":{"line":584,"type":"if","locations":[{"start":{"line":584,"column":4},"end":{"line":584,"column":4}},{"start":{"line":584,"column":4},"end":{"line":584,"column":4}}]},"39":{"line":588,"type":"if","locations":[{"start":{"line":588,"column":4},"end":{"line":588,"column":4}},{"start":{"line":588,"column":4},"end":{"line":588,"column":4}}]},"40":{"line":590,"type":"if","locations":[{"start":{"line":590,"column":11},"end":{"line":590,"column":11}},{"start":{"line":590,"column":11},"end":{"line":590,"column":11}}]},"41":{"line":633,"type":"if","locations":[{"start":{"line":633,"column":2},"end":{"line":633,"column":2}},{"start":{"line":633,"column":2},"end":{"line":633,"column":2}}]},"42":{"line":633,"type":"binary-expr","locations":[{"start":{"line":633,"column":6},"end":{"line":633,"column":30}},{"start":{"line":633,"column":34},"end":{"line":633,"column":63}}]},"43":{"line":645,"type":"if","locations":[{"start":{"line":645,"column":6},"end":{"line":645,"column":6}},{"start":{"line":645,"column":6},"end":{"line":645,"column":6}}]},"44":{"line":689,"type":"if","locations":[{"start":{"line":689,"column":2},"end":{"line":689,"column":2}},{"start":{"line":689,"column":2},"end":{"line":689,"column":2}}]},"45":{"line":690,"type":"if","locations":[{"start":{"line":690,"column":4},"end":{"line":690,"column":4}},{"start":{"line":690,"column":4},"end":{"line":690,"column":4}}]},"46":{"line":690,"type":"binary-expr","locations":[{"start":{"line":690,"column":9},"end":{"line":690,"column":34}},{"start":{"line":690,"column":40},"end":{"line":690,"column":69}}]},"47":{"line":700,"type":"if","locations":[{"start":{"line":700,"column":7},"end":{"line":700,"column":7}},{"start":{"line":700,"column":7},"end":{"line":700,"column":7}}]},"48":{"line":700,"type":"binary-expr","locations":[{"start":{"line":700,"column":12},"end":{"line":700,"column":36}},{"start":{"line":700,"column":42},"end":{"line":700,"column":71}}]},"49":{"line":715,"type":"if","locations":[{"start":{"line":715,"column":2},"end":{"line":715,"column":2}},{"start":{"line":715,"column":2},"end":{"line":715,"column":2}}]},"50":{"line":715,"type":"binary-expr","locations":[{"start":{"line":715,"column":6},"end":{"line":715,"column":22}},{"start":{"line":715,"column":27},"end":{"line":715,"column":50}},{"start":{"line":715,"column":54},"end":{"line":715,"column":82}}]}}},"/data/upstream/node-http2/lib/logging.js":{"path":"/data/upstream/node-http2/lib/logging.js","s":{"1":1,"2":1,"3":0,"4":0,"5":0,"6":1,"7":1,"8":105,"9":1},"b":{"1":[0,1]},"f":{"1":1090,"2":105},"fnMap":{"1":{"name":"noop","line":15,"loc":{"start":{"line":15,"column":2},"end":{"line":15,"column":18}}},"2":{"name":"(anonymous_2)","line":24,"loc":{"start":{"line":24,"column":11},"end":{"line":24,"column":22}}}},"statementMap":{"1":{"start":{"line":1,"column":0},"end":{"line":1,"column":22}},"2":{"start":{"line":3,"column":0},"end":{"line":28,"column":1}},"3":{"start":{"line":4,"column":2},"end":{"line":4,"column":33}},"4":{"start":{"line":6,"column":2},"end":{"line":10,"column":5}},"5":{"start":{"line":12,"column":2},"end":{"line":12,"column":49}},"6":{"start":{"line":15,"column":2},"end":{"line":15,"column":20}},"7":{"start":{"line":16,"column":2},"end":{"line":25,"column":4}},"8":{"start":{"line":24,"column":24},"end":{"line":24,"column":36}},"9":{"start":{"line":27,"column":2},"end":{"line":27,"column":27}}},"branchMap":{"1":{"line":3,"type":"if","locations":[{"start":{"line":3,"column":0},"end":{"line":3,"column":0}},{"start":{"line":3,"column":0},"end":{"line":3,"column":0}}]}}},"/data/upstream/node-http2/lib/connection.js":{"path":"/data/upstream/node-http2/lib/connection.js","s":{"1":1,"2":1,"3":1,"4":1,"5":18,"6":18,"7":18,"8":18,"9":18,"10":18,"11":1,"12":1,"13":1,"14":18,"15":18,"16":18,"17":18,"18":18,"19":18,"20":18,"21":18,"22":1,"23":139,"24":1,"25":23,"26":23,"27":23,"28":0,"29":0,"30":1,"31":16,"32":16,"33":1,"34":1,"35":1,"36":1,"37":16,"38":16,"39":16,"40":16,"41":16,"42":1,"43":16,"44":16,"45":16,"46":1,"47":9,"48":9,"49":2,"50":2,"51":0,"52":7,"53":7,"54":7,"55":7,"56":7,"57":1,"58":9,"59":9,"60":9,"61":9,"62":9,"63":1,"64":9,"65":0,"66":9,"67":9,"68":9,"69":3,"70":3,"71":3,"72":9,"73":9,"74":0,"75":9,"76":9,"77":9,"78":1,"79":123,"80":123,"81":123,"82":120,"83":120,"84":120,"85":120,"86":120,"87":26,"88":26,"89":3,"90":3,"91":26,"92":26,"93":26,"94":0,"95":26,"96":0,"97":123,"98":1,"99":47,"100":47,"101":47,"102":6,"103":46,"104":3,"105":45,"106":45,"107":1,"108":1,"109":18,"110":18,"111":18,"112":18,"113":18,"114":0,"115":0,"116":18,"117":1,"118":18,"119":34,"120":1,"121":18,"122":1,"123":18,"124":18,"125":18,"126":1,"127":2,"128":2,"129":2,"130":32,"131":2,"132":1,"133":2,"134":2,"135":2,"136":2,"137":2,"138":1,"139":4,"140":2,"141":2,"142":2,"143":2,"144":2,"145":0,"146":2,"147":2,"148":1,"149":0,"150":0,"151":0,"152":1,"153":0,"154":0,"155":1,"156":18,"157":18,"158":16,"159":18,"160":18,"161":18,"162":1,"163":1,"164":18,"165":0,"166":0,"167":18,"168":18,"169":18,"170":24,"171":1,"172":2,"173":2,"174":2,"175":0,"176":0,"177":0},"b":{"1":[18,2],"2":[23,0],"3":[23,5,1,1],"4":[2,7],"5":[9,7],"6":[0,9],"7":[0,9],"8":[3,23],"9":[0,26],"10":[0,26],"11":[6,41],"12":[3,43],"13":[18,2],"14":[18,0],"15":[18,18],"16":[2,2],"17":[2,0],"18":[0,0],"19":[0,18],"20":[18,0],"21":[2,0],"22":[0,0]},"f":{"1":18,"2":18,"3":139,"4":23,"5":16,"6":1,"7":16,"8":16,"9":9,"10":9,"11":9,"12":3,"13":3,"14":9,"15":123,"16":47,"17":18,"18":18,"19":18,"20":18,"21":18,"22":2,"23":2,"24":4,"25":0,"26":0,"27":18,"28":16,"29":18,"30":18,"31":24,"32":2},"fnMap":{"1":{"name":"Connection","line":36,"loc":{"start":{"line":36,"column":0},"end":{"line":36,"column":50}}},"2":{"name":"_initializeStreamManagement","line":96,"loc":{"start":{"line":96,"column":51},"end":{"line":96,"column":103}}},"3":{"name":"_getIdOf","line":121,"loc":{"start":{"line":121,"column":32},"end":{"line":121,"column":58}}},"4":{"name":"_writeControlFrame","line":127,"loc":{"start":{"line":127,"column":42},"end":{"line":127,"column":77}}},"5":{"name":"_updateStreamLimit","line":139,"loc":{"start":{"line":139,"column":42},"end":{"line":139,"column":86}}},"6":{"name":"_decreaseStreamCount","line":145,"loc":{"start":{"line":145,"column":44},"end":{"line":145,"column":76}}},"7":{"name":"_newStream","line":158,"loc":{"start":{"line":158,"column":34},"end":{"line":158,"column":58}}},"8":{"name":"_activateStream","line":166,"loc":{"start":{"line":166,"column":39},"end":{"line":166,"column":72}}},"9":{"name":"_createIncomingStream","line":179,"loc":{"start":{"line":179,"column":45},"end":{"line":179,"column":80}}},"10":{"name":"createStream","line":196,"loc":{"start":{"line":196,"column":36},"end":{"line":196,"column":60}}},"11":{"name":"tryToActivate","line":209,"loc":{"start":{"line":209,"column":2},"end":{"line":209,"column":27}}},"12":{"name":"(anonymous_12)","line":221,"loc":{"start":{"line":221,"column":35},"end":{"line":221,"column":46}}},"13":{"name":"(anonymous_13)","line":223,"loc":{"start":{"line":223,"column":32},"end":{"line":223,"column":43}}},"14":{"name":"(anonymous_14)","line":228,"loc":{"start":{"line":228,"column":24},"end":{"line":228,"column":35}}},"15":{"name":"_send","line":247,"loc":{"start":{"line":247,"column":29},"end":{"line":247,"column":46}}},"16":{"name":"_receive","line":280,"loc":{"start":{"line":280,"column":32},"end":{"line":280,"column":63}}},"17":{"name":"_initializeSettingsManagement","line":310,"loc":{"start":{"line":310,"column":53},"end":{"line":310,"column":102}}},"18":{"name":"(anonymous_18)","line":316,"loc":{"start":{"line":316,"column":25},"end":{"line":316,"column":41}}},"19":{"name":"_receiveSettings","line":330,"loc":{"start":{"line":330,"column":40},"end":{"line":330,"column":73}}},"20":{"name":"set","line":337,"loc":{"start":{"line":337,"column":27},"end":{"line":337,"column":50}}},"21":{"name":"_initializeLifecycleManagement","line":355,"loc":{"start":{"line":355,"column":54},"end":{"line":355,"column":96}}},"22":{"name":"_generatePingId","line":362,"loc":{"start":{"line":362,"column":39},"end":{"line":362,"column":66}}},"23":{"name":"ping","line":373,"loc":{"start":{"line":373,"column":28},"end":{"line":373,"column":52}}},"24":{"name":"_receivePing","line":390,"loc":{"start":{"line":390,"column":36},"end":{"line":390,"column":65}}},"25":{"name":"close","line":415,"loc":{"start":{"line":415,"column":29},"end":{"line":415,"column":51}}},"26":{"name":"_receiveGoaway","line":426,"loc":{"start":{"line":426,"column":38},"end":{"line":426,"column":69}}},"27":{"name":"_initializeFlowControl","line":434,"loc":{"start":{"line":434,"column":46},"end":{"line":434,"column":80}}},"28":{"name":"(anonymous_28)","line":437,"loc":{"start":{"line":437,"column":24},"end":{"line":437,"column":41}}},"29":{"name":"noop","line":442,"loc":{"start":{"line":442,"column":50},"end":{"line":442,"column":66}}},"30":{"name":"_setInitialStreamWindowSize","line":455,"loc":{"start":{"line":455,"column":51},"end":{"line":455,"column":94}}},"31":{"name":"(anonymous_31)","line":462,"loc":{"start":{"line":462,"column":29},"end":{"line":462,"column":46}}},"32":{"name":"_setStreamFlowControl","line":470,"loc":{"start":{"line":470,"column":45},"end":{"line":470,"column":85}}}},"statementMap":{"1":{"start":{"line":1,"column":0},"end":{"line":1,"column":35}},"2":{"start":{"line":10,"column":0},"end":{"line":10,"column":34}},"3":{"start":{"line":12,"column":0},"end":{"line":12,"column":32}},"4":{"start":{"line":36,"column":0},"end":{"line":56,"column":1}},"5":{"start":{"line":38,"column":2},"end":{"line":38,"column":21}},"6":{"start":{"line":41,"column":2},"end":{"line":41,"column":71}},"7":{"start":{"line":44,"column":2},"end":{"line":44,"column":50}},"8":{"start":{"line":47,"column":2},"end":{"line":47,"column":47}},"9":{"start":{"line":50,"column":2},"end":{"line":50,"column":40}},"10":{"start":{"line":53,"column":2},"end":{"line":53,"column":32}},"11":{"start":{"line":57,"column":0},"end":{"line":57,"column":93}},"12":{"start":{"line":93,"column":0},"end":{"line":93,"column":41}},"13":{"start":{"line":96,"column":0},"end":{"line":119,"column":2}},"14":{"start":{"line":103,"column":2},"end":{"line":103,"column":24}},"15":{"start":{"line":105,"column":2},"end":{"line":105,"column":30}},"16":{"start":{"line":108,"column":2},"end":{"line":108,"column":37}},"17":{"start":{"line":109,"column":2},"end":{"line":109,"column":31}},"18":{"start":{"line":112,"column":2},"end":{"line":112,"column":84}},"19":{"start":{"line":116,"column":2},"end":{"line":116,"column":24}},"20":{"start":{"line":117,"column":2},"end":{"line":117,"column":31}},"21":{"start":{"line":118,"column":2},"end":{"line":118,"column":70}},"22":{"start":{"line":121,"column":0},"end":{"line":123,"column":2}},"23":{"start":{"line":122,"column":2},"end":{"line":122,"column":42}},"24":{"start":{"line":127,"column":0},"end":{"line":136,"column":2}},"25":{"start":{"line":128,"column":2},"end":{"line":135,"column":3}},"26":{"start":{"line":130,"column":4},"end":{"line":130,"column":74}},"27":{"start":{"line":131,"column":4},"end":{"line":131,"column":33}},"28":{"start":{"line":133,"column":4},"end":{"line":133,"column":72}},"29":{"start":{"line":134,"column":4},"end":{"line":134,"column":41}},"30":{"start":{"line":139,"column":0},"end":{"line":142,"column":2}},"31":{"start":{"line":140,"column":2},"end":{"line":140,"column":37}},"32":{"start":{"line":141,"column":2},"end":{"line":141,"column":34}},"33":{"start":{"line":145,"column":0},"end":{"line":148,"column":2}},"34":{"start":{"line":146,"column":2},"end":{"line":146,"column":25}},"35":{"start":{"line":147,"column":2},"end":{"line":147,"column":34}},"36":{"start":{"line":158,"column":0},"end":{"line":164,"column":2}},"37":{"start":{"line":159,"column":2},"end":{"line":159,"column":59}},"38":{"start":{"line":160,"column":2},"end":{"line":160,"column":62}},"39":{"start":{"line":161,"column":2},"end":{"line":161,"column":32}},"40":{"start":{"line":162,"column":2},"end":{"line":162,"column":38}},"41":{"start":{"line":163,"column":2},"end":{"line":163,"column":16}},"42":{"start":{"line":166,"column":0},"end":{"line":170,"column":2}},"43":{"start":{"line":167,"column":2},"end":{"line":167,"column":78}},"44":{"start":{"line":168,"column":2},"end":{"line":168,"column":38}},"45":{"start":{"line":169,"column":2},"end":{"line":169,"column":58}},"46":{"start":{"line":179,"column":0},"end":{"line":193,"column":2}},"47":{"start":{"line":180,"column":2},"end":{"line":180,"column":61}},"48":{"start":{"line":182,"column":2},"end":{"line":186,"column":3}},"49":{"start":{"line":183,"column":4},"end":{"line":183,"column":116}},"50":{"start":{"line":184,"column":4},"end":{"line":184,"column":41}},"51":{"start":{"line":185,"column":4},"end":{"line":185,"column":21}},"52":{"start":{"line":188,"column":2},"end":{"line":188,"column":32}},"53":{"start":{"line":189,"column":2},"end":{"line":189,"column":35}},"54":{"start":{"line":190,"column":2},"end":{"line":190,"column":31}},"55":{"start":{"line":191,"column":2},"end":{"line":191,"column":34}},"56":{"start":{"line":192,"column":2},"end":{"line":192,"column":16}},"57":{"start":{"line":196,"column":0},"end":{"line":240,"column":2}},"58":{"start":{"line":198,"column":2},"end":{"line":198,"column":30}},"59":{"start":{"line":199,"column":2},"end":{"line":199,"column":26}},"60":{"start":{"line":201,"column":2},"end":{"line":201,"column":70}},"61":{"start":{"line":204,"column":2},"end":{"line":204,"column":35}},"62":{"start":{"line":208,"column":2},"end":{"line":208,"column":18}},"63":{"start":{"line":209,"column":2},"end":{"line":215,"column":3}},"64":{"start":{"line":210,"column":4},"end":{"line":214,"column":5}},"65":{"start":{"line":211,"column":6},"end":{"line":211,"column":53}},"66":{"start":{"line":213,"column":6},"end":{"line":213,"column":35}},"67":{"start":{"line":220,"column":2},"end":{"line":220,"column":29}},"68":{"start":{"line":221,"column":2},"end":{"line":226,"column":5}},"69":{"start":{"line":222,"column":4},"end":{"line":222,"column":26}},"70":{"start":{"line":223,"column":4},"end":{"line":225,"column":7}},"71":{"start":{"line":224,"column":6},"end":{"line":224,"column":29}},"72":{"start":{"line":228,"column":2},"end":{"line":234,"column":5}},"73":{"start":{"line":229,"column":4},"end":{"line":233,"column":5}},"74":{"start":{"line":230,"column":6},"end":{"line":230,"column":49}},"75":{"start":{"line":232,"column":6},"end":{"line":232,"column":22}},"76":{"start":{"line":237,"column":2},"end":{"line":237,"column":64}},"77":{"start":{"line":239,"column":2},"end":{"line":239,"column":16}},"78":{"start":{"line":247,"column":0},"end":{"line":276,"column":2}},"79":{"start":{"line":248,"column":2},"end":{"line":248,"column":62}},"80":{"start":{"line":251,"column":0},"end":{"line":273,"column":3}},"81":{"start":{"line":252,"column":2},"end":{"line":273,"column":3}},"82":{"start":{"line":253,"column":4},"end":{"line":253,"column":43}},"83":{"start":{"line":254,"column":4},"end":{"line":254,"column":35}},"84":{"start":{"line":255,"column":4},"end":{"line":255,"column":14}},"85":{"start":{"line":256,"column":4},"end":{"line":256,"column":73}},"86":{"start":{"line":257,"column":4},"end":{"line":272,"column":5}},"87":{"start":{"line":258,"column":6},"end":{"line":258,"column":24}},"88":{"start":{"line":259,"column":6},"end":{"line":262,"column":7}},"89":{"start":{"line":260,"column":8},"end":{"line":260,"column":51}},"90":{"start":{"line":261,"column":8},"end":{"line":261,"column":69}},"91":{"start":{"line":264,"column":6},"end":{"line":264,"column":91}},"92":{"start":{"line":265,"column":6},"end":{"line":265,"column":59}},"93":{"start":{"line":267,"column":6},"end":{"line":271,"column":7}},"94":{"start":{"line":268,"column":8},"end":{"line":268,"column":29}},"95":{"start":{"line":269,"column":13},"end":{"line":271,"column":7}},"96":{"start":{"line":270,"column":8},"end":{"line":270,"column":26}},"97":{"start":{"line":275,"column":2},"end":{"line":275,"column":90}},"98":{"start":{"line":280,"column":0},"end":{"line":300,"column":2}},"99":{"start":{"line":281,"column":2},"end":{"line":281,"column":65}},"100":{"start":{"line":284,"column":2},"end":{"line":284,"column":46}},"101":{"start":{"line":287,"column":2},"end":{"line":289,"column":3}},"102":{"start":{"line":288,"column":4},"end":{"line":288,"column":54}},"103":{"start":{"line":292,"column":2},"end":{"line":294,"column":3}},"104":{"start":{"line":293,"column":4},"end":{"line":293,"column":78}},"105":{"start":{"line":297,"column":2},"end":{"line":297,"column":31}},"106":{"start":{"line":299,"column":2},"end":{"line":299,"column":9}},"107":{"start":{"line":305,"column":0},"end":{"line":307,"column":2}},"108":{"start":{"line":310,"column":0},"end":{"line":327,"column":2}},"109":{"start":{"line":312,"column":2},"end":{"line":312,"column":87}},"110":{"start":{"line":313,"column":2},"end":{"line":313,"column":40}},"111":{"start":{"line":316,"column":2},"end":{"line":323,"column":5}},"112":{"start":{"line":317,"column":4},"end":{"line":322,"column":5}},"113":{"start":{"line":318,"column":6},"end":{"line":318,"column":93}},"114":{"start":{"line":320,"column":6},"end":{"line":320,"column":99}},"115":{"start":{"line":321,"column":6},"end":{"line":321,"column":25}},"116":{"start":{"line":326,"column":2},"end":{"line":326,"column":45}},"117":{"start":{"line":330,"column":0},"end":{"line":334,"column":2}},"118":{"start":{"line":331,"column":2},"end":{"line":333,"column":3}},"119":{"start":{"line":332,"column":4},"end":{"line":332,"column":42}},"120":{"start":{"line":337,"column":0},"end":{"line":343,"column":2}},"121":{"start":{"line":338,"column":2},"end":{"line":342,"column":5}},"122":{"start":{"line":355,"column":0},"end":{"line":359,"column":2}},"123":{"start":{"line":356,"column":2},"end":{"line":356,"column":19}},"124":{"start":{"line":357,"column":2},"end":{"line":357,"column":37}},"125":{"start":{"line":358,"column":2},"end":{"line":358,"column":41}},"126":{"start":{"line":362,"column":0},"end":{"line":370,"column":2}},"127":{"start":{"line":363,"column":2},"end":{"line":368,"column":29}},"128":{"start":{"line":364,"column":4},"end":{"line":364,"column":16}},"129":{"start":{"line":365,"column":4},"end":{"line":367,"column":5}},"130":{"start":{"line":366,"column":6},"end":{"line":366,"column":54}},"131":{"start":{"line":369,"column":2},"end":{"line":369,"column":12}},"132":{"start":{"line":373,"column":0},"end":{"line":387,"column":2}},"133":{"start":{"line":374,"column":2},"end":{"line":374,"column":34}},"134":{"start":{"line":375,"column":2},"end":{"line":375,"column":35}},"135":{"start":{"line":376,"column":2},"end":{"line":376,"column":29}},"136":{"start":{"line":378,"column":2},"end":{"line":378,"column":51}},"137":{"start":{"line":379,"column":2},"end":{"line":386,"column":5}},"138":{"start":{"line":390,"column":0},"end":{"line":412,"column":2}},"139":{"start":{"line":391,"column":2},"end":{"line":411,"column":3}},"140":{"start":{"line":392,"column":4},"end":{"line":392,"column":40}},"141":{"start":{"line":393,"column":4},"end":{"line":399,"column":5}},"142":{"start":{"line":394,"column":6},"end":{"line":394,"column":76}},"143":{"start":{"line":395,"column":6},"end":{"line":395,"column":24}},"144":{"start":{"line":396,"column":6},"end":{"line":396,"column":29}},"145":{"start":{"line":398,"column":6},"end":{"line":398,"column":71}},"146":{"start":{"line":402,"column":4},"end":{"line":402,"column":61}},"147":{"start":{"line":403,"column":4},"end":{"line":410,"column":7}},"148":{"start":{"line":415,"column":0},"end":{"line":424,"column":2}},"149":{"start":{"line":416,"column":2},"end":{"line":416,"column":61}},"150":{"start":{"line":417,"column":2},"end":{"line":422,"column":5}},"151":{"start":{"line":423,"column":2},"end":{"line":423,"column":18}},"152":{"start":{"line":426,"column":0},"end":{"line":429,"column":2}},"153":{"start":{"line":427,"column":2},"end":{"line":427,"column":76}},"154":{"start":{"line":428,"column":2},"end":{"line":428,"column":18}},"155":{"start":{"line":434,"column":0},"end":{"line":446,"column":2}},"156":{"start":{"line":436,"column":2},"end":{"line":436,"column":61}},"157":{"start":{"line":437,"column":2},"end":{"line":439,"column":5}},"158":{"start":{"line":438,"column":4},"end":{"line":438,"column":68}},"159":{"start":{"line":440,"column":2},"end":{"line":440,"column":76}},"160":{"start":{"line":441,"column":2},"end":{"line":441,"column":71}},"161":{"start":{"line":442,"column":2},"end":{"line":442,"column":69}},"162":{"start":{"line":449,"column":0},"end":{"line":449,"column":39}},"163":{"start":{"line":455,"column":0},"end":{"line":466,"column":2}},"164":{"start":{"line":456,"column":2},"end":{"line":465,"column":3}},"165":{"start":{"line":457,"column":4},"end":{"line":457,"column":112}},"166":{"start":{"line":458,"column":4},"end":{"line":458,"column":45}},"167":{"start":{"line":460,"column":4},"end":{"line":460,"column":76}},"168":{"start":{"line":461,"column":4},"end":{"line":461,"column":41}},"169":{"start":{"line":462,"column":4},"end":{"line":464,"column":7}},"170":{"start":{"line":463,"column":6},"end":{"line":463,"column":45}},"171":{"start":{"line":470,"column":0},"end":{"line":478,"column":2}},"172":{"start":{"line":471,"column":2},"end":{"line":477,"column":3}},"173":{"start":{"line":472,"column":4},"end":{"line":472,"column":35}},"174":{"start":{"line":473,"column":4},"end":{"line":473,"column":47}},"175":{"start":{"line":474,"column":9},"end":{"line":477,"column":3}},"176":{"start":{"line":475,"column":4},"end":{"line":475,"column":81}},"177":{"start":{"line":476,"column":4},"end":{"line":476,"column":45}}},"branchMap":{"1":{"line":41,"type":"binary-expr","locations":[{"start":{"line":41,"column":15},"end":{"line":41,"column":18}},{"start":{"line":41,"column":22},"end":{"line":41,"column":34}}]},"2":{"line":128,"type":"if","locations":[{"start":{"line":128,"column":2},"end":{"line":128,"column":2}},{"start":{"line":128,"column":2},"end":{"line":128,"column":2}}]},"3":{"line":128,"type":"binary-expr","locations":[{"start":{"line":128,"column":7},"end":{"line":128,"column":32}},{"start":{"line":128,"column":38},"end":{"line":128,"column":59}},{"start":{"line":129,"column":7},"end":{"line":129,"column":30}},{"start":{"line":129,"column":36},"end":{"line":129,"column":66}}]},"4":{"line":182,"type":"if","locations":[{"start":{"line":182,"column":2},"end":{"line":182,"column":2}},{"start":{"line":182,"column":2},"end":{"line":182,"column":2}}]},"5":{"line":182,"type":"binary-expr","locations":[{"start":{"line":182,"column":7},"end":{"line":182,"column":37}},{"start":{"line":182,"column":43},"end":{"line":182,"column":78}}]},"6":{"line":210,"type":"if","locations":[{"start":{"line":210,"column":4},"end":{"line":210,"column":4}},{"start":{"line":210,"column":4},"end":{"line":210,"column":4}}]},"7":{"line":229,"type":"if","locations":[{"start":{"line":229,"column":4},"end":{"line":229,"column":4}},{"start":{"line":229,"column":4},"end":{"line":229,"column":4}}]},"8":{"line":259,"type":"if","locations":[{"start":{"line":259,"column":6},"end":{"line":259,"column":6}},{"start":{"line":259,"column":6},"end":{"line":259,"column":6}}]},"9":{"line":267,"type":"if","locations":[{"start":{"line":267,"column":6},"end":{"line":267,"column":6}},{"start":{"line":267,"column":6},"end":{"line":267,"column":6}}]},"10":{"line":269,"type":"if","locations":[{"start":{"line":269,"column":13},"end":{"line":269,"column":13}},{"start":{"line":269,"column":13},"end":{"line":269,"column":13}}]},"11":{"line":287,"type":"if","locations":[{"start":{"line":287,"column":2},"end":{"line":287,"column":2}},{"start":{"line":287,"column":2},"end":{"line":287,"column":2}}]},"12":{"line":292,"type":"if","locations":[{"start":{"line":292,"column":2},"end":{"line":292,"column":2}},{"start":{"line":292,"column":2},"end":{"line":292,"column":2}}]},"13":{"line":313,"type":"binary-expr","locations":[{"start":{"line":313,"column":11},"end":{"line":313,"column":19}},{"start":{"line":313,"column":23},"end":{"line":313,"column":38}}]},"14":{"line":317,"type":"if","locations":[{"start":{"line":317,"column":4},"end":{"line":317,"column":4}},{"start":{"line":317,"column":4},"end":{"line":317,"column":4}}]},"15":{"line":317,"type":"binary-expr","locations":[{"start":{"line":317,"column":9},"end":{"line":317,"column":27}},{"start":{"line":317,"column":33},"end":{"line":317,"column":58}}]},"16":{"line":391,"type":"if","locations":[{"start":{"line":391,"column":2},"end":{"line":391,"column":2}},{"start":{"line":391,"column":2},"end":{"line":391,"column":2}}]},"17":{"line":393,"type":"if","locations":[{"start":{"line":393,"column":4},"end":{"line":393,"column":4}},{"start":{"line":393,"column":4},"end":{"line":393,"column":4}}]},"18":{"line":421,"type":"binary-expr","locations":[{"start":{"line":421,"column":11},"end":{"line":421,"column":16}},{"start":{"line":421,"column":20},"end":{"line":421,"column":30}}]},"19":{"line":456,"type":"if","locations":[{"start":{"line":456,"column":2},"end":{"line":456,"column":2}},{"start":{"line":456,"column":2},"end":{"line":456,"column":2}}]},"20":{"line":456,"type":"binary-expr","locations":[{"start":{"line":456,"column":7},"end":{"line":456,"column":49}},{"start":{"line":456,"column":55},"end":{"line":456,"column":72}}]},"21":{"line":471,"type":"if","locations":[{"start":{"line":471,"column":2},"end":{"line":471,"column":2}},{"start":{"line":471,"column":2},"end":{"line":471,"column":2}}]},"22":{"line":474,"type":"if","locations":[{"start":{"line":474,"column":9},"end":{"line":474,"column":9}},{"start":{"line":474,"column":9},"end":{"line":474,"column":9}}]}}},"/data/upstream/node-http2/lib/flow.js":{"path":"/data/upstream/node-http2/lib/flow.js","s":{"1":1,"2":1,"3":1,"4":1,"5":1,"6":1,"7":42,"8":42,"9":42,"10":42,"11":42,"12":42,"13":42,"14":1,"15":1,"16":0,"17":1,"18":77,"19":77,"20":6,"21":77,"22":8,"23":8,"24":8,"25":7,"26":8,"27":69,"28":75,"29":5,"30":1,"31":7,"32":7,"33":3,"34":3,"35":1,"36":0,"37":0,"38":1,"39":1,"40":0,"41":1,"42":341,"43":341,"44":0,"45":0,"46":341,"47":1,"48":27,"49":27,"50":27,"51":0,"52":27,"53":1,"54":83,"55":83,"56":83,"57":83,"58":0,"59":0,"60":0,"61":0,"62":0,"63":0,"64":0,"65":83,"66":83,"67":83,"68":83,"69":12,"70":12,"71":12,"72":83,"73":83,"74":83,"75":0,"76":83,"77":1,"78":57,"79":0,"80":57,"81":57,"82":57,"83":57,"84":57,"85":0,"86":0,"87":1,"88":3,"89":3,"90":1,"91":1,"92":29,"93":2,"94":2,"95":27,"96":27,"97":27,"98":0,"99":0,"100":27,"101":1,"102":5,"103":1,"104":22,"105":22,"106":1,"107":0},"b":{"1":[0,1],"2":[6,71],"3":[8,69],"4":[77,18,10],"5":[7,1],"6":[5,70],"7":[75,7,3],"8":[3,4],"9":[7,3,3],"10":[341,0],"11":[27,27],"12":[83,0],"13":[83,0],"14":[83,83,16,16],"15":[0,0],"16":[83,0],"17":[12,71],"18":[83,83,16],"19":[0,83],"20":[0,57],"21":[57,50],"22":[57,0],"23":[3,3],"24":[2,27],"25":[29,2],"26":[0,27],"27":[27,23],"28":[0,5]},"f":{"1":12,"2":42,"3":0,"4":77,"5":8,"6":7,"7":0,"8":0,"9":341,"10":27,"11":83,"12":57,"13":3,"14":29,"15":5,"16":22,"17":0},"fnMap":{"1":{"name":"noop","line":1,"loc":{"start":{"line":1,"column":45},"end":{"line":1,"column":76}}},"2":{"name":"Flow","line":73,"loc":{"start":{"line":73,"column":0},"end":{"line":73,"column":29}}},"3":{"name":"_receive","line":90,"loc":{"start":{"line":90,"column":26},"end":{"line":90,"column":61}}},"4":{"name":"_write","line":98,"loc":{"start":{"line":98,"column":24},"end":{"line":98,"column":67}}},"5":{"name":"(anonymous_5)","line":106,"loc":{"start":{"line":106,"column":25},"end":{"line":106,"column":36}}},"6":{"name":"_restoreWindow","line":127,"loc":{"start":{"line":127,"column":32},"end":{"line":127,"column":58}}},"7":{"name":"disableRemoteFlowControl","line":141,"loc":{"start":{"line":141,"column":42},"end":{"line":141,"column":78}}},"8":{"name":"_send","line":173,"loc":{"start":{"line":173,"column":23},"end":{"line":173,"column":40}}},"9":{"name":"_read","line":181,"loc":{"start":{"line":181,"column":23},"end":{"line":181,"column":40}}},"10":{"name":"_onWindowIncrease","line":194,"loc":{"start":{"line":194,"column":35},"end":{"line":194,"column":64}}},"11":{"name":"_push","line":212,"loc":{"start":{"line":212,"column":23},"end":{"line":212,"column":64}}},"12":{"name":"push","line":261,"loc":{"start":{"line":261,"column":22},"end":{"line":261,"column":43}}},"13":{"name":"getLastQueuedFrame","line":280,"loc":{"start":{"line":280,"column":36},"end":{"line":280,"column":66}}},"14":{"name":"_increaseWindow","line":298,"loc":{"start":{"line":298,"column":33},"end":{"line":298,"column":64}}},"15":{"name":"_updateWindow","line":322,"loc":{"start":{"line":322,"column":31},"end":{"line":322,"column":61}}},"16":{"name":"setInitialWindow","line":330,"loc":{"start":{"line":330,"column":34},"end":{"line":330,"column":75}}},"17":{"name":"disableLocalFlowControl","line":336,"loc":{"start":{"line":336,"column":41},"end":{"line":336,"column":76}}}},"statementMap":{"1":{"start":{"line":1,"column":0},"end":{"line":1,"column":79}},"2":{"start":{"line":2,"column":0},"end":{"line":2,"column":35}},"3":{"start":{"line":11,"column":0},"end":{"line":11,"column":39}},"4":{"start":{"line":13,"column":0},"end":{"line":13,"column":20}},"5":{"start":{"line":70,"column":0},"end":{"line":70,"column":32}},"6":{"start":{"line":73,"column":0},"end":{"line":83,"column":1}},"7":{"start":{"line":74,"column":2},"end":{"line":74,"column":42}},"8":{"start":{"line":76,"column":2},"end":{"line":76,"column":59}},"9":{"start":{"line":77,"column":2},"end":{"line":77,"column":38}},"10":{"start":{"line":78,"column":2},"end":{"line":78,"column":19}},"11":{"start":{"line":80,"column":2},"end":{"line":80,"column":22}},"12":{"start":{"line":81,"column":2},"end":{"line":81,"column":21}},"13":{"start":{"line":82,"column":2},"end":{"line":82,"column":42}},"14":{"start":{"line":84,"column":0},"end":{"line":84,"column":83}},"15":{"start":{"line":90,"column":0},"end":{"line":92,"column":2}},"16":{"start":{"line":91,"column":2},"end":{"line":91,"column":99}},"17":{"start":{"line":98,"column":0},"end":{"line":123,"column":2}},"18":{"start":{"line":99,"column":2},"end":{"line":99,"column":32}},"19":{"start":{"line":101,"column":2},"end":{"line":103,"column":3}},"20":{"start":{"line":102,"column":4},"end":{"line":102,"column":23}},"21":{"start":{"line":105,"column":2},"end":{"line":117,"column":3}},"22":{"start":{"line":106,"column":4},"end":{"line":112,"column":18}},"23":{"start":{"line":107,"column":6},"end":{"line":107,"column":42}},"24":{"start":{"line":108,"column":6},"end":{"line":110,"column":7}},"25":{"start":{"line":109,"column":8},"end":{"line":109,"column":80}},"26":{"start":{"line":111,"column":6},"end":{"line":111,"column":17}},"27":{"start":{"line":116,"column":4},"end":{"line":116,"column":35}},"28":{"start":{"line":119,"column":2},"end":{"line":122,"column":3}},"29":{"start":{"line":121,"column":4},"end":{"line":121,"column":30}},"30":{"start":{"line":127,"column":0},"end":{"line":137,"column":2}},"31":{"start":{"line":128,"column":2},"end":{"line":128,"column":34}},"32":{"start":{"line":129,"column":2},"end":{"line":136,"column":3}},"33":{"start":{"line":130,"column":4},"end":{"line":134,"column":7}},"34":{"start":{"line":135,"column":4},"end":{"line":135,"column":23}},"35":{"start":{"line":141,"column":0},"end":{"line":150,"column":2}},"36":{"start":{"line":142,"column":2},"end":{"line":142,"column":41}},"37":{"start":{"line":143,"column":2},"end":{"line":149,"column":5}},"38":{"start":{"line":170,"column":0},"end":{"line":170,"column":34}},"39":{"start":{"line":173,"column":0},"end":{"line":175,"column":2}},"40":{"start":{"line":174,"column":2},"end":{"line":174,"column":81}},"41":{"start":{"line":181,"column":0},"end":{"line":189,"column":2}},"42":{"start":{"line":182,"column":2},"end":{"line":187,"column":3}},"43":{"start":{"line":183,"column":4},"end":{"line":183,"column":17}},"44":{"start":{"line":185,"column":4},"end":{"line":185,"column":31}},"45":{"start":{"line":186,"column":4},"end":{"line":186,"column":43}},"46":{"start":{"line":188,"column":2},"end":{"line":188,"column":38}},"47":{"start":{"line":194,"column":0},"end":{"line":203,"column":2}},"48":{"start":{"line":195,"column":2},"end":{"line":195,"column":31}},"49":{"start":{"line":197,"column":2},"end":{"line":197,"column":63}},"50":{"start":{"line":198,"column":2},"end":{"line":200,"column":3}},"51":{"start":{"line":199,"column":4},"end":{"line":199,"column":53}},"52":{"start":{"line":202,"column":2},"end":{"line":202,"column":15}},"53":{"start":{"line":212,"column":0},"end":{"line":258,"column":2}},"54":{"start":{"line":213,"column":2},"end":{"line":251,"column":36}},"55":{"start":{"line":214,"column":4},"end":{"line":214,"column":55}},"56":{"start":{"line":215,"column":4},"end":{"line":236,"column":5}},"57":{"start":{"line":217,"column":6},"end":{"line":217,"column":26}},"58":{"start":{"line":220,"column":9},"end":{"line":236,"column":5}},"59":{"start":{"line":221,"column":6},"end":{"line":221,"column":24}},"60":{"start":{"line":225,"column":6},"end":{"line":225,"column":68}},"61":{"start":{"line":226,"column":6},"end":{"line":230,"column":8}},"62":{"start":{"line":232,"column":6},"end":{"line":233,"column":73}},"63":{"start":{"line":234,"column":6},"end":{"line":234,"column":47}},"64":{"start":{"line":235,"column":6},"end":{"line":235,"column":24}},"65":{"start":{"line":238,"column":4},"end":{"line":238,"column":26}},"66":{"start":{"line":239,"column":4},"end":{"line":248,"column":5}},"67":{"start":{"line":240,"column":6},"end":{"line":240,"column":85}},"68":{"start":{"line":241,"column":6},"end":{"line":246,"column":7}},"69":{"start":{"line":242,"column":8},"end":{"line":243,"column":65}},"70":{"start":{"line":244,"column":8},"end":{"line":244,"column":48}},"71":{"start":{"line":245,"column":8},"end":{"line":245,"column":34}},"72":{"start":{"line":247,"column":6},"end":{"line":247,"column":65}},"73":{"start":{"line":250,"column":4},"end":{"line":250,"column":22}},"74":{"start":{"line":253,"column":2},"end":{"line":255,"column":3}},"75":{"start":{"line":254,"column":4},"end":{"line":254,"column":33}},"76":{"start":{"line":257,"column":2},"end":{"line":257,"column":20}},"77":{"start":{"line":261,"column":0},"end":{"line":276,"column":2}},"78":{"start":{"line":262,"column":2},"end":{"line":268,"column":3}},"79":{"start":{"line":263,"column":4},"end":{"line":263,"column":57}},"80":{"start":{"line":265,"column":4},"end":{"line":265,"column":36}},"81":{"start":{"line":266,"column":4},"end":{"line":266,"column":67}},"82":{"start":{"line":267,"column":4},"end":{"line":267,"column":32}},"83":{"start":{"line":270,"column":2},"end":{"line":275,"column":3}},"84":{"start":{"line":271,"column":4},"end":{"line":271,"column":65}},"85":{"start":{"line":273,"column":4},"end":{"line":273,"column":28}},"86":{"start":{"line":274,"column":4},"end":{"line":274,"column":16}},"87":{"start":{"line":280,"column":0},"end":{"line":283,"column":2}},"88":{"start":{"line":281,"column":2},"end":{"line":281,"column":49}},"89":{"start":{"line":282,"column":2},"end":{"line":282,"column":88}},"90":{"start":{"line":296,"column":0},"end":{"line":296,"column":44}},"91":{"start":{"line":298,"column":0},"end":{"line":312,"column":2}},"92":{"start":{"line":299,"column":2},"end":{"line":311,"column":3}},"93":{"start":{"line":300,"column":4},"end":{"line":300,"column":97}},"94":{"start":{"line":301,"column":4},"end":{"line":301,"column":45}},"95":{"start":{"line":303,"column":4},"end":{"line":303,"column":96}},"96":{"start":{"line":304,"column":4},"end":{"line":304,"column":25}},"97":{"start":{"line":305,"column":4},"end":{"line":310,"column":5}},"98":{"start":{"line":306,"column":6},"end":{"line":306,"column":61}},"99":{"start":{"line":307,"column":6},"end":{"line":307,"column":47}},"100":{"start":{"line":309,"column":6},"end":{"line":309,"column":31}},"101":{"start":{"line":322,"column":0},"end":{"line":324,"column":2}},"102":{"start":{"line":323,"column":2},"end":{"line":323,"column":84}},"103":{"start":{"line":330,"column":0},"end":{"line":333,"column":2}},"104":{"start":{"line":331,"column":2},"end":{"line":331,"column":60}},"105":{"start":{"line":332,"column":2},"end":{"line":332,"column":38}},"106":{"start":{"line":336,"column":0},"end":{"line":338,"column":2}},"107":{"start":{"line":337,"column":2},"end":{"line":337,"column":33}}},"branchMap":{"1":{"line":1,"type":"cond-expr","locations":[{"start":{"line":1,"column":40},"end":{"line":1,"column":57}},{"start":{"line":1,"column":45},"end":{"line":1,"column":78}}]},"2":{"line":101,"type":"if","locations":[{"start":{"line":101,"column":2},"end":{"line":101,"column":2}},{"start":{"line":101,"column":2},"end":{"line":101,"column":2}}]},"3":{"line":105,"type":"if","locations":[{"start":{"line":105,"column":2},"end":{"line":105,"column":2}},{"start":{"line":105,"column":2},"end":{"line":105,"column":2}}]},"4":{"line":105,"type":"binary-expr","locations":[{"start":{"line":105,"column":7},"end":{"line":105,"column":28}},{"start":{"line":105,"column":34},"end":{"line":105,"column":55}},{"start":{"line":105,"column":60},"end":{"line":105,"column":92}}]},"5":{"line":108,"type":"if","locations":[{"start":{"line":108,"column":6},"end":{"line":108,"column":6}},{"start":{"line":108,"column":6},"end":{"line":108,"column":6}}]},"6":{"line":119,"type":"if","locations":[{"start":{"line":119,"column":2},"end":{"line":119,"column":2}},{"start":{"line":119,"column":2},"end":{"line":119,"column":2}}]},"7":{"line":119,"type":"binary-expr","locations":[{"start":{"line":119,"column":7},"end":{"line":119,"column":37}},{"start":{"line":120,"column":8},"end":{"line":120,"column":41}},{"start":{"line":120,"column":47},"end":{"line":120,"column":83}}]},"8":{"line":129,"type":"if","locations":[{"start":{"line":129,"column":2},"end":{"line":129,"column":2}},{"start":{"line":129,"column":2},"end":{"line":129,"column":2}}]},"9":{"line":129,"type":"binary-expr","locations":[{"start":{"line":129,"column":6},"end":{"line":129,"column":18}},{"start":{"line":129,"column":22},"end":{"line":129,"column":54}},{"start":{"line":129,"column":59},"end":{"line":129,"column":77}}]},"10":{"line":182,"type":"if","locations":[{"start":{"line":182,"column":2},"end":{"line":182,"column":2}},{"start":{"line":182,"column":2},"end":{"line":182,"column":2}}]},"11":{"line":198,"type":"binary-expr","locations":[{"start":{"line":198,"column":9},"end":{"line":198,"column":19}},{"start":{"line":198,"column":24},"end":{"line":198,"column":51}}]},"12":{"line":251,"type":"binary-expr","locations":[{"start":{"line":251,"column":11},"end":{"line":251,"column":20}},{"start":{"line":251,"column":24},"end":{"line":251,"column":34}}]},"13":{"line":215,"type":"if","locations":[{"start":{"line":215,"column":4},"end":{"line":215,"column":4}},{"start":{"line":215,"column":4},"end":{"line":215,"column":4}}]},"14":{"line":215,"type":"binary-expr","locations":[{"start":{"line":215,"column":9},"end":{"line":215,"column":23}},{"start":{"line":215,"column":29},"end":{"line":215,"column":50}},{"start":{"line":216,"column":10},"end":{"line":216,"column":43}},{"start":{"line":216,"column":49},"end":{"line":216,"column":91}}]},"15":{"line":220,"type":"if","locations":[{"start":{"line":220,"column":9},"end":{"line":220,"column":9}},{"start":{"line":220,"column":9},"end":{"line":220,"column":9}}]},"16":{"line":239,"type":"if","locations":[{"start":{"line":239,"column":4},"end":{"line":239,"column":4}},{"start":{"line":239,"column":4},"end":{"line":239,"column":4}}]},"17":{"line":241,"type":"if","locations":[{"start":{"line":241,"column":6},"end":{"line":241,"column":6}},{"start":{"line":241,"column":6},"end":{"line":241,"column":6}}]},"18":{"line":241,"type":"binary-expr","locations":[{"start":{"line":241,"column":10},"end":{"line":241,"column":21}},{"start":{"line":241,"column":26},"end":{"line":241,"column":53}},{"start":{"line":241,"column":59},"end":{"line":241,"column":84}}]},"19":{"line":253,"type":"if","locations":[{"start":{"line":253,"column":2},"end":{"line":253,"column":2}},{"start":{"line":253,"column":2},"end":{"line":253,"column":2}}]},"20":{"line":262,"type":"if","locations":[{"start":{"line":262,"column":2},"end":{"line":262,"column":2}},{"start":{"line":262,"column":2},"end":{"line":262,"column":2}}]},"21":{"line":265,"type":"binary-expr","locations":[{"start":{"line":265,"column":18},"end":{"line":265,"column":29}},{"start":{"line":265,"column":33},"end":{"line":265,"column":35}}]},"22":{"line":270,"type":"if","locations":[{"start":{"line":270,"column":2},"end":{"line":270,"column":2}},{"start":{"line":270,"column":2},"end":{"line":270,"column":2}}]},"23":{"line":282,"type":"binary-expr","locations":[{"start":{"line":282,"column":9},"end":{"line":282,"column":44}},{"start":{"line":282,"column":48},"end":{"line":282,"column":87}}]},"24":{"line":299,"type":"if","locations":[{"start":{"line":299,"column":2},"end":{"line":299,"column":2}},{"start":{"line":299,"column":2},"end":{"line":299,"column":2}}]},"25":{"line":299,"type":"binary-expr","locations":[{"start":{"line":299,"column":7},"end":{"line":299,"column":32}},{"start":{"line":299,"column":38},"end":{"line":299,"column":55}}]},"26":{"line":305,"type":"if","locations":[{"start":{"line":305,"column":4},"end":{"line":305,"column":4}},{"start":{"line":305,"column":4},"end":{"line":305,"column":4}}]},"27":{"line":305,"type":"binary-expr","locations":[{"start":{"line":305,"column":9},"end":{"line":305,"column":34}},{"start":{"line":305,"column":40},"end":{"line":305,"column":72}}]},"28":{"line":323,"type":"cond-expr","locations":[{"start":{"line":323,"column":54},"end":{"line":323,"column":62}},{"start":{"line":323,"column":65},"end":{"line":323,"column":82}}]}}},"/data/upstream/node-http2/lib/stream.js":{"path":"/data/upstream/node-http2/lib/stream.js","s":{"1":1,"2":1,"3":1,"4":1,"5":1,"6":24,"7":24,"8":24,"9":24,"10":24,"11":1,"12":1,"13":24,"14":4,"15":24,"16":11,"17":11,"18":1,"19":3,"20":3,"21":1,"22":13,"23":13,"24":1,"25":8,"26":1,"27":1,"28":24,"29":24,"30":24,"31":24,"32":24,"33":24,"34":24,"35":24,"36":1,"37":30,"38":30,"39":30,"40":10,"41":10,"42":0,"43":0,"44":20,"45":30,"46":3,"47":30,"48":30,"49":1,"50":11,"51":0,"52":0,"53":0,"54":1,"55":5,"56":5,"57":5,"58":0,"59":1,"60":218,"61":0,"62":0,"63":0,"64":1,"65":1,"66":3,"67":3,"68":3,"69":0,"70":0,"71":0,"72":3,"73":1,"74":24,"75":24,"76":24,"77":24,"78":1,"79":1,"80":26,"81":26,"82":26,"83":26,"84":26,"85":26,"86":26,"87":15,"88":11,"89":2,"90":1,"91":64,"92":64,"93":64,"94":64,"95":64,"96":18,"97":18,"98":24,"99":24,"100":1,"101":1,"102":8,"103":8,"104":0,"105":0,"106":7,"107":7,"108":0,"109":0,"110":0,"111":0,"112":6,"113":6,"114":64,"115":15,"116":11,"117":11,"118":0,"119":4,"120":15,"121":7,"122":3,"123":4,"124":0,"125":4,"126":4,"127":7,"128":1,"129":0,"130":1,"131":1,"132":0,"133":0,"134":1,"135":24,"136":4,"137":20,"138":0,"139":24,"140":7,"141":2,"142":5,"143":0,"144":7,"145":2,"146":0,"147":2,"148":0,"149":2,"150":8,"151":0,"152":8,"153":64,"154":3,"155":64,"156":5,"157":5,"158":64,"159":8,"160":8,"161":0,"162":0,"163":8,"164":8,"165":8,"166":8},"b":{"1":[0,1],"2":[24,8],"3":[10,20],"4":[0,10],"5":[3,27],"6":[30,0],"7":[0,11],"8":[5,0],"9":[0,218],"10":[0,3],"11":[3,0,0],"12":[26,0],"13":[15,11],"14":[26,20],"15":[2,9],"16":[11,6],"17":[18,24,1,8,0,7,0,0,6],"18":[15,7,1,24,7,2,8],"19":[11,4],"20":[0,11],"21":[0,0],"22":[3,4],"23":[7,3],"24":[0,4],"25":[0,4],"26":[4,4],"27":[0,1],"28":[1,0],"29":[1,1],"30":[0,0],"31":[0,0],"32":[4,20],"33":[3,1],"34":[0,20],"35":[2,5],"36":[7,7,6],"37":[5,0],"38":[5,1,1,1],"39":[0,2],"40":[2,2,1],"41":[2,0],"42":[2,1,1,0],"43":[8,0],"44":[8,8,0,0,0,0,0],"45":[3,61],"46":[64,30,30],"47":[5,59],"48":[64,7],"49":[3,2],"50":[8,56],"51":[0,8]},"f":{"1":5,"2":24,"3":24,"4":4,"5":11,"6":3,"7":13,"8":8,"9":24,"10":30,"11":11,"12":5,"13":218,"14":3,"15":24,"16":26,"17":64},"fnMap":{"1":{"name":"noop","line":1,"loc":{"start":{"line":1,"column":45},"end":{"line":1,"column":76}}},"2":{"name":"Stream","line":42,"loc":{"start":{"line":42,"column":0},"end":{"line":42,"column":21}}},"3":{"name":"_initializeManagement","line":65,"loc":{"start":{"line":65,"column":41},"end":{"line":65,"column":74}}},"4":{"name":"(anonymous_4)","line":66,"loc":{"start":{"line":66,"column":26},"end":{"line":66,"column":42}}},"5":{"name":"(anonymous_5)","line":69,"loc":{"start":{"line":69,"column":21},"end":{"line":69,"column":37}}},"6":{"name":"promise","line":78,"loc":{"start":{"line":78,"column":27},"end":{"line":78,"column":61}}},"7":{"name":"headers","line":87,"loc":{"start":{"line":87,"column":27},"end":{"line":87,"column":63}}},"8":{"name":"reset","line":96,"loc":{"start":{"line":96,"column":25},"end":{"line":96,"column":47}}},"9":{"name":"_initializeDataFlow","line":138,"loc":{"start":{"line":138,"column":39},"end":{"line":138,"column":70}}},"10":{"name":"_receive","line":151,"loc":{"start":{"line":151,"column":28},"end":{"line":151,"column":60}}},"11":{"name":"_read","line":183,"loc":{"start":{"line":183,"column":25},"end":{"line":183,"column":42}}},"12":{"name":"_write","line":192,"loc":{"start":{"line":192,"column":26},"end":{"line":192,"column":67}}},"13":{"name":"_send","line":210,"loc":{"start":{"line":210,"column":25},"end":{"line":210,"column":42}}},"14":{"name":"_finishing","line":227,"loc":{"start":{"line":227,"column":30},"end":{"line":227,"column":52}}},"15":{"name":"_initializeState","line":269,"loc":{"start":{"line":269,"column":36},"end":{"line":269,"column":64}}},"16":{"name":"transition","line":280,"loc":{"start":{"line":280,"column":29},"end":{"line":280,"column":56}}},"17":{"name":"transition","line":300,"loc":{"start":{"line":300,"column":31},"end":{"line":300,"column":67}}}},"statementMap":{"1":{"start":{"line":1,"column":0},"end":{"line":1,"column":79}},"2":{"start":{"line":2,"column":0},"end":{"line":2,"column":35}},"3":{"start":{"line":13,"column":0},"end":{"line":13,"column":38}},"4":{"start":{"line":15,"column":0},"end":{"line":15,"column":24}},"
[...]
line":466,"column":2},"end":{"line":471,"column":22}},"177":{"start":{"line":473,"column":2},"end":{"line":473,"column":48}},"178":{"start":{"line":474,"column":2},"end":{"line":474,"column":50}},"179":{"start":{"line":476,"column":2},"end":{"line":476,"column":68}},"180":{"start":{"line":482,"column":0},"end":{"line":482,"column":26}},"181":{"start":{"line":483,"column":0},"end":{"line":483,"column":18}},"182":{"start":{"line":484,"column":0},"end":{"line":484,"column":22}},"183":{"start":{"line":485,"column":0},"end":{"line":485,"column":40}},"184":{"start":{"line":486,"column":0},"end":{"line":486,"column":42}},"185":{"start":{"line":487,"column":0},"end":{"line":487,"column":44}},"186":{"start":{"line":488,"column":0},"end":{"line":488,"column":32}},"187":{"start":{"line":493,"column":0},"end":{"line":509,"column":1}},"188":{"start":{"line":494,"column":2},"end":{"line":494,"column":26}},"189":{"start":{"line":496,"column":2},"end":{"line":496,"column":26}},"190":{"start":{"line":498,"column":2},"end":{"line":498,"column":36}},"191":{"start":{"line":499,"column":2},"end":{"line":499,"column":73}},"192":{"start":{"line":500,"column":2},"end":{"line":500,"column":23}},"193":{"start":{"line":506,"column":2},"end":{"line":508,"column":5}},"194":{"start":{"line":510,"column":0},"end":{"line":510,"column":91}},"195":{"start":{"line":512,"column":0},"end":{"line":588,"column":2}},"196":{"start":{"line":513,"column":2},"end":{"line":515,"column":3}},"197":{"start":{"line":514,"column":4},"end":{"line":514,"column":33}},"198":{"start":{"line":517,"column":2},"end":{"line":517,"column":59}},"199":{"start":{"line":518,"column":2},"end":{"line":518,"column":49}},"200":{"start":{"line":519,"column":2},"end":{"line":519,"column":65}},"201":{"start":{"line":520,"column":2},"end":{"line":520,"column":37}},"202":{"start":{"line":521,"column":2},"end":{"line":521,"column":37}},"203":{"start":{"line":523,"column":2},"end":{"line":526,"column":3}},"204":{"start":{"line":524,"column":4},"end":{"line":524,"column":85}},"205":{"start":{"line":525,"column":4},"end":{"line":525,"column":70}},"206":{"start":{"line":528,"column":2},"end":{"line":528,"column":50}},"207":{"start":{"line":530,"column":2},"end":{"line":532,"column":3}},"208":{"start":{"line":531,"column":4},"end":{"line":531,"column":37}},"209":{"start":{"line":534,"column":2},"end":{"line":534,"column":51}},"210":{"start":{"line":537,"column":2},"end":{"line":585,"column":3}},"211":{"start":{"line":538,"column":4},"end":{"line":538,"column":40}},"212":{"start":{"line":539,"column":4},"end":{"line":539,"column":53}},"213":{"start":{"line":548,"column":4},"end":{"line":548,"column":24}},"214":{"start":{"line":549,"column":4},"end":{"line":549,"column":72}},"215":{"start":{"line":550,"column":4},"end":{"line":550,"column":37}},"216":{"start":{"line":551,"column":4},"end":{"line":551,"column":46}},"217":{"start":{"line":552,"column":4},"end":{"line":558,"column":7}},"218":{"start":{"line":553,"column":6},"end":{"line":557,"column":7}},"219":{"start":{"line":554,"column":8},"end":{"line":554,"column":21}},"220":{"start":{"line":556,"column":8},"end":{"line":556,"column":47}},"221":{"start":{"line":560,"column":4},"end":{"line":575,"column":17}},"222":{"start":{"line":561,"column":6},"end":{"line":574,"column":7}},"223":{"start":{"line":562,"column":8},"end":{"line":573,"column":9}},"224":{"start":{"line":563,"column":10},"end":{"line":563,"column":50}},"225":{"start":{"line":564,"column":10},"end":{"line":564,"column":46}},"226":{"start":{"line":565,"column":10},"end":{"line":565,"column":86}},"227":{"start":{"line":566,"column":10},"end":{"line":566,"column":72}},"228":{"start":{"line":567,"column":10},"end":{"line":567,"column":48}},"229":{"start":{"line":568,"column":10},"end":{"line":568,"column":56}},"230":{"start":{"line":569,"column":10},"end":{"line":569,"column":42}},"231":{"start":{"line":570,"column":10},"end":{"line":570,"column":35}},"232":{"start":{"line":572,"column":10},"end":{"line":572,"column":36}},"233":{"start":{"line":577,"column":4},"end":{"line":584,"column":7}},"234":{"start":{"line":578,"column":6},"end":{"line":578,"column":21}},"235":{"start":{"line":579,"column":6},"end":{"line":583,"column":7}},"236":{"start":{"line":580,"column":8},"end":{"line":580,"column":57}},"237":{"start":{"line":582,"column":8},"end":{"line":582,"column":40}},"238":{"start":{"line":587,"column":2},"end":{"line":587,"column":17}},"239":{"start":{"line":590,"column":0},"end":{"line":594,"column":2}},"240":{"start":{"line":591,"column":2},"end":{"line":591,"column":48}},"241":{"start":{"line":592,"column":2},"end":{"line":592,"column":16}},"242":{"start":{"line":593,"column":2},"end":{"line":593,"column":17}},"243":{"start":{"line":596,"column":0},"end":{"line":605,"column":1}},"244":{"start":{"line":597,"column":2},"end":{"line":597,"column":36}},"245":{"start":{"line":598,"column":2},"end":{"line":598,"column":35}},"246":{"start":{"line":599,"column":2},"end":{"line":599,"column":40}},"247":{"start":{"line":600,"column":2},"end":{"line":600,"column":37}},"248":{"start":{"line":601,"column":2},"end":{"line":601,"column":37}},"249":{"start":{"line":602,"column":2},"end":{"line":602,"column":18}},"250":{"start":{"line":603,"column":2},"end":{"line":603,"column":23}},"251":{"start":{"line":604,"column":2},"end":{"line":604,"column":22}},"252":{"start":{"line":607,"column":0},"end":{"line":607,"column":52}},"253":{"start":{"line":609,"column":0},"end":{"line":611,"column":1}},"254":{"start":{"line":610,"column":2},"end":{"line":610,"column":48}},"255":{"start":{"line":613,"column":0},"end":{"line":615,"column":1}},"256":{"start":{"line":614,"column":2},"end":{"line":614,"column":44}},"257":{"start":{"line":620,"column":0},"end":{"line":627,"column":1}},"258":{"start":{"line":621,"column":2},"end":{"line":621,"column":34}},"259":{"start":{"line":623,"column":2},"end":{"line":623,"column":26}},"260":{"start":{"line":624,"column":2},"end":{"line":624,"column":26}},"261":{"start":{"line":625,"column":2},"end":{"line":625,"column":27}},"262":{"start":{"line":626,"column":2},"end":{"line":626,"column":26}},"263":{"start":{"line":628,"column":0},"end":{"line":628,"column":114}},"264":{"start":{"line":630,"column":0},"end":{"line":654,"column":2}},"265":{"start":{"line":631,"column":2},"end":{"line":631,"column":109}},"266":{"start":{"line":632,"column":2},"end":{"line":632,"column":58}},"267":{"start":{"line":634,"column":2},"end":{"line":634,"column":23}},"268":{"start":{"line":636,"column":2},"end":{"line":636,"column":19}},"269":{"start":{"line":637,"column":2},"end":{"line":639,"column":3}},"270":{"start":{"line":638,"column":4},"end":{"line":638,"column":40}},"271":{"start":{"line":640,"column":2},"end":{"line":640,"column":22}},"272":{"start":{"line":641,"column":2},"end":{"line":641,"column":40}},"273":{"start":{"line":642,"column":2},"end":{"line":642,"column":38}},"274":{"start":{"line":643,"column":2},"end":{"line":643,"column":38}},"275":{"start":{"line":644,"column":2},"end":{"line":644,"column":34}},"276":{"start":{"line":646,"column":2},"end":{"line":647,"column":95}},"277":{"start":{"line":648,"column":2},"end":{"line":648,"column":31}},"278":{"start":{"line":650,"column":2},"end":{"line":650,"column":35}},"279":{"start":{"line":652,"column":2},"end":{"line":652,"column":59}},"280":{"start":{"line":653,"column":2},"end":{"line":653,"column":69}},"281":{"start":{"line":656,"column":0},"end":{"line":664,"column":2}},"282":{"start":{"line":657,"column":2},"end":{"line":657,"column":49}},"283":{"start":{"line":659,"column":2},"end":{"line":659,"column":25}},"284":{"start":{"line":660,"column":2},"end":{"line":660,"column":31}},"285":{"start":{"line":661,"column":2},"end":{"line":661,"column":38}},"286":{"start":{"line":663,"column":2},"end":{"line":663,"column":21}},"287":{"start":{"line":667,"column":0},"end":{"line":671,"column":2}},"288":{"start":{"line":668,"column":2},"end":{"line":670,"column":3}},"289":{"start":{"line":669,"column":4},"end":{"line":669,"column":37}},"290":{"start":{"line":673,"column":0},"end":{"line":677,"column":2}},"291":{"start":{"line":674,"column":2},"end":{"line":676,"column":3}},"292":{"start":{"line":675,"column":4},"end":{"line":675,"column":58}},"293":{"start":{"line":679,"column":0},"end":{"line":683,"column":2}},"294":{"start":{"line":680,"column":2},"end":{"line":682,"column":3}},"295":{"start":{"line":681,"column":4},"end":{"line":681,"column":47}},"296":{"start":{"line":689,"column":0},"end":{"line":692,"column":1}},"297":{"start":{"line":690,"column":2},"end":{"line":690,"column":42}},"298":{"start":{"line":691,"column":2},"end":{"line":691,"column":51}},"299":{"start":{"line":693,"column":0},"end":{"line":693,"column":116}},"300":{"start":{"line":696,"column":0},"end":{"line":720,"column":2}},"301":{"start":{"line":700,"column":2},"end":{"line":700,"column":25}},"302":{"start":{"line":708,"column":2},"end":{"line":708,"column":38}},"303":{"start":{"line":709,"column":2},"end":{"line":713,"column":3}},"304":{"start":{"line":710,"column":4},"end":{"line":710,"column":83}},"305":{"start":{"line":711,"column":4},"end":{"line":711,"column":48}},"306":{"start":{"line":712,"column":4},"end":{"line":712,"column":11}},"307":{"start":{"line":714,"column":2},"end":{"line":714,"column":31}},"308":{"start":{"line":715,"column":2},"end":{"line":715,"column":28}},"309":{"start":{"line":718,"column":2},"end":{"line":718,"column":79}},"310":{"start":{"line":719,"column":2},"end":{"line":719,"column":21}},"311":{"start":{"line":722,"column":0},"end":{"line":730,"column":2}},"312":{"start":{"line":723,"column":2},"end":{"line":723,"column":64}},"313":{"start":{"line":725,"column":2},"end":{"line":729,"column":3}},"314":{"start":{"line":726,"column":4},"end":{"line":726,"column":31}},"315":{"start":{"line":728,"column":4},"end":{"line":728,"column":21}},"316":{"start":{"line":735,"column":0},"end":{"line":748,"column":1}},"317":{"start":{"line":736,"column":2},"end":{"line":736,"column":30}},"318":{"start":{"line":737,"column":2},"end":{"line":737,"column":36}},"319":{"start":{"line":738,"column":2},"end":{"line":738,"column":20}},"320":{"start":{"line":740,"column":2},"end":{"line":740,"column":42}},"321":{"start":{"line":742,"column":2},"end":{"line":742,"column":41}},"322":{"start":{"line":744,"column":2},"end":{"line":744,"column":40}},"323":{"start":{"line":746,"column":2},"end":{"line":746,"column":65}},"324":{"start":{"line":747,"column":2},"end":{"line":747,"column":69}},"325":{"start":{"line":749,"column":0},"end":{"line":749,"column":114}},"326":{"start":{"line":751,"column":0},"end":{"line":753,"column":2}},"327":{"start":{"line":752,"column":2},"end":{"line":752,"column":39}}},"branchMap":{"1":{"line":168,"type":"if","locations":[{"start":{"line":168,"column":2},"end":{"line":168,"column":2}},{"start":{"line":168,"column":2},"end":{"line":168,"column":2}}]},"2":{"line":176,"type":"if","locations":[{"start":{"line":176,"column":2},"end":{"line":176,"column":2}},{"start":{"line":176,"column":2},"end":{"line":176,"column":2}}]},"3":{"line":184,"type":"if","locations":[{"start":{"line":184,"column":2},"end":{"line":184,"column":2}},{"start":{"line":184,"column":2},"end":{"line":184,"column":2}}]},"4":{"line":192,"type":"if","locations":[{"start":{"line":192,"column":2},"end":{"line":192,"column":2}},{"start":{"line":192,"column":2},"end":{"line":192,"column":2}}]},"5":{"line":218,"type":"binary-expr","locations":[{"start":{"line":218,"column":12},"end":{"line":218,"column":19}},{"start":{"line":218,"column":23},"end":{"line":218,"column":25}}]},"6":{"line":220,"type":"binary-expr","locations":[{"start":{"line":220,"column":15},"end":{"line":220,"column":26}},{"start":{"line":220,"column":30},"end":{"line":220,"column":42}}]},"7":{"line":227,"type":"if","locations":[{"start":{"line":227,"column":2},"end":{"line":227,"column":2}},{"start":{"line":227,"column":2},"end":{"line":227,"column":2}}]},"8":{"line":227,"type":"binary-expr","locations":[{"start":{"line":227,"column":7},"end":{"line":227,"column":18}},{"start":{"line":227,"column":22},"end":{"line":227,"column":34}},{"start":{"line":227,"column":39},"end":{"line":227,"column":50}}]},"9":{"line":234,"type":"if","locations":[{"start":{"line":234,"column":6},"end":{"line":234,"column":6}},{"start":{"line":234,"column":6},"end":{"line":234,"column":6}}]},"10":{"line":244,"type":"if","locations":[{"start":{"line":244,"column":7},"end":{"line":244,"column":7}},{"start":{"line":244,"column":7},"end":{"line":244,"column":7}}]},"11":{"line":294,"type":"cond-expr","locations":[{"start":{"line":294,"column":58},"end":{"line":294,"column":79}},{"start":{"line":294,"column":83},"end":{"line":294,"column":87}}]},"12":{"line":305,"type":"if","locations":[{"start":{"line":305,"column":2},"end":{"line":305,"column":2}},{"start":{"line":305,"column":2},"end":{"line":305,"column":2}}]},"13":{"line":312,"type":"if","locations":[{"start":{"line":312,"column":2},"end":{"line":312,"column":2}},{"start":{"line":312,"column":2},"end":{"line":312,"column":2}}]},"14":{"line":352,"type":"if","locations":[{"start":{"line":352,"column":4},"end":{"line":352,"column":4}},{"start":{"line":352,"column":4},"end":{"line":352,"column":4}}]},"15":{"line":352,"type":"binary-expr","locations":[{"start":{"line":352,"column":9},"end":{"line":352,"column":34}},{"start":{"line":352,"column":40},"end":{"line":352,"column":58}}]},"16":{"line":375,"type":"if","locations":[{"start":{"line":375,"column":4},"end":{"line":375,"column":4}},{"start":{"line":375,"column":4},"end":{"line":375,"column":4}}]},"17":{"line":407,"type":"if","locations":[{"start":{"line":407,"column":2},"end":{"line":407,"column":2}},{"start":{"line":407,"column":2},"end":{"line":407,"column":2}}]},"18":{"line":413,"type":"binary-expr","locations":[{"start":{"line":413,"column":12},"end":{"line":413,"column":19}},{"start":{"line":413,"column":23},"end":{"line":413,"column":25}}]},"19":{"line":419,"type":"if","locations":[{"start":{"line":419,"column":2},"end":{"line":419,"column":2}},{"start":{"line":419,"column":2},"end":{"line":419,"column":2}}]},"20":{"line":419,"type":"binary-expr","locations":[{"start":{"line":419,"column":6},"end":{"line":419,"column":19}},{"start":{"line":419,"column":23},"end":{"line":419,"column":49}}]},"21":{"line":433,"type":"if","locations":[{"start":{"line":433,"column":2},"end":{"line":433,"column":2}},{"start":{"line":433,"column":2},"end":{"line":433,"column":2}}]},"22":{"line":453,"type":"if","locations":[{"start":{"line":453,"column":2},"end":{"line":453,"column":2}},{"start":{"line":453,"column":2},"end":{"line":453,"column":2}}]},"23":{"line":458,"type":"if","locations":[{"start":{"line":458,"column":2},"end":{"line":458,"column":2}},{"start":{"line":458,"column":2},"end":{"line":458,"column":2}}]},"24":{"line":462,"type":"if","locations":[{"start":{"line":462,"column":2},"end":{"line":462,"column":2}},{"start":{"line":462,"column":2},"end":{"line":462,"column":2}}]},"25":{"line":467,"type":"binary-expr","locations":[{"start":{"line":467,"column":16},"end":{"line":467,"column":30}},{"start":{"line":467,"column":34},"end":{"line":467,"column":39}}]},"26":{"line":468,"type":"binary-expr","locations":[{"start":{"line":468,"column":15},"end":{"line":468,"column":31}},{"start":{"line":468,"column":35},"end":{"line":468,"column":66}}]},"27":{"line":469,"type":"binary-expr","locations":[{"start":{"line":469,"column":13},"end":{"line":469,"column":29}},{"start":{"line":469,"column":33},"end":{"line":469,"column":45}},{"start":{"line":469,"column":49},"end":{"line":469,"column":78}}]},"28":{"line":496,"type":"binary-expr","locations":[{"start":{"line":496,"column":12},"end":{"line":496,"column":19}},{"start":{"line":496,"column":23},"end":{"line":496,"column":25}}]},"29":{"line":499,"type":"binary-expr","locations":[{"start":{"line":499,"column":15},"end":{"line":499,"column":26}},{"start":{"line":499,"column":30},"end":{"line":499,"column":42}}]},"30":{"line":513,"type":"if","locations":[{"start":{"line":513,"column":2},"end":{"line":513,"column":2}},{"start":{"line":513,"column":2},"end":{"line":513,"column":2}}]},"31":{"line":517,"type":"binary-expr","locations":[{"start":{"line":517,"column":20},"end":{"line":517,"column":34}},{"start":{"line":517,"column":38},"end":{"line":517,"column":43}}]},"32":{"line":518,"type":"binary-expr","locations":[{"start":{"line":518,"column":21},"end":{"line":518,"column":37}},{"start":{"line":518,"column":41},"end":{"line":518,"column":48}}]},"33":{"line":519,"type":"binary-expr","locations":[{"start":{"line":519,"column":17},"end":{"line":519,"column":33}},{"start":{"line":519,"column":37},"end":{"line":519,"column":49}},{"start":{"line":519,"column":53},"end":{"line":519,"column":64}}]},"34":{"line":520,"type":"binary-expr","locations":[{"start":{"line":520,"column":17},"end":{"line":520,"column":29}},{"start":{"line":520,"column":33},"end":{"line":520,"column":36}}]},"35":{"line":521,"type":"binary-expr","locations":[{"start":{"line":521,"column":17},"end":{"line":521,"column":29}},{"start":{"line":521,"column":33},"end":{"line":521,"column":36}}]},"36":{"line":523,"type":"if","locations":[{"start":{"line":523,"column":2},"end":{"line":523,"column":2}},{"start":{"line":523,"column":2},"end":{"line":523,"column":2}}]},"37":{"line":530,"type":"if","locations":[{"start":{"line":530,"column":2},"end":{"line":530,"column":2}},{"start":{"line":530,"column":2},"end":{"line":530,"column":2}}]},"38":{"line":537,"type":"if","locations":[{"start":{"line":537,"column":2},"end":{"line":537,"column":2}},{"start":{"line":537,"column":2},"end":{"line":537,"column":2}}]},"39":{"line":553,"type":"if","locations":[{"start":{"line":553,"column":6},"end":{"line":553,"column":6}},{"start":{"line":553,"column":6},"end":{"line":553,"column":6}}]},"40":{"line":561,"type":"if","locations":[{"start":{"line":561,"column":6},"end":{"line":561,"column":6}},{"start":{"line":561,"column":6},"end":{"line":561,"column":6}}]},"41":{"line":562,"type":"if","locations":[{"start":{"line":562,"column":8},"end":{"line":562,"column":8}},{"start":{"line":562,"column":8},"end":{"line":562,"column":8}}]},"42":{"line":579,"type":"if","locations":[{"start":{"line":579,"column":6},"end":{"line":579,"column":6}},{"start":{"line":579,"column":6},"end":{"line":579,"column":6}}]},"43":{"line":631,"type":"binary-expr","locations":[{"start":{"line":631,"column":42},"end":{"line":631,"column":58}},{"start":{"line":631,"column":62},"end":{"line":631,"column":74}}]},"44":{"line":631,"type":"binary-expr","locations":[{"start":{"line":631,"column":85},"end":{"line":631,"column":97}},{"start":{"line":631,"column":101},"end":{"line":631,"column":103}}]},"45":{"line":647,"type":"binary-expr","locations":[{"start":{"line":647,"column":50},"end":{"line":647,"column":65}},{"start":{"line":647,"column":69},"end":{"line":647,"column":71}}]},"46":{"line":668,"type":"if","locations":[{"start":{"line":668,"column":2},"end":{"line":668,"column":2}},{"start":{"line":668,"column":2},"end":{"line":668,"column":2}}]},"47":{"line":674,"type":"if","locations":[{"start":{"line":674,"column":2},"end":{"line":674,"column":2}},{"start":{"line":674,"column":2},"end":{"line":674,"column":2}}]},"48":{"line":680,"type":"if","locations":[{"start":{"line":680,"column":2},"end":{"line":680,"column":2}},{"start":{"line":680,"column":2},"end":{"line":680,"column":2}}]},"49":{"line":709,"type":"if","locations":[{"start":{"line":709,"column":2},"end":{"line":709,"column":2}},{"start":{"line":709,"column":2},"end":{"line":709,"column":2}}]},"50":{"line":709,"type":"binary-expr","locations":[{"start":{"line":709,"column":7},"end":{"line":709,"column":37}},{"start":{"line":709,"column":43},"end":{"line":709,"column":66}}]},"51":{"line":725,"type":"if","locations":[{"start":{"line":725,"column":2},"end":{"line":725,"column":2}},{"start":{"line":725,"column":2},"end":{"line":725,"column":2}}]}}}}