TN:
SF:/data/upstream/node-http2/lib/compressor.js
FN:39,CompressionContext
FN:49,(anonymous_2)
FN:54,getWorkingSet
FN:55,(anonymous_4)
FN:61,reinitialize
FN:67,(anonymous_6)
FN:69,(anonymous_7)
FN:77,(anonymous_8)
FN:106,execute
FN:119,(anonymous_10)
FN:157,(anonymous_11)
FN:158,(anonymous_12)
FN:165,(anonymous_13)
FN:181,(anonymous_14)
FN:204,(anonymous_15)
FN:228,(anonymous_16)
FN:250,Decompressor
FN:265,decompress
FN:311,Compressor
FN:326,compress
FN:396,writeInteger
FN:437,readInteger
FN:467,writeString
FN:473,readString
FN:526,writeString
FN:562,readString
FN:627,_initializeStream
FN:631,_transform
FN:677,_initializeStream
FN:686,_transform
FN:716,(anonymous_31)
FN:826,concat
FN:841,cut
FN:853,shallowCopy
FNF:34
FNH:34
FNDA:14,CompressionContext
FNDA:1643,(anonymous_2)
FNDA:47,getWorkingSet
FNDA:142,(anonymous_4)
FNDA:47,reinitialize
FNDA:154,(anonymous_6)
FNDA:98,(anonymous_7)
FNDA:98,(anonymous_8)
FNDA:184,execute
FNDA:139,(anonymous_10)
FNDA:42,(anonymous_11)
FNDA:97,(anonymous_12)
FNDA:64,(anonymous_13)
FNDA:1251,(anonymous_14)
FNDA:24,(anonymous_15)
FNDA:131,(anonymous_16)
FNDA:8,Decompressor
FNDA:25,decompress
FNDA:6,Compressor
FNDA:22,compress
FNDA:234,writeInteger
FNDA:252,readInteger
FNDA:116,writeString
FNDA:121,readString
FNDA:96,writeString
FNDA:104,readString
FNDA:6,_initializeStream
FNDA:18,_transform
FNDA:8,_initializeStream
FNDA:22,_transform
FNDA:14,(anonymous_31)
FNDA:34,concat
FNDA:12,cut
FNDA:14,shallowCopy
DA:16,1
DA:17,1
DA:19,1
DA:20,1
DA:21,1
DA:37,1
DA:39,1
DA:40,14
DA:41,14
DA:42,14
DA:43,14
DA:44,14
DA:49,1
DA:50,1643
DA:54,1
DA:55,47
DA:56,142
DA:61,1
DA:62,47
DA:67,47
DA:68,154
DA:70,98
DA:77,47
DA:78,98
DA:79,98
DA:106,1
DA:107,184
DA:110,184
DA:117,184
DA:118,52
DA:119,52
DA:120,139
DA:122,52
DA:123,2
DA:124,2
DA:126,50
DA:135,132
DA:136,47
DA:138,85
DA:141,132
DA:142,131
DA:143,88
DA:145,43
DA:147,131
DA:148,131
DA:151,132
DA:157,1
DA:158,42
DA:159,97
DA:165,1
DA:166,64
DA:168,64
DA:169,64
DA:170,5
DA:171,5
DA:172,1
DA:180,63
DA:181,63
DA:182,1251
DA:184,63
DA:185,37
DA:186,37
DA:187,21
DA:195,42
DA:204,1
DA:205,24
DA:207,24
DA:208,42
DA:209,24
DA:210,24
DA:214,24
DA:228,1
DA:229,131
DA:230,131
DA:231,131
DA:232,2789
DA:233,204
DA:235,2789
DA:237,131
DA:238,218
DA:239,218
DA:250,1
DA:251,8
DA:253,8
DA:255,8
DA:257,8
DA:259,1
DA:265,1
DA:266,25
DA:270,25
DA:275,25
DA:276,25
DA:277,96
DA:282,25
DA:286,25
DA:287,25
DA:288,96
DA:289,96
DA:290,96
DA:291,17
DA:292,8
DA:294,9
DA:297,79
DA:300,25
DA:301,25
DA:311,1
DA:312,6
DA:314,6
DA:316,6
DA:318,6
DA:320,1
DA:326,1
DA:327,22
DA:328,22
DA:332,22
DA:333,22
DA:334,70
DA:335,70
DA:336,8
DA:337,24
DA:340,62
DA:346,22
DA:347,22
DA:350,22
DA:351,46
DA:352,24
DA:353,24
DA:354,24
DA:359,22
DA:360,86
DA:361,64
DA:362,64
DA:363,64
DA:368,22
DA:369,22
DA:370,88
DA:373,22
DA:375,22
DA:376,22
DA:396,1
DA:397,234
DA:398,234
DA:399,94
DA:402,140
DA:403,140
DA:404,2
DA:406,140
DA:408,140
DA:409,140
DA:410,148
DA:411,148
DA:413,148
DA:414,8
DA:416,148
DA:418,148
DA:421,140
DA:437,1
DA:438,252
DA:440,252
DA:441,252
DA:442,106
DA:445,252
DA:446,151
DA:447,151
DA:448,161
DA:449,161
DA:450,161
DA:454,252
DA:467,1
DA:468,116
DA:469,116
DA:470,116
DA:473,1
DA:474,121
DA:475,121
DA:476,121
DA:477,121
DA:519,1
DA:526,1
DA:527,96
DA:529,96
DA:530,27
DA:531,69
DA:532,1
DA:533,68
DA:534,46
DA:536,22
DA:539,96
DA:540,27
DA:543,69
DA:544,26
DA:546,43
DA:547,43
DA:550,69
DA:551,22
DA:554,69
DA:557,96
DA:559,96
DA:562,1
DA:563,104
DA:565,104
DA:566,104
DA:567,29
DA:568,75
DA:569,52
DA:570,2
DA:572,50
DA:575,23
DA:578,104
DA:579,29
DA:580,29
DA:583,75
DA:584,75
DA:585,44
DA:588,75
DA:589,23
DA:590,52
DA:591,50
DA:593,2
DA:596,75
DA:599,104
DA:624,1
DA:627,1
DA:628,6
DA:631,1
DA:633,18
DA:635,12
DA:638,12
DA:643,12
DA:644,14
DA:645,14
DA:646,12
DA:648,2
DA:649,2
DA:652,14
DA:665,6
DA:668,18
DA:677,1
DA:678,8
DA:679,8
DA:680,8
DA:681,8
DA:682,8
DA:686,1
DA:689,22
DA:690,3
DA:691,1
DA:692,1
DA:693,1
DA:695,2
DA:700,19
DA:701,13
DA:702,13
DA:703,13
DA:704,13
DA:709,6
DA:715,21
DA:716,12
DA:717,14
DA:719,12
DA:720,12
DA:722,0
DA:723,0
DA:724,0
DA:726,12
DA:734,12
DA:737,21
DA:743,1
DA:784,1
DA:826,1
DA:827,34
DA:828,34
DA:829,333
DA:832,34
DA:833,34
DA:834,333
DA:837,34
DA:841,1
DA:842,12
DA:843,12
DA:844,12
DA:845,14
DA:846,14
DA:847,14
DA:849,12
DA:853,1
DA:854,14
DA:855,14
DA:856,0
DA:858,14
LF:290
LH:286
BRDA:42,1,0,14
BRDA:42,1,1,14
BRDA:50,2,0,1643
BRDA:50,2,1,128
BRDA:117,3,0,52
BRDA:117,3,1,132
BRDA:122,4,0,2
BRDA:122,4,1,50
BRDA:135,5,0,47
BRDA:135,5,1,85
BRDA:141,6,0,131
BRDA:141,6,1,1
BRDA:142,7,0,88
BRDA:142,7,1,43
BRDA:169,8,0,5
BRDA:169,8,1,59
BRDA:171,9,0,1
BRDA:171,9,1,4
BRDA:184,10,0,37
BRDA:184,10,1,26
BRDA:186,11,0,21
BRDA:186,11,1,16
BRDA:208,12,0,24
BRDA:208,12,1,18
BRDA:232,13,0,204
BRDA:232,13,1,2585
BRDA:251,14,0,8
BRDA:251,14,1,4
BRDA:253,15,0,5
BRDA:253,15,1,3
BRDA:290,16,0,17
BRDA:290,16,1,79
BRDA:291,17,0,8
BRDA:291,17,1,9
BRDA:312,18,0,6
BRDA:312,18,1,2
BRDA:314,19,0,3
BRDA:314,19,1,3
BRDA:335,20,0,8
BRDA:335,20,1,62
BRDA:351,21,0,24
BRDA:351,21,1,22
BRDA:360,22,0,64
BRDA:360,22,1,22
BRDA:398,23,0,94
BRDA:398,23,1,140
BRDA:403,24,0,2
BRDA:403,24,1,138
BRDA:413,25,0,8
BRDA:413,25,1,140
BRDA:441,26,0,106
BRDA:441,26,1,146
BRDA:445,27,0,151
BRDA:445,27,1,101
BRDA:529,28,0,27
BRDA:529,28,1,69
BRDA:531,29,0,1
BRDA:531,29,1,68
BRDA:533,30,0,46
BRDA:533,30,1,22
BRDA:539,31,0,27
BRDA:539,31,1,69
BRDA:543,32,0,26
BRDA:543,32,1,43
BRDA:550,33,0,22
BRDA:550,33,1,47
BRDA:566,34,0,29
BRDA:566,34,1,75
BRDA:568,35,0,52
BRDA:568,35,1,23
BRDA:569,36,0,2
BRDA:569,36,1,50
BRDA:578,37,0,29
BRDA:578,37,1,75
BRDA:584,38,0,44
BRDA:584,38,1,31
BRDA:588,39,0,23
BRDA:588,39,1,52
BRDA:590,40,0,50
BRDA:590,40,1,2
BRDA:633,41,0,12
BRDA:633,41,1,6
BRDA:633,42,0,18
BRDA:633,42,1,11
BRDA:645,43,0,12
BRDA:645,43,1,2
BRDA:689,44,0,3
BRDA:689,44,1,19
BRDA:690,45,0,1
BRDA:690,45,1,2
BRDA:690,46,0,3
BRDA:690,46,1,2
BRDA:700,47,0,13
BRDA:700,47,1,6
BRDA:700,48,0,19
BRDA:700,48,1,11
BRDA:715,49,0,12
BRDA:715,49,1,9
BRDA:715,50,0,21
BRDA:715,50,1,15
BRDA:715,50,2,8
BRF:101
BRH:101
end_of_record
TN:
SF:/data/upstream/node-http2/lib/logging.js
FN:15,noop
FN:24,(anonymous_2)
FNF:2
FNH:2
FNDA:1090,noop
FNDA:105,(anonymous_2)
DA:1,1
DA:3,1
DA:4,0
DA:6,0
DA:12,0
DA:15,1
DA:16,1
DA:24,105
DA:27,1
LF:9
LH:6
BRDA:3,1,0,0
BRDA:3,1,1,1
BRF:2
BRH:1
end_of_record
TN:
SF:/data/upstream/node-http2/lib/connection.js
FN:36,Connection
FN:96,_initializeStreamManagement
FN:121,_getIdOf
FN:127,_writeControlFrame
FN:139,_updateStreamLimit
FN:145,_decreaseStreamCount
FN:158,_newStream
FN:166,_activateStream
FN:179,_createIncomingStream
FN:196,createStream
FN:209,tryToActivate
FN:221,(anonymous_12)
FN:223,(anonymous_13)
FN:228,(anonymous_14)
FN:247,_send
FN:280,_receive
FN:310,_initializeSettingsManagement
FN:316,(anonymous_18)
FN:330,_receiveSettings
FN:337,set
FN:355,_initializeLifecycleManagement
FN:362,_generatePingId
FN:373,ping
FN:390,_receivePing
FN:415,close
FN:426,_receiveGoaway
FN:434,_initializeFlowControl
FN:437,(anonymous_28)
FN:442,noop
FN:455,_setInitialStreamWindowSize
FN:462,(anonymous_31)
FN:470,_setStreamFlowControl
FNF:32
FNH:30
FNDA:18,Connection
FNDA:18,_initializeStreamManagement
FNDA:139,_getIdOf
FNDA:23,_writeControlFrame
FNDA:16,_updateStreamLimit
FNDA:1,_decreaseStreamCount
FNDA:16,_newStream
FNDA:16,_activateStream
FNDA:9,_createIncomingStream
FNDA:9,createStream
FNDA:9,tryToActivate
FNDA:3,(anonymous_12)
FNDA:3,(anonymous_13)
FNDA:9,(anonymous_14)
FNDA:123,_send
FNDA:47,_receive
FNDA:18,_initializeSettingsManagement
FNDA:18,(anonymous_18)
FNDA:18,_receiveSettings
FNDA:18,set
FNDA:18,_initializeLifecycleManagement
FNDA:2,_generatePingId
FNDA:2,ping
FNDA:4,_receivePing
FNDA:0,close
FNDA:0,_receiveGoaway
FNDA:18,_initializeFlowControl
FNDA:16,(anonymous_28)
FNDA:18,noop
FNDA:18,_setInitialStreamWindowSize
FNDA:24,(anonymous_31)
FNDA:2,_setStreamFlowControl
DA:1,1
DA:10,1
DA:12,1
DA:36,1
DA:38,18
DA:41,18
DA:44,18
DA:47,18
DA:50,18
DA:53,18
DA:57,1
DA:93,1
DA:96,1
DA:103,18
DA:105,18
DA:108,18
DA:109,18
DA:112,18
DA:116,18
DA:117,18
DA:118,18
DA:121,1
DA:122,139
DA:127,1
DA:128,23
DA:130,23
DA:131,23
DA:133,0
DA:134,0
DA:139,1
DA:140,16
DA:141,16
DA:145,1
DA:146,1
DA:147,1
DA:158,1
DA:159,16
DA:160,16
DA:161,16
DA:162,16
DA:163,16
DA:166,1
DA:167,16
DA:168,16
DA:169,16
DA:179,1
DA:180,9
DA:182,9
DA:183,2
DA:184,2
DA:185,0
DA:188,7
DA:189,7
DA:190,7
DA:191,7
DA:192,7
DA:196,1
DA:198,9
DA:199,9
DA:201,9
DA:204,9
DA:208,9
DA:209,1
DA:210,9
DA:211,0
DA:213,9
DA:220,9
DA:221,9
DA:222,3
DA:223,3
DA:224,3
DA:228,9
DA:229,9
DA:230,0
DA:232,9
DA:237,9
DA:239,9
DA:247,1
DA:248,123
DA:251,123
DA:252,123
DA:253,120
DA:254,120
DA:255,120
DA:256,120
DA:257,120
DA:258,26
DA:259,26
DA:260,3
DA:261,3
DA:264,26
DA:265,26
DA:267,26
DA:268,0
DA:269,26
DA:270,0
DA:275,123
DA:280,1
DA:281,47
DA:284,47
DA:287,47
DA:288,6
DA:292,46
DA:293,3
DA:297,45
DA:299,45
DA:305,1
DA:310,1
DA:312,18
DA:313,18
DA:316,18
DA:317,18
DA:318,18
DA:320,0
DA:321,0
DA:326,18
DA:330,1
DA:331,18
DA:332,34
DA:337,1
DA:338,18
DA:355,1
DA:356,18
DA:357,18
DA:358,18
DA:362,1
DA:363,2
DA:364,2
DA:365,2
DA:366,32
DA:369,2
DA:373,1
DA:374,2
DA:375,2
DA:376,2
DA:378,2
DA:379,2
DA:390,1
DA:391,4
DA:392,2
DA:393,2
DA:394,2
DA:395,2
DA:396,2
DA:398,0
DA:402,2
DA:403,2
DA:415,1
DA:416,0
DA:417,0
DA:423,0
DA:426,1
DA:427,0
DA:428,0
DA:434,1
DA:436,18
DA:437,18
DA:438,16
DA:440,18
DA:441,18
DA:442,18
DA:449,1
DA:455,1
DA:456,18
DA:457,0
DA:458,0
DA:460,18
DA:461,18
DA:462,18
DA:463,24
DA:470,1
DA:471,2
DA:472,2
DA:473,2
DA:474,0
DA:475,0
DA:476,0
LF:177
LH:157
BRDA:41,1,0,18
BRDA:41,1,1,2
BRDA:128,2,0,23
BRDA:128,2,1,0
BRDA:128,3,0,23
BRDA:128,3,1,5
BRDA:128,3,2,1
BRDA:128,3,3,1
BRDA:182,4,0,2
BRDA:182,4,1,7
BRDA:182,5,0,9
BRDA:182,5,1,7
BRDA:210,6,0,0
BRDA:210,6,1,9
BRDA:229,7,0,0
BRDA:229,7,1,9
BRDA:259,8,0,3
BRDA:259,8,1,23
BRDA:267,9,0,0
BRDA:267,9,1,26
BRDA:269,10,0,0
BRDA:269,10,1,26
BRDA:287,11,0,6
BRDA:287,11,1,41
BRDA:292,12,0,3
BRDA:292,12,1,43
BRDA:313,13,0,18
BRDA:313,13,1,2
BRDA:317,14,0,18
BRDA:317,14,1,0
BRDA:317,15,0,18
BRDA:317,15,1,18
BRDA:391,16,0,2
BRDA:391,16,1,2
BRDA:393,17,0,2
BRDA:393,17,1,0
BRDA:421,18,0,0
BRDA:421,18,1,0
BRDA:456,19,0,0
BRDA:456,19,1,18
BRDA:456,20,0,18
BRDA:456,20,1,0
BRDA:471,21,0,2
BRDA:471,21,1,0
BRDA:474,22,0,0
BRDA:474,22,1,0
BRF:46
BRH:32
end_of_record
TN:
SF:/data/upstream/node-http2/lib/flow.js
FN:1,noop
FN:73,Flow
FN:90,_receive
FN:98,_write
FN:106,(anonymous_5)
FN:127,_restoreWindow
FN:141,disableRemoteFlowControl
FN:173,_send
FN:181,_read
FN:194,_onWindowIncrease
FN:212,_push
FN:261,push
FN:280,getLastQueuedFrame
FN:298,_increaseWindow
FN:322,_updateWindow
FN:330,setInitialWindow
FN:336,disableLocalFlowControl
FNF:17
FNH:13
FNDA:12,noop
FNDA:42,Flow
FNDA:0,_receive
FNDA:77,_write
FNDA:8,(anonymous_5)
FNDA:7,_restoreWindow
FNDA:0,disableRemoteFlowControl
FNDA:0,_send
FNDA:341,_read
FNDA:27,_onWindowIncrease
FNDA:83,_push
FNDA:57,push
FNDA:3,getLastQueuedFrame
FNDA:29,_increaseWindow
FNDA:5,_updateWindow
FNDA:22,setInitialWindow
FNDA:0,disableLocalFlowControl
DA:1,1
DA:2,1
DA:11,1
DA:13,1
DA:70,1
DA:73,1
DA:74,42
DA:76,42
DA:77,42
DA:78,42
DA:80,42
DA:81,42
DA:82,42
DA:84,1
DA:90,1
DA:91,0
DA:98,1
DA:99,77
DA:101,77
DA:102,6
DA:105,77
DA:106,8
DA:107,8
DA:108,8
DA:109,7
DA:111,8
DA:116,69
DA:119,75
DA:121,5
DA:127,1
DA:128,7
DA:129,7
DA:130,3
DA:135,3
DA:141,1
DA:142,0
DA:143,0
DA:170,1
DA:173,1
DA:174,0
DA:181,1
DA:182,341
DA:183,341
DA:185,0
DA:186,0
DA:188,341
DA:194,1
DA:195,27
DA:197,27
DA:198,27
DA:199,0
DA:202,27
DA:212,1
DA:213,83
DA:214,83
DA:215,83
DA:217,83
DA:220,0
DA:221,0
DA:225,0
DA:226,0
DA:232,0
DA:234,0
DA:235,0
DA:238,83
DA:239,83
DA:240,83
DA:241,83
DA:242,12
DA:244,12
DA:245,12
DA:247,83
DA:250,83
DA:253,83
DA:254,0
DA:257,83
DA:261,1
DA:262,57
DA:263,0
DA:265,57
DA:266,57
DA:267,57
DA:270,57
DA:271,57
DA:273,0
DA:274,0
DA:280,1
DA:281,3
DA:282,3
DA:296,1
DA:298,1
DA:299,29
DA:300,2
DA:301,2
DA:303,27
DA:304,27
DA:305,27
DA:306,0
DA:307,0
DA:309,27
DA:322,1
DA:323,5
DA:330,1
DA:331,22
DA:332,22
DA:336,1
DA:337,0
LF:107
LH:86
BRDA:1,1,0,0
BRDA:1,1,1,1
BRDA:101,2,0,6
BRDA:101,2,1,71
BRDA:105,3,0,8
BRDA:105,3,1,69
BRDA:105,4,0,77
BRDA:105,4,1,18
BRDA:105,4,2,10
BRDA:108,5,0,7
BRDA:108,5,1,1
BRDA:119,6,0,5
BRDA:119,6,1,70
BRDA:119,7,0,75
BRDA:119,7,1,7
BRDA:119,7,2,3
BRDA:129,8,0,3
BRDA:129,8,1,4
BRDA:129,9,0,7
BRDA:129,9,1,3
BRDA:129,9,2,3
BRDA:182,10,0,341
BRDA:182,10,1,0
BRDA:198,11,0,27
BRDA:198,11,1,27
BRDA:251,12,0,83
BRDA:251,12,1,0
BRDA:215,13,0,83
BRDA:215,13,1,0
BRDA:215,14,0,83
BRDA:215,14,1,83
BRDA:215,14,2,16
BRDA:215,14,3,16
BRDA:220,15,0,0
BRDA:220,15,1,0
BRDA:239,16,0,83
BRDA:239,16,1,0
BRDA:241,17,0,12
BRDA:241,17,1,71
BRDA:241,18,0,83
BRDA:241,18,1,83
BRDA:241,18,2,16
BRDA:253,19,0,0
BRDA:253,19,1,83
BRDA:262,20,0,0
BRDA:262,20,1,57
BRDA:265,21,0,57
BRDA:265,21,1,50
BRDA:270,22,0,57
BRDA:270,22,1,0
BRDA:282,23,0,3
BRDA:282,23,1,3
BRDA:299,24,0,2
BRDA:299,24,1,27
BRDA:299,25,0,29
BRDA:299,25,1,2
BRDA:305,26,0,0
BRDA:305,26,1,27
BRDA:305,27,0,27
BRDA:305,27,1,23
BRDA:323,28,0,0
BRDA:323,28,1,5
BRF:62
BRH:50
end_of_record
TN:
SF:/data/upstream/node-http2/lib/stream.js
FN:1,noop
FN:42,Stream
FN:65,_initializeManagement
FN:66,(anonymous_4)
FN:69,(anonymous_5)
FN:78,promise
FN:87,headers
FN:96,reset
FN:138,_initializeDataFlow
FN:151,_receive
FN:183,_read
FN:192,_write
FN:210,_send
FN:227,_finishing
FN:269,_initializeState
FN:280,transition
FN:300,transition
FNF:17
FNH:17
FNDA:5,noop
FNDA:24,Stream
FNDA:24,_initializeManagement
FNDA:4,(anonymous_4)
FNDA:11,(anonymous_5)
FNDA:3,promise
FNDA:13,headers
FNDA:8,reset
FNDA:24,_initializeDataFlow
FNDA:30,_receive
FNDA:11,_read
FNDA:5,_write
FNDA:218,_send
FNDA:3,_finishing
FNDA:24,_initializeState
FNDA:26,transition
FNDA:64,transition
DA:1,1
DA:2,1
DA:13,1
DA:15,1
DA:42,1
DA:43,24
DA:46,24
DA:49,24
DA:52,24
DA:55,24
DA:58,1
DA:65,1
DA:66,24
DA:67,4
DA:69,24
DA:70,11
DA:71,11
DA:78,1
DA:79,3
DA:80,3
DA:87,1
DA:88,13
DA:93,13
DA:96,1
DA:97,8
DA:136,1
DA:138,1
DA:139,24
DA:140,24
DA:141,24
DA:142,24
DA:143,24
DA:144,24
DA:145,24
DA:147,24
DA:151,1
DA:152,30
DA:154,30
DA:158,30
DA:159,10
DA:160,10
DA:161,0
DA:162,0
DA:168,20
DA:172,30
DA:173,3
DA:176,30
DA:177,30
DA:183,1
DA:184,11
DA:185,0
DA:186,0
DA:187,0
DA:192,1
DA:194,5
DA:200,5
DA:201,5
DA:203,0
DA:210,1
DA:211,218
DA:212,0
DA:213,0
DA:214,0
DA:222,1
DA:227,1
DA:228,3
DA:229,3
DA:230,3
DA:231,0
DA:232,0
DA:233,0
DA:235,3
DA:269,1
DA:270,24
DA:271,24
DA:272,24
DA:273,24
DA:278,1
DA:280,1
DA:281,26
DA:282,26
DA:284,26
DA:285,26
DA:286,26
DA:288,26
DA:289,26
DA:290,15
DA:291,11
DA:292,2
DA:300,1
DA:301,64
DA:302,64
DA:304,64
DA:305,64
DA:306,64
DA:307,18
DA:308,24
DA:309,1
DA:310,8
DA:311,0
DA:312,7
DA:313,0
DA:314,0
DA:315,6
DA:318,64
DA:325,15
DA:326,11
DA:327,11
DA:328,0
DA:331,4
DA:333,15
DA:345,7
DA:346,3
DA:347,4
DA:348,0
DA:349,4
DA:352,4
DA:354,7
DA:364,1
DA:365,0
DA:366,1
DA:367,1
DA:368,0
DA:371,0
DA:373,1
DA:385,24
DA:386,4
DA:387,20
DA:388,0
DA:392,24
DA:401,7
DA:402,2
DA:403,5
DA:406,0
DA:408,7
DA:421,2
DA:422,0
DA:423,2
DA:426,0
DA:428,2
DA:451,8
DA:455,0
DA:457,8
DA:463,64
DA:464,3
DA:473,64
DA:474,5
DA:476,5
DA:480,64
DA:481,8
DA:484,8
DA:485,0
DA:486,0
DA:492,8
DA:493,8
DA:494,8
DA:495,8
LF:157
LH:130
BRDA:1,1,0,0
BRDA:1,1,1,1
BRDA:46,2,0,24
BRDA:46,2,1,8
BRDA:158,3,0,10
BRDA:158,3,1,20
BRDA:160,4,0,0
BRDA:160,4,1,10
BRDA:172,5,0,3
BRDA:172,5,1,27
BRDA:176,6,0,30
BRDA:176,6,1,0
BRDA:184,7,0,0
BRDA:184,7,1,11
BRDA:200,8,0,5
BRDA:200,8,1,0
BRDA:211,9,0,0
BRDA:211,9,1,218
BRDA:230,10,0,0
BRDA:230,10,1,3
BRDA:230,11,0,3
BRDA:230,11,1,0
BRDA:230,11,2,0
BRDA:281,12,0,26
BRDA:281,12,1,0
BRDA:289,13,0,15
BRDA:289,13,1,11
BRDA:289,14,0,26
BRDA:289,14,1,20
BRDA:291,15,0,2
BRDA:291,15,1,9
BRDA:291,16,0,11
BRDA:291,16,1,6
BRDA:306,17,0,18
BRDA:306,17,1,24
BRDA:306,17,2,1
BRDA:306,17,3,8
BRDA:306,17,4,0
BRDA:306,17,5,7
BRDA:306,17,6,0
BRDA:306,17,7,0
BRDA:306,17,8,6
BRDA:318,18,0,15
BRDA:318,18,1,7
BRDA:318,18,2,1
BRDA:318,18,3,24
BRDA:318,18,4,7
BRDA:318,18,5,2
BRDA:318,18,6,8
BRDA:325,19,0,11
BRDA:325,19,1,4
BRDA:327,20,0,0
BRDA:327,20,1,11
BRDA:328,21,0,0
BRDA:328,21,1,0
BRDA:345,22,0,3
BRDA:345,22,1,4
BRDA:345,23,0,7
BRDA:345,23,1,3
BRDA:347,24,0,0
BRDA:347,24,1,4
BRDA:349,25,0,0
BRDA:349,25,1,4
BRDA:349,26,0,4
BRDA:349,26,1,4
BRDA:364,27,0,0
BRDA:364,27,1,1
BRDA:366,28,0,1
BRDA:366,28,1,0
BRDA:366,29,0,1
BRDA:366,29,1,1
BRDA:368,30,0,0
BRDA:368,30,1,0
BRDA:368,31,0,0
BRDA:368,31,1,0
BRDA:385,32,0,4
BRDA:385,32,1,20
BRDA:386,33,0,3
BRDA:386,33,1,1
BRDA:387,34,0,0
BRDA:387,34,1,20
BRDA:401,35,0,2
BRDA:401,35,1,5
BRDA:401,36,0,7
BRDA:401,36,1,7
BRDA:401,36,2,6
BRDA:403,37,0,5
BRDA:403,37,1,0
BRDA:403,38,0,5
BRDA:403,38,1,1
BRDA:403,38,2,1
BRDA:403,38,3,1
BRDA:421,39,0,0
BRDA:421,39,1,2
BRDA:421,40,0,2
BRDA:421,40,1,2
BRDA:421,40,2,1
BRDA:423,41,0,2
BRDA:423,41,1,0
BRDA:423,42,0,2
BRDA:423,42,1,1
BRDA:423,42,2,1
BRDA:423,42,3,0
BRDA:451,43,0,8
BRDA:451,43,1,0
BRDA:451,44,0,8
BRDA:451,44,1,8
BRDA:451,44,2,0
BRDA:451,44,3,0
BRDA:451,44,4,0
BRDA:451,44,5,0
BRDA:451,44,6,0
BRDA:463,45,0,3
BRDA:463,45,1,61
BRDA:463,46,0,64
BRDA:463,46,1,30
BRDA:463,46,2,30
BRDA:473,47,0,5
BRDA:473,47,1,59
BRDA:473,48,0,64
BRDA:473,48,1,7
BRDA:476,49,0,3
BRDA:476,49,1,2
BRDA:480,50,0,8
BRDA:480,50,1,56
BRDA:484,51,0,0
BRDA:484,51,1,8
BRF:127
BRH:91
end_of_record
TN:
SF:/data/upstream/node-http2/lib/endpoint.js
FN:15,Endpoint
FN:50,_writePrelude
FN:56,_readPrelude
FN:61,_temporalWrite
FN:119,_initializeDataFlow
FN:143,_read
FN:150,_write
FN:157,_initializeManagement
FN:161,createStream
FN:168,_initializeErrorHandling
FN:176,_error
FN:181,close
FNF:12
FNH:10
FNDA:4,Endpoint
FNDA:2,_writePrelude
FNDA:2,_readPrelude
FNDA:2,_temporalWrite
FNDA:4,_initializeDataFlow
FNDA:29,_read
FNDA:10,_write
FNDA:4,_initializeManagement
FNDA:1,createStream
FNDA:4,_initializeErrorHandling
FNDA:0,_error
FNDA:0,close
DA:1,1
DA:2,1
DA:3,1
DA:4,1
DA:5,1
DA:6,1
DA:7,1
DA:9,1
DA:15,1
DA:16,4
DA:19,4
DA:23,4
DA:24,2
DA:25,2
DA:26,2
DA:28,0
DA:34,4
DA:37,4
DA:40,4
DA:42,1
DA:47,1
DA:50,1
DA:51,2
DA:52,2
DA:56,1
DA:58,2
DA:61,2
DA:64,2
DA:65,2
DA:66,48
DA:67,0
DA:69,0
DA:70,0
DA:72,48
DA:77,2
DA:78,2
DA:79,2
DA:80,2
DA:81,2
DA:119,1
DA:120,4
DA:121,4
DA:122,2
DA:123,2
DA:124,2
DA:126,2
DA:127,2
DA:128,2
DA:131,4
DA:132,4
DA:133,4
DA:134,4
DA:135,4
DA:137,4
DA:138,4
DA:140,4
DA:143,1
DA:144,29
DA:145,29
DA:146,16
DA:150,1
DA:151,10
DA:157,1
DA:158,4
DA:161,1
DA:162,1
DA:168,1
DA:169,4
DA:170,4
DA:171,4
DA:172,4
DA:173,4
DA:176,1
DA:177,0
DA:178,0
DA:181,1
DA:182,0
LF:77
LH:70
BRDA:19,1,0,4
BRDA:19,1,1,0
BRDA:23,2,0,2
BRDA:23,2,1,2
BRDA:25,3,0,2
BRDA:25,3,1,0
BRDA:65,4,0,50
BRDA:65,4,1,48
BRDA:66,5,0,0
BRDA:66,5,1,48
BRDA:77,6,0,2
BRDA:77,6,1,0
BRDA:121,7,0,2
BRDA:121,7,1,2
BRDA:145,8,0,45
BRDA:145,8,1,45
BRF:16
BRH:12
end_of_record
TN:
SF:/data/upstream/node-http2/lib/framer.js
FN:5,noop
FN:25,Serializer
FN:34,_transform
FN:62,Deserializer
FN:74,(anonymous_5)
FN:85,_transform
FN:189,writeCommonHeader
FN:218,readCommonHeader
FN:263,writeData
FN:267,readData
FN:306,writeHeadersPriority
FN:316,readHeadersPriority
FN:346,writePriority
FN:352,readPriority
FN:378,writeRstStream
FN:386,readRstStream
FN:422,writeSettings
FN:424,(anonymous_18)
FN:442,readSettings
FN:506,writePushPromise
FN:514,readPushPromise
FN:538,writePing
FN:543,readPing
FN:578,writeGoaway
FN:591,readGoaway
FN:618,writeWindowUpdate
FN:625,readWindowUpdate
FN:654,(anonymous_28)
FN:667,(anonymous_29)
FN:683,(anonymous_30)
FN:691,(anonymous_31)
FNF:31
FNH:27
FNDA:123,noop
FNDA:5,Serializer
FNDA:18,_transform
FNDA:5,Deserializer
FNDA:41,(anonymous_5)
FNDA:25,_transform
FNDA:28,writeCommonHeader
FNDA:28,readCommonHeader
FNDA:4,writeData
FNDA:4,readData
FNDA:6,writeHeadersPriority
FNDA:6,readHeadersPriority
FNDA:2,writePriority
FNDA:2,readPriority
FNDA:2,writeRstStream
FNDA:2,readRstStream
FNDA:6,writeSettings
FNDA:18,(anonymous_18)
FNDA:6,readSettings
FNDA:2,writePushPromise
FNDA:2,readPushPromise
FNDA:2,writePing
FNDA:2,readPing
FNDA:2,writeGoaway
FNDA:2,readGoaway
FNDA:2,writeWindowUpdate
FNDA:2,readWindowUpdate
FNDA:0,(anonymous_28)
FNDA:0,(anonymous_29)
FNDA:0,(anonymous_30)
FNDA:0,(anonymous_31)
DA:5,1
DA:6,1
DA:8,1
DA:10,1
DA:11,1
DA:25,1
DA:26,5
DA:27,5
DA:29,1
DA:34,1
DA:35,18
DA:37,18
DA:39,18
DA:40,18
DA:41,18
DA:43,18
DA:44,38
DA:45,38
DA:48,18
DA:62,1
DA:63,5
DA:64,5
DA:65,5
DA:67,1
DA:74,1
DA:75,41
DA:76,41
DA:77,41
DA:78,41
DA:79,23
DA:85,1
DA:86,25
DA:88,25
DA:90,25
DA:93,48
DA:94,48
DA:95,48
DA:96,48
DA:103,48
DA:104,18
DA:105,18
DA:113,48
DA:114,18
DA:115,18
DA:116,18
DA:117,0
DA:118,0
DA:120,18
DA:121,18
DA:124,0
DA:126,18
DA:130,25
DA:178,1
DA:179,1
DA:181,1
DA:183,1
DA:185,1
DA:187,1
DA:189,1
DA:190,28
DA:192,28
DA:193,28
DA:194,30
DA:196,28
DA:197,28
DA:199,28
DA:200,28
DA:202,28
DA:203,28
DA:204,29
DA:205,29
DA:206,29
DA:207,5
DA:210,28
DA:212,28
DA:213,28
DA:215,28
DA:218,1
DA:219,28
DA:221,28
DA:223,28
DA:224,28
DA:225,28
DA:226,28
DA:227,38
DA:230,28
DA:257,1
DA:259,1
DA:261,1
DA:263,1
DA:264,4
DA:267,1
DA:268,4
DA:290,1
DA:292,1
DA:294,1
DA:306,1
DA:307,6
DA:308,2
DA:309,2
DA:310,2
DA:311,2
DA:313,6
DA:316,1
DA:317,6
DA:318,2
DA:319,2
DA:321,4
DA:332,1
DA:334,1
DA:336,1
DA:346,1
DA:347,2
DA:348,2
DA:349,2
DA:352,1
DA:353,2
DA:363,1
DA:365,1
DA:367,1
DA:378,1
DA:379,2
DA:380,2
DA:381,2
DA:382,2
DA:383,2
DA:386,1
DA:387,2
DA:398,1
DA:400,1
DA:402,1
DA:422,1
DA:423,6
DA:424,6
DA:425,18
DA:426,12
DA:427,12
DA:428,12
DA:431,6
DA:433,6
DA:434,6
DA:435,12
DA:436,12
DA:439,6
DA:442,1
DA:443,6
DA:445,6
DA:446,0
DA:448,6
DA:449,12
DA:450,12
DA:451,12
DA:452,12
DA:453,0
DA:455,12
DA:460,1
DA:464,1
DA:468,1
DA:474,1
DA:488,1
DA:490,1
DA:492,1
DA:506,1
DA:507,2
DA:508,2
DA:509,2
DA:510,2
DA:511,2
DA:514,1
DA:515,2
DA:516,2
DA:530,1
DA:532,1
DA:534,1
DA:538,1
DA:539,2
DA:540,2
DA:543,1
DA:544,2
DA:545,0
DA:547,2
DA:557,1
DA:559,1
DA:561,1
DA:578,1
DA:579,2
DA:581,2
DA:582,2
DA:584,2
DA:585,2
DA:586,2
DA:588,2
DA:591,1
DA:592,2
DA:593,2
DA:607,1
DA:609,1
DA:611,1
DA:618,1
DA:619,2
DA:620,2
DA:621,2
DA:622,2
DA:625,1
DA:626,2
DA:632,1
DA:653,1
DA:654,1
DA:655,0
DA:656,0
DA:659,0
DA:660,0
DA:663,0
DA:664,0
DA:666,0
DA:667,0
DA:668,0
DA:671,0
DA:672,0
DA:673,0
DA:675,0
DA:678,0
DA:679,0
DA:683,0
DA:684,0
DA:687,0
DA:691,1
DA:692,0
LF:228
LH:203
BRDA:5,1,0,0
BRDA:5,1,1,1
BRDA:26,2,0,5
BRDA:26,2,1,1
BRDA:63,3,0,5
BRDA:63,3,1,1
BRDA:78,4,0,23
BRDA:78,4,1,18
BRDA:103,5,0,18
BRDA:103,5,1,30
BRDA:103,6,0,48
BRDA:103,6,1,35
BRDA:113,7,0,18
BRDA:113,7,1,30
BRDA:113,8,0,48
BRDA:113,8,1,18
BRDA:114,9,0,18
BRDA:114,9,1,0
BRDA:116,10,0,0
BRDA:116,10,1,18
BRDA:206,11,0,5
BRDA:206,11,1,24
BRDA:213,12,0,28
BRDA:213,12,1,4
BRDA:307,13,0,2
BRDA:307,13,1,4
BRDA:309,14,0,2
BRDA:309,14,1,2
BRDA:317,15,0,2
BRDA:317,15,1,4
BRDA:381,16,0,2
BRDA:381,16,1,2
BRDA:425,17,0,12
BRDA:425,17,1,6
BRDA:428,18,0,4
BRDA:428,18,1,8
BRDA:445,19,0,0
BRDA:445,19,1,6
BRDA:452,20,0,0
BRDA:452,20,1,12
BRDA:452,21,0,12
BRDA:452,21,1,12
BRDA:455,22,0,4
BRDA:455,22,1,8
BRDA:508,23,0,2
BRDA:508,23,1,2
BRDA:539,24,0,2
BRDA:539,24,1,2
BRDA:544,25,0,0
BRDA:544,25,1,2
BRDA:581,26,0,2
BRDA:581,26,1,2
BRDA:585,27,0,2
BRDA:585,27,1,2
BRDA:620,28,0,2
BRDA:620,28,1,2
BRDA:655,29,0,0
BRDA:655,29,1,0
BRDA:659,30,0,0
BRDA:659,30,1,0
BRDA:671,31,0,0
BRDA:671,31,1,0
BRDA:672,32,0,0
BRDA:672,32,1,0
BRDA:678,33,0,0
BRDA:678,33,1,0
BRDA:683,34,0,0
BRDA:683,34,1,0
BRF:68
BRH:50
end_of_record
TN:
SF:/data/upstream/node-http2/lib/http.js
FN:131,IncomingMessage
FN:150,noop
FN:155,OutgoingMessage
FN:167,_write
FN:175,_finish
FN:183,setHeader
FN:191,removeHeader
FN:199,getHeader
FN:203,noop
FN:217,Server
FN:233,(anonymous_11)
FN:260,_start
FN:269,_onStream
FN:279,_fallback
FN:293,listen
FN:299,close
FN:304,createServer
FN:322,IncomingRequest
FN:328,_onHeaders
FN:394,OutgoingResponse
FN:406,writeHead
FN:432,_implicitHeaders
FN:438,write
FN:443,end
FN:448,_onRequestHeaders
FN:452,push
FN:493,Agent
FN:512,request
FN:552,(anonymous_29)
FN:560,negotiated
FN:577,(anonymous_31)
FN:590,get
FN:596,unbundleSocket
FN:609,request
FN:613,get
FN:620,OutgoingRequest
FN:630,_start
FN:656,_fallback
FN:667,setNoDelay
FN:673,setSocketKeepAlive
FN:679,setTimeout
FN:689,IncomingResponse
FN:696,_onHeaders
FN:722,_onPromise
FN:735,IncomingPromise
FN:737,noop
FN:751,cancel
FNF:47
FNH:30
FNDA:2,IncomingMessage
FNDA:0,noop
FNDA:2,OutgoingMessage
FNDA:1,_write
FNDA:2,_finish
FNDA:0,setHeader
FNDA:0,removeHeader
FNDA:0,getHeader
FNDA:0,noop
FNDA:1,Server
FNDA:1,(anonymous_11)
FNDA:1,_start
FNDA:1,_onStream
FNDA:0,_fallback
FNDA:1,listen
FNDA:0,close
FNDA:1,createServer
FNDA:1,IncomingRequest
FNDA:1,_onHeaders
FNDA:1,OutgoingResponse
FNDA:1,writeHead
FNDA:2,_implicitHeaders
FNDA:1,write
FNDA:1,end
FNDA:1,_onRequestHeaders
FNDA:0,push
FNDA:1,Agent
FNDA:1,request
FNDA:1,(anonymous_29)
FNDA:1,negotiated
FNDA:1,(anonymous_31)
FNDA:1,get
FNDA:1,unbundleSocket
FNDA:0,request
FNDA:1,get
FNDA:1,OutgoingRequest
FNDA:1,_start
FNDA:0,_fallback
FNDA:0,setNoDelay
FNDA:0,setSocketKeepAlive
FNDA:0,setTimeout
FNDA:1,IncomingResponse
FNDA:1,_onHeaders
FNDA:0,_onPromise
FNDA:0,IncomingPromise
FNDA:0,noop
FNDA:0,cancel
DA:102,1
DA:103,1
DA:104,1
DA:105,1
DA:106,1
DA:107,1
DA:108,1
DA:109,1
DA:110,1
DA:111,1
DA:112,1
DA:114,1
DA:115,1
DA:116,1
DA:120,1
DA:124,1
DA:131,1
DA:133,2
DA:134,2
DA:135,2
DA:137,2
DA:141,2
DA:142,2
DA:143,2
DA:146,2
DA:148,1
DA:150,1
DA:155,1
DA:157,2
DA:159,2
DA:160,2
DA:161,2
DA:163,2
DA:165,1
DA:167,1
DA:168,1
DA:169,1
DA:171,0
DA:175,1
DA:176,2
DA:177,1
DA:179,1
DA:183,1
DA:184,0
DA:185,0
DA:187,0
DA:191,1
DA:192,0
DA:193,0
DA:195,0
DA:199,1
DA:200,0
DA:203,1
DA:208,1
DA:209,1
DA:210,1
DA:211,1
DA:212,1
DA:217,1
DA:218,1
DA:220,1
DA:221,1
DA:223,1
DA:224,1
DA:227,1
DA:228,1
DA:229,1
DA:230,1
DA:231,1
DA:232,1
DA:233,1
DA:234,1
DA:235,1
DA:237,0
DA:240,1
DA:244,0
DA:245,0
DA:246,0
DA:251,0
DA:252,0
DA:255,1
DA:257,1
DA:260,1
DA:261,1
DA:262,1
DA:264,1
DA:266,1
DA:268,1
DA:269,1
DA:270,1
DA:271,1
DA:273,1
DA:276,1
DA:279,1
DA:280,0
DA:283,0
DA:284,0
DA:287,0
DA:293,1
DA:294,1
DA:296,1
DA:299,1
DA:300,0
DA:301,0
DA:304,1
DA:305,1
DA:306,0
DA:307,0
DA:310,1
DA:312,1
DA:313,1
DA:316,1
DA:322,1
DA:323,1
DA:325,1
DA:328,1
DA:332,1
DA:344,1
DA:350,1
DA:351,4
DA:352,4
DA:353,0
DA:354,0
DA:355,0
DA:357,4
DA:358,4
DA:364,1
DA:373,1
DA:374,7
DA:375,7
DA:376,0
DA:377,0
DA:378,0
DA:383,1
DA:386,1
DA:388,1
DA:394,1
DA:395,1
DA:397,1
DA:398,1
DA:399,1
DA:400,1
DA:402,1
DA:404,1
DA:406,1
DA:407,1
DA:408,0
DA:410,1
DA:413,1
DA:415,1
DA:416,0
DA:419,1
DA:420,1
DA:423,1
DA:425,1
DA:427,1
DA:429,1
DA:432,1
DA:433,2
DA:434,1
DA:438,1
DA:439,1
DA:440,1
DA:443,1
DA:444,1
DA:445,1
DA:448,1
DA:449,1
DA:452,1
DA:453,0
DA:454,0
DA:458,0
DA:459,0
DA:462,0
DA:463,0
DA:466,0
DA:473,0
DA:474,0
DA:476,0
DA:482,1
DA:483,1
DA:484,1
DA:485,1
DA:486,1
DA:487,1
DA:488,1
DA:493,1
DA:494,1
DA:496,1
DA:498,1
DA:499,1
DA:500,1
DA:506,1
DA:510,1
DA:512,1
DA:513,1
DA:514,1
DA:517,1
DA:518,1
DA:519,1
DA:520,1
DA:521,1
DA:523,1
DA:524,0
DA:525,0
DA:528,1
DA:530,1
DA:531,1
DA:534,1
DA:537,1
DA:538,0
DA:539,0
DA:548,1
DA:549,1
DA:550,1
DA:551,1
DA:552,1
DA:553,1
DA:554,0
DA:556,1
DA:560,1
DA:561,1
DA:562,1
DA:563,1
DA:564,1
DA:565,1
DA:566,1
DA:567,1
DA:568,1
DA:569,1
DA:570,1
DA:572,0
DA:577,1
DA:578,1
DA:579,1
DA:580,1
DA:582,0
DA:587,1
DA:590,1
DA:591,1
DA:592,1
DA:593,1
DA:596,1
DA:597,1
DA:598,1
DA:599,1
DA:600,1
DA:601,1
DA:602,1
DA:603,1
DA:604,1
DA:607,1
DA:609,1
DA:610,0
DA:613,1
DA:614,1
DA:620,1
DA:621,1
DA:623,1
DA:624,1
DA:625,1
DA:626,1
DA:628,1
DA:630,1
DA:631,1
DA:632,1
DA:634,1
DA:636,1
DA:637,1
DA:638,0
DA:640,1
DA:641,1
DA:642,1
DA:643,1
DA:644,1
DA:646,1
DA:648,1
DA:650,1
DA:652,1
DA:653,1
DA:656,1
DA:657,0
DA:659,0
DA:660,0
DA:661,0
DA:663,0
DA:667,1
DA:668,0
DA:669,0
DA:673,1
DA:674,0
DA:675,0
DA:679,1
DA:680,0
DA:681,0
DA:689,1
DA:690,1
DA:691,1
DA:693,1
DA:696,1
DA:700,1
DA:708,1
DA:709,1
DA:710,0
DA:711,0
DA:712,0
DA:714,1
DA:715,1
DA:718,1
DA:719,1
DA:722,1
DA:723,0
DA:725,0
DA:726,0
DA:728,0
DA:735,1
DA:736,0
DA:737,0
DA:738,0
DA:740,0
DA:742,0
DA:744,0
DA:746,0
DA:747,0
DA:749,1
DA:751,1
DA:752,0
LF:327
LH:251
BRDA:168,1,0,1
BRDA:168,1,1,0
BRDA:176,2,0,1
BRDA:176,2,1,1
BRDA:184,3,0,0
BRDA:184,3,1,0
BRDA:192,4,0,0
BRDA:192,4,1,0
BRDA:218,5,0,1
BRDA:218,5,1,0
BRDA:220,6,0,1
BRDA:220,6,1,1
BRDA:227,7,0,1
BRDA:227,7,1,0
BRDA:227,8,0,1
BRDA:227,8,1,1
BRDA:227,8,2,0
BRDA:234,9,0,1
BRDA:234,9,1,0
BRDA:244,10,0,0
BRDA:244,10,1,0
BRDA:294,11,0,0
BRDA:294,11,1,1
BRDA:305,12,0,0
BRDA:305,12,1,1
BRDA:312,13,0,1
BRDA:312,13,1,0
BRDA:352,14,0,0
BRDA:352,14,1,4
BRDA:352,15,0,4
BRDA:352,15,1,4
BRDA:375,16,0,0
BRDA:375,16,1,7
BRDA:407,17,0,0
BRDA:407,17,1,1
BRDA:413,18,0,1
BRDA:413,18,1,1
BRDA:419,19,0,1
BRDA:419,19,1,0
BRDA:419,20,0,1
BRDA:419,20,1,1
BRDA:433,21,0,1
BRDA:433,21,1,1
BRDA:453,22,0,0
BRDA:453,22,1,0
BRDA:458,23,0,0
BRDA:458,23,1,0
BRDA:462,24,0,0
BRDA:462,24,1,0
BRDA:467,25,0,0
BRDA:467,25,1,0
BRDA:468,26,0,0
BRDA:468,26,1,0
BRDA:469,27,0,0
BRDA:469,27,1,0
BRDA:469,27,2,0
BRDA:496,28,0,1
BRDA:496,28,1,1
BRDA:499,29,0,1
BRDA:499,29,1,1
BRDA:513,30,0,1
BRDA:513,30,1,0
BRDA:517,31,0,1
BRDA:517,31,1,1
BRDA:518,32,0,1
BRDA:518,32,1,0
BRDA:519,33,0,1
BRDA:519,33,1,0
BRDA:519,33,2,0
BRDA:520,34,0,1
BRDA:520,34,1,0
BRDA:521,35,0,1
BRDA:521,35,1,0
BRDA:523,36,0,0
BRDA:523,36,1,1
BRDA:530,37,0,1
BRDA:530,37,1,0
BRDA:537,38,0,0
BRDA:537,38,1,1
BRDA:553,39,0,0
BRDA:553,39,1,1
BRDA:561,40,0,1
BRDA:561,40,1,0
BRDA:562,41,0,1
BRDA:562,41,1,0
BRDA:579,42,0,1
BRDA:579,42,1,0
BRDA:631,43,0,1
BRDA:631,43,1,0
BRDA:631,44,0,1
BRDA:631,44,1,0
BRDA:647,45,0,1
BRDA:647,45,1,1
BRDA:668,46,0,0
BRDA:668,46,1,0
BRDA:674,47,0,0
BRDA:674,47,1,0
BRDA:680,48,0,0
BRDA:680,48,1,0
BRDA:709,49,0,0
BRDA:709,49,1,1
BRDA:709,50,0,1
BRDA:709,50,1,1
BRDA:725,51,0,0
BRDA:725,51,1,0
BRF:105
BRH:50
end_of_record
