TN:
SF:/data/upstream/node-http2/lib/http.js
FN:164,noop
FN:173,(anonymous_2)
FN:182,IncomingMessage
FN:211,_onHeaders
FN:234,(anonymous_5)
FN:239,_onEnd
FN:245,_checkSpecialHeader
FN:258,OutgoingMessage
FN:270,_write
FN:278,_finish
FN:293,setHeader
FN:305,removeHeader
FN:313,getHeader
FN:317,addTrailers
FN:337,Server
FN:355,(anonymous_16)
FN:384,_start
FN:395,_onStream
FN:408,_fallback
FN:426,listen
FN:432,close
FN:437,setTimeout
FN:444,getTimeout
FN:451,setTimeout
FN:462,on
FN:471,addContext
FN:477,createServer
FN:495,IncomingRequest
FN:504,_onHeaders
FN:535,OutgoingResponse
FN:548,writeHead
FN:572,_implicitHeaders
FN:578,write
FN:583,end
FN:588,_onRequestHeaders
FN:592,push
FN:619,on
FN:635,request
FN:638,get
FN:645,Agent
FN:668,request
FN:725,(anonymous_42)
FN:735,negotiated
FN:763,(anonymous_44)
FN:776,get
FN:782,unbundleSocket
FN:794,getMaxSockets
FN:797,setMaxSockets
FN:807,OutgoingRequest
FN:816,_start
FN:850,_fallback
FN:856,setPriority
FN:866,on
FN:875,setNoDelay
FN:883,setSocketKeepAlive
FN:891,setTimeout
FN:900,abort
FN:911,_onPromise
FN:926,IncomingResponse
FN:935,_onHeaders
FN:956,IncomingPromise
FN:975,cancel
FN:979,setPriority
FNF:63
FNH:59
FNDA:2,noop
FNDA:3,(anonymous_2)
FNDA:24,IncomingMessage
FNDA:24,_onHeaders
FNDA:2,(anonymous_5)
FNDA:24,_onEnd
FNDA:60,_checkSpecialHeader
FNDA:27,OutgoingMessage
FNDA:13,_write
FNDA:31,_finish
FNDA:4,setHeader
FNDA:1,removeHeader
FNDA:3,getHeader
FNDA:2,addTrailers
FNDA:13,Server
FNDA:9,(anonymous_16)
FNDA:9,_start
FNDA:10,_onStream
FNDA:1,_fallback
FNDA:9,listen
FNDA:4,close
FNDA:1,setTimeout
FNDA:1,getTimeout
FNDA:1,setTimeout
FNDA:9,on
FNDA:0,addContext
FNDA:10,createServer
FNDA:12,IncomingRequest
FNDA:12,_onHeaders
FNDA:12,OutgoingResponse
FNDA:12,writeHead
FNDA:23,_implicitHeaders
FNDA:11,write
FNDA:12,end
FNDA:10,_onRequestHeaders
FNDA:2,push
FNDA:12,on
FNDA:4,request
FNDA:7,get
FNDA:4,Agent
FNDA:12,request
FNDA:9,(anonymous_42)
FNDA:9,negotiated
FNDA:9,(anonymous_44)
FNDA:7,get
FNDA:8,unbundleSocket
FNDA:1,getMaxSockets
FNDA:1,setMaxSockets
FNDA:15,OutgoingRequest
FNDA:10,_start
FNDA:5,_fallback
FNDA:0,setPriority
FNDA:40,on
FNDA:3,setNoDelay
FNDA:3,setSocketKeepAlive
FNDA:3,setTimeout
FNDA:3,abort
FNDA:2,_onPromise
FNDA:12,IncomingResponse
FNDA:12,_onHeaders
FNDA:2,IncomingPromise
FNDA:0,cancel
FNDA:0,setPriority
DA:131,1
DA:132,1
DA:133,1
DA:134,1
DA:135,1
DA:136,1
DA:137,1
DA:138,1
DA:139,1
DA:140,1
DA:141,1
DA:143,1
DA:144,1
DA:145,1
DA:147,1
DA:158,1
DA:164,1
DA:165,1
DA:173,3
DA:177,1
DA:182,1
DA:184,24
DA:185,24
DA:186,24
DA:188,24
DA:192,24
DA:193,24
DA:194,24
DA:197,24
DA:198,24
DA:199,24
DA:202,24
DA:203,24
DA:205,1
DA:211,1
DA:216,24
DA:217,168
DA:218,168
DA:219,0
DA:220,0
DA:221,0
DA:226,24
DA:227,73
DA:228,13
DA:233,24
DA:234,24
DA:235,2
DA:239,1
DA:240,24
DA:243,1
DA:245,1
DA:246,60
DA:247,0
DA:248,0
DA:251,60
DA:258,1
DA:260,27
DA:262,27
DA:263,27
DA:264,27
DA:266,27
DA:268,1
DA:270,1
DA:271,13
DA:272,12
DA:274,1
DA:278,1
DA:279,31
DA:280,23
DA:281,2
DA:282,0
DA:284,2
DA:287,23
DA:289,8
DA:293,1
DA:294,4
DA:295,0
DA:297,4
DA:298,4
DA:299,0
DA:301,4
DA:305,1
DA:306,1
DA:307,0
DA:309,1
DA:313,1
DA:314,3
DA:317,1
DA:318,2
DA:321,1
DA:323,1
DA:328,1
DA:329,1
DA:330,1
DA:331,1
DA:332,1
DA:337,1
DA:338,13
DA:340,13
DA:341,13
DA:343,13
DA:344,13
DA:347,13
DA:348,10
DA:349,10
DA:350,10
DA:351,10
DA:352,10
DA:353,10
DA:354,10
DA:355,10
DA:356,9
DA:357,9
DA:358,8
DA:360,1
DA:363,10
DA:367,3
DA:368,1
DA:369,1
DA:370,1
DA:375,2
DA:376,2
DA:379,11
DA:381,1
DA:384,1
DA:385,9
DA:387,9
DA:392,9
DA:394,9
DA:395,9
DA:396,10
DA:397,10
DA:399,10
DA:402,9
DA:403,9
DA:405,9
DA:408,1
DA:409,1
DA:411,1
DA:416,1
DA:417,1
DA:420,1
DA:426,1
DA:427,9
DA:429,9
DA:432,1
DA:433,4
DA:434,4
DA:437,1
DA:438,1
DA:439,1
DA:443,1
DA:445,1
DA:446,1
DA:448,0
DA:452,1
DA:453,1
DA:462,1
DA:463,9
DA:464,0
DA:466,9
DA:471,1
DA:472,0
DA:473,0
DA:477,1
DA:478,10
DA:479,1
DA:480,1
DA:483,10
DA:485,9
DA:486,9
DA:489,9
DA:495,1
DA:496,12
DA:498,1
DA:504,1
DA:515,12
DA:516,12
DA:517,12
DA:518,12
DA:521,12
DA:524,12
DA:527,12
DA:529,12
DA:535,1
DA:536,12
DA:538,12
DA:540,12
DA:541,12
DA:542,12
DA:544,12
DA:546,1
DA:548,1
DA:549,12
DA:550,1
DA:552,11
DA:555,12
DA:556,1
DA:558,12
DA:560,12
DA:561,11
DA:564,12
DA:566,12
DA:568,12
DA:569,12
DA:572,1
DA:573,23
DA:574,11
DA:578,1
DA:579,11
DA:580,11
DA:583,1
DA:584,12
DA:585,12
DA:588,1
DA:589,10
DA:592,1
DA:593,2
DA:594,1
DA:597,2
DA:598,0
DA:601,2
DA:608,2
DA:612,2
DA:614,2
DA:619,1
DA:620,12
DA:621,0
DA:623,12
DA:630,1
DA:631,1
DA:632,1
DA:633,1
DA:634,1
DA:635,1
DA:636,4
DA:638,1
DA:639,7
DA:645,1
DA:646,4
DA:648,4
DA:650,4
DA:651,4
DA:652,4
DA:658,4
DA:659,4
DA:660,4
DA:661,4
DA:663,4
DA:664,4
DA:666,1
DA:668,1
DA:669,12
DA:670,8
DA:672,4
DA:675,12
DA:676,12
DA:677,12
DA:678,12
DA:679,12
DA:681,12
DA:682,1
DA:683,1
DA:686,11
DA:688,11
DA:689,7
DA:692,11
DA:699,11
DA:700,1
DA:701,1
DA:705,10
DA:706,1
DA:707,1
DA:712,1
DA:713,1
DA:718,9
DA:719,9
DA:720,9
DA:721,9
DA:722,9
DA:723,9
DA:725,9
DA:726,9
DA:727,9
DA:728,0
DA:730,9
DA:734,9
DA:735,1
DA:736,9
DA:737,9
DA:738,9
DA:739,8
DA:740,8
DA:741,8
DA:742,8
DA:743,8
DA:745,9
DA:746,1
DA:747,1
DA:749,0
DA:752,8
DA:753,7
DA:755,7
DA:756,7
DA:758,1
DA:763,9
DA:764,9
DA:765,9
DA:766,8
DA:768,1
DA:773,11
DA:776,1
DA:777,7
DA:778,7
DA:779,7
DA:782,1
DA:783,8
DA:784,8
DA:785,8
DA:786,8
DA:787,8
DA:788,8
DA:789,8
DA:790,8
DA:793,1
DA:795,1
DA:798,1
DA:802,1
DA:807,1
DA:808,15
DA:810,15
DA:812,15
DA:814,1
DA:816,1
DA:817,10
DA:819,10
DA:821,10
DA:822,1
DA:824,10
DA:825,10
DA:827,10
DA:828,0
DA:831,10
DA:832,10
DA:833,10
DA:834,10
DA:836,10
DA:839,10
DA:840,10
DA:842,10
DA:844,10
DA:845,10
DA:847,10
DA:850,1
DA:851,5
DA:852,5
DA:853,5
DA:856,1
DA:857,0
DA:858,0
DA:860,0
DA:866,1
DA:867,40
DA:868,0
DA:870,40
DA:875,1
DA:876,3
DA:877,1
DA:878,2
DA:879,1
DA:883,1
DA:884,3
DA:885,1
DA:886,2
DA:887,1
DA:891,1
DA:892,3
DA:893,1
DA:894,2
DA:895,1
DA:900,1
DA:901,3
DA:902,1
DA:903,2
DA:904,1
DA:906,1
DA:911,1
DA:912,2
DA:914,2
DA:916,2
DA:917,2
DA:919,0
DA:926,1
DA:927,12
DA:929,1
DA:935,1
DA:943,12
DA:946,12
DA:949,12
DA:950,12
DA:956,1
DA:957,2
DA:958,2
DA:959,2
DA:960,2
DA:962,2
DA:964,2
DA:966,2
DA:968,2
DA:969,2
DA:971,2
DA:973,1
DA:975,1
DA:976,0
DA:979,1
DA:980,0
DA:983,1
LF:417
LH:392
BRDA:218,1,0,0
BRDA:218,1,1,168
BRDA:227,2,0,13
BRDA:227,2,1,60
BRDA:246,3,0,0
BRDA:246,3,1,60
BRDA:246,4,0,60
BRDA:246,4,1,60
BRDA:271,5,0,12
BRDA:271,5,1,1
BRDA:279,6,0,23
BRDA:279,6,1,8
BRDA:280,7,0,2
BRDA:280,7,1,21
BRDA:281,8,0,0
BRDA:281,8,1,2
BRDA:294,9,0,0
BRDA:294,9,1,4
BRDA:298,10,0,0
BRDA:298,10,1,4
BRDA:306,11,0,0
BRDA:306,11,1,1
BRDA:340,12,0,13
BRDA:340,12,1,2
BRDA:347,13,0,10
BRDA:347,13,1,3
BRDA:347,14,0,13
BRDA:347,14,1,10
BRDA:347,14,2,3
BRDA:356,15,0,9
BRDA:356,15,1,9
BRDA:357,16,0,8
BRDA:357,16,1,1
BRDA:357,17,0,9
BRDA:357,17,1,8
BRDA:367,18,0,1
BRDA:367,18,1,2
BRDA:409,19,0,1
BRDA:409,19,1,1
BRDA:427,20,0,0
BRDA:427,20,1,9
BRDA:438,21,0,1
BRDA:438,21,1,0
BRDA:445,22,0,1
BRDA:445,22,1,0
BRDA:452,23,0,1
BRDA:452,23,1,0
BRDA:463,24,0,0
BRDA:463,24,1,9
BRDA:463,25,0,9
BRDA:463,25,1,9
BRDA:464,26,0,0
BRDA:464,26,1,0
BRDA:472,27,0,0
BRDA:472,27,1,0
BRDA:478,28,0,1
BRDA:478,28,1,9
BRDA:485,29,0,9
BRDA:485,29,1,0
BRDA:549,30,0,1
BRDA:549,30,1,11
BRDA:560,31,0,11
BRDA:560,31,1,1
BRDA:560,32,0,12
BRDA:560,32,1,11
BRDA:573,33,0,11
BRDA:573,33,1,12
BRDA:593,34,0,1
BRDA:593,34,1,1
BRDA:597,35,0,0
BRDA:597,35,1,2
BRDA:602,36,0,2
BRDA:602,36,1,2
BRDA:603,37,0,2
BRDA:603,37,1,1
BRDA:603,37,2,1
BRDA:604,38,0,2
BRDA:604,38,1,2
BRDA:604,38,2,2
BRDA:620,39,0,0
BRDA:620,39,1,12
BRDA:620,40,0,12
BRDA:620,40,1,0
BRDA:621,41,0,0
BRDA:621,41,1,0
BRDA:636,42,0,4
BRDA:636,42,1,4
BRDA:639,43,0,7
BRDA:639,43,1,7
BRDA:651,44,0,4
BRDA:651,44,1,1
BRDA:669,45,0,8
BRDA:669,45,1,4
BRDA:675,46,0,12
BRDA:675,46,1,12
BRDA:676,47,0,12
BRDA:676,47,1,3
BRDA:677,48,0,12
BRDA:677,48,1,4
BRDA:677,48,2,1
BRDA:678,49,0,12
BRDA:678,49,1,1
BRDA:679,50,0,12
BRDA:679,50,1,1
BRDA:681,51,0,1
BRDA:681,51,1,11
BRDA:681,52,0,12
BRDA:681,52,1,11
BRDA:688,53,0,7
BRDA:688,53,1,4
BRDA:699,54,0,1
BRDA:699,54,1,10
BRDA:705,55,0,1
BRDA:705,55,1,9
BRDA:726,56,0,9
BRDA:726,56,1,9
BRDA:727,57,0,0
BRDA:727,57,1,9
BRDA:737,58,0,9
BRDA:737,58,1,9
BRDA:738,59,0,8
BRDA:738,59,1,1
BRDA:745,60,0,1
BRDA:745,60,1,8
BRDA:746,61,0,1
BRDA:746,61,1,0
BRDA:752,62,0,7
BRDA:752,62,1,1
BRDA:765,63,0,8
BRDA:765,63,1,1
BRDA:827,64,0,0
BRDA:827,64,1,10
BRDA:838,65,0,10
BRDA:838,65,1,9
BRDA:857,66,0,0
BRDA:857,66,1,0
BRDA:867,67,0,0
BRDA:867,67,1,40
BRDA:867,68,0,40
BRDA:867,68,1,0
BRDA:868,69,0,0
BRDA:868,69,1,0
BRDA:876,70,0,1
BRDA:876,70,1,2
BRDA:878,71,0,1
BRDA:878,71,1,1
BRDA:884,72,0,1
BRDA:884,72,1,2
BRDA:886,73,0,1
BRDA:886,73,1,1
BRDA:892,74,0,1
BRDA:892,74,1,2
BRDA:894,75,0,1
BRDA:894,75,1,1
BRDA:901,76,0,1
BRDA:901,76,1,2
BRDA:903,77,0,1
BRDA:903,77,1,1
BRDA:916,78,0,2
BRDA:916,78,1,0
BRF:160
BRH:129
end_of_record
